╔════════════════════════════════════════════════╗
║      Optimal Solver - Starting from Scratch    ║
╚════════════════════════════════════════════════╝

Map: starting_simple.txt
Initial Temperature: 100000.0
Cooling Rate: 0.999995
Max Iterations: 100000000
Budget: $200

Grid: 7x5
Found 17 valid command locations:
  [1,0] building (2 floors)
  [2,0] building (2 floors)
  [3,0] building (2 floors)
  [5,0] P (1 floor)
  [2,1] building (2 floors)
  [3,1] P (1 floor)
  [5,1] building (2 floors)
  [1,2] building (2 floors)
  [3,2] building (2 floors)
  [5,2] building (2 floors)
  [2,3] building (2 floors)
  [3,3] building (2 floors)
  [5,3] P (1 floor)
  [1,4] building (2 floors)
  [3,4] building (2 floors)
  [4,4] building (2 floors)
  [5,4] building (2 floors)

Starting from EMPTY grid: Score=7062
Beginning optimization...

Iter      | Temp     | Current    | Best       | Accept | Cost  | Commands
─────────────────────────────────────────────────────────────────────────────────────
        7 |  99997.0 |       8062 |       8062 |      7 | $ 40 |        2  ✨ NEW BEST! (0s)
        9 |  99996.0 |      10062 |      10062 |      9 | $ 70 |        3  ✨ NEW BEST! (0s)
       15 |  99993.0 |      10562 |      10562 |     15 | $ 40 |        2  ✨ NEW BEST! (0s)
       27 |  99987.0 |      11062 |      11062 |     27 | $ 60 |        4  ✨ NEW BEST! (0s)
       29 |  99986.0 |      11312 |      11312 |     29 | $ 90 |        5  ✨ NEW BEST! (0s)
       30 |  99985.5 |      12812 |      12812 |     30 | $ 90 |        5  ✨ NEW BEST! (0s)
       31 |  99985.0 |      13312 |      13312 |     31 | $100 |        6  ✨ NEW BEST! (0s)
       45 |  99978.0 |      13750 |      13750 |     45 | $130 |        6  ✨ NEW BEST! (0s)
      291 |  99855.1 |      15562 |      15562 |    289 | $150 |        8  ✨ NEW BEST! (0s)
      293 |  99854.1 |      18500 |      18500 |    291 | $170 |        9  ✨ NEW BEST! (0s)
     1418 |  99294.0 |      19750 |      19750 |   1411 | $180 |       10  ✨ NEW BEST! (0s)
     4084 |  97979.2 |      26500 |      26500 |   4067 | $150 |        8  ✨ NEW BEST! (0s)
     4086 |  97978.2 |      27500 |      27500 |   4069 | $170 |        8  ✨ NEW BEST! (0s)
     5000 |  97531.5 |       7062 |      27500 |   4979 | $ 40 |        3  (0s)
    10000 |  95123.4 |       9312 |      27500 |   9960 | $ 60 |        2  (0s)
    15000 |  92774.8 |       7062 |      27500 |  14940 | $ 40 |        2  (0s)
    20000 |  90484.2 |       5250 |      27500 |  19924 | $ 90 |        6  (0s)
    25000 |  88250.1 |       5062 |      27500 |  24895 | $ 30 |        2  (0s)
    30000 |  86071.2 |       7562 |      27500 |  29874 | $ 50 |        3  (0s)
    35000 |  83946.1 |       7062 |      27500 |  34854 | $ 60 |        3  (0s)
    40000 |  81873.4 |       7062 |      27500 |  39838 | $ 10 |        1  (0s)
    45000 |  79852.0 |       9875 |      27500 |  44820 | $170 |        6  (0s)
    50000 |  77880.4 |       7187 |      27500 |  49800 | $ 40 |        4  (0s)
    55000 |  75957.5 |       7406 |      27500 |  54772 | $ 40 |        2  (0s)
    60000 |  74082.1 |       8250 |      27500 |  59745 | $120 |        8  (0s)
    65000 |  72253.0 |       4562 |      27500 |  64725 | $ 50 |        5  (0s)
    70000 |  70469.1 |       7750 |      27500 |  69699 | $ 80 |        5  (0s)
    75000 |  68729.2 |       9562 |      27500 |  74680 | $ 50 |        3  (0s)
    80000 |  67032.3 |       7062 |      27500 |  79655 | $  0 |        0  (0s)
    85000 |  65377.2 |       7062 |      27500 |  84636 | $  0 |        0  (0s)
    90000 |  63763.1 |       2500 |      27500 |  89604 | $ 20 |        2  (0s)
    95000 |  62188.7 |       7062 |      27500 |  94569 | $ 30 |        1  (0s)
   100000 |  60653.3 |       7562 |      27500 |  99532 | $ 60 |        4  (0s)
   105000 |  59155.8 |       9062 |      27500 | 104507 | $ 80 |        4  (0s)
   110000 |  57695.2 |      12000 |      27500 | 109478 | $120 |        7  (0s)
   115000 |  56270.7 |       7562 |      27500 | 114448 | $ 50 |        3  (0s)
   117777 |  55494.8 |      33250 |      33250 | 117214 | $190 |       12  ✨ NEW BEST! (0s)
   120000 |  54881.4 |       6062 |      33250 | 119418 | $ 50 |        3  (0s)
   125000 |  53526.3 |       5312 |      33250 | 124383 | $170 |       11  (0s)
   130000 |  52204.8 |       4937 |      33250 | 129352 | $ 10 |        1  (0s)
   135000 |  50915.8 |       9687 |      33250 | 134317 | $170 |        8  (0s)
   140000 |  49658.7 |       4687 |      33250 | 139291 | $100 |        4  (0s)
   145000 |  48432.6 |       6562 |      33250 | 144263 | $200 |       11  (0s)
   150000 |  47236.8 |       8562 |      33250 | 149223 | $ 70 |        3  (1s)
   155000 |  46070.5 |       7062 |      33250 | 154187 | $  0 |        0  (1s)
   160000 |  44933.0 |       9062 |      33250 | 159153 | $ 60 |        2  (1s)
   165000 |  43823.6 |       7062 |      33250 | 164118 | $ 20 |        2  (1s)
   170000 |  42741.6 |       7062 |      33250 | 169083 | $  0 |        0  (1s)
   175000 |  41686.3 |       7062 |      33250 | 174055 | $ 30 |        1  (1s)
   180000 |  40657.1 |       6406 |      33250 | 179015 | $ 20 |        2  (1s)
   185000 |  39653.2 |      12500 |      33250 | 183986 | $ 60 |        6  (1s)
   190000 |  38674.2 |       7062 |      33250 | 188953 | $ 90 |        4  (1s)
   195000 |  37719.3 |       6250 |      33250 | 193912 | $ 20 |        2  (1s)
   200000 |  36788.0 |       7250 |      33250 | 198880 | $120 |        7  (1s)
   205000 |  35879.7 |       5062 |      33250 | 203831 | $100 |        5  (1s)
   210000 |  34993.9 |       5062 |      33250 | 208785 | $ 70 |        4  (1s)
   215000 |  34129.9 |       8812 |      33250 | 213743 | $ 60 |        4  (1s)
   220000 |  33287.2 |       7062 |      33250 | 218698 | $  0 |        0  (1s)
   225000 |  32465.3 |       7062 |      33250 | 223637 | $  0 |        0  (1s)
   230000 |  31663.7 |       8750 |      33250 | 228582 | $ 60 |        5  (1s)
   235000 |  30882.0 |       7062 |      33250 | 233521 | $ 50 |        3  (1s)
   240000 |  30119.5 |      10750 |      33250 | 238470 | $ 60 |        4  (1s)
   245000 |  29375.8 |       9062 |      33250 | 243404 | $ 90 |        3  (1s)
   250000 |  28650.5 |       7062 |      33250 | 248347 | $ 10 |        1  (1s)
   255000 |  27943.1 |       8062 |      33250 | 253302 | $ 30 |        1  (1s)
   260000 |  27253.2 |       7312 |      33250 | 258251 | $ 40 |        2  (1s)
   265000 |  26580.3 |       5500 |      33250 | 263184 | $ 80 |        6  (1s)
   270000 |  25924.1 |      10000 |      33250 | 268100 | $ 80 |        4  (1s)
   275000 |  25284.0 |       9062 |      33250 | 273039 | $ 80 |        6  (1s)
   280000 |  24659.7 |       7687 |      33250 | 277986 | $200 |       10  (1s)
   285000 |  24050.9 |       7062 |      33250 | 282911 | $  0 |        0  (1s)
   290000 |  23457.1 |       9750 |      33250 | 287829 | $ 80 |        5  (1s)
   295000 |  22877.9 |       9000 |      33250 | 292761 | $130 |        7  (1s)
   300000 |  22313.0 |       8750 |      33250 | 297677 | $100 |        8  (1s)
   305000 |  21762.1 |       7062 |      33250 | 302587 | $ 10 |        1  (1s)
   310000 |  21224.8 |       5625 |      33250 | 307519 | $130 |        7  (1s)
   315000 |  20700.8 |       7062 |      33250 | 312448 | $  0 |        0  (1s)
   315304 |  20669.3 |      37250 |      37250 | 312739 | $ 90 |        5  ✨ NEW BEST! (1s)
   320000 |  20189.7 |      10062 |      37250 | 317350 | $150 |        7  (1s)
   325000 |  19691.2 |       8062 |      37250 | 322265 | $ 30 |        1  (1s)
   330000 |  19205.0 |       6000 |      37250 | 327164 | $150 |        7  (1s)
   335000 |  18730.8 |       7062 |      37250 | 332091 | $  0 |        0  (2s)
   340000 |  18268.4 |       7062 |      37250 | 337006 | $  0 |        0  (2s)
   345000 |  17817.3 |      11000 |      37250 | 341907 | $110 |        6  (2s)
   350000 |  17377.4 |       7812 |      37250 | 346791 | $ 60 |        3  (2s)
   355000 |  16948.4 |      13750 |      37250 | 351693 | $190 |        9  (2s)
   360000 |  16529.9 |      10062 |      37250 | 356558 | $ 90 |        5  (2s)
   365000 |  16121.8 |       6937 |      37250 | 361452 | $ 70 |        4  (2s)
   370000 |  15723.7 |       7062 |      37250 | 366338 | $  0 |        0  (2s)
   375000 |  15335.5 |       7062 |      37250 | 371232 | $ 40 |        2  (2s)
   380000 |  14956.9 |       7562 |      37250 | 376117 | $ 60 |        3  (2s)
   385000 |  14587.6 |       7000 |      37250 | 380998 | $120 |        9  (2s)
   390000 |  14227.4 |       9125 |      37250 | 385872 | $140 |       10  (2s)
   395000 |  13876.1 |       9250 |      37250 | 390732 | $100 |        7  (2s)
   400000 |  13533.5 |       7062 |      37250 | 395618 | $  0 |        0  (2s)
   405000 |  13199.4 |       9500 |      37250 | 400516 | $ 60 |        3  (2s)
   410000 |  12873.5 |      10312 |      37250 | 405376 | $130 |        8  (2s)
   415000 |  12555.6 |       9562 |      37250 | 410235 | $ 10 |        1  (2s)
   420000 |  12245.6 |       8875 |      37250 | 415093 | $140 |        6  (2s)
   425000 |  11943.3 |       6250 |      37250 | 419951 | $ 10 |        1  (2s)
   430000 |  11648.4 |       7062 |      37250 | 424827 | $ 70 |        4  (2s)
   435000 |  11360.8 |       7062 |      37250 | 429680 | $ 30 |        1  (2s)
   440000 |  11080.3 |       7250 |      37250 | 434528 | $100 |        5  (2s)
   445000 |  10806.7 |       8625 |      37250 | 439356 | $ 90 |        5  (2s)
   450000 |  10539.9 |       8062 |      37250 | 444198 | $120 |        7  (2s)
   455000 |  10279.7 |       5250 |      37250 | 449014 | $190 |       10  (2s)
   460000 |  10025.9 |      11000 |      37250 | 453861 | $ 80 |        5  (2s)
   465000 |   9778.3 |       7062 |      37250 | 458660 | $ 30 |        1  (2s)
   470000 |   9536.9 |       7062 |      37250 | 463478 | $ 10 |        1  (2s)
   475000 |   9301.4 |      10562 |      37250 | 468312 | $ 70 |        3  (2s)
   480000 |   9071.8 |       8156 |      37250 | 473127 | $ 80 |        4  (2s)
   485000 |   8847.8 |       7062 |      37250 | 477939 | $  0 |        0  (2s)
   490000 |   8629.3 |      10250 |      37250 | 482737 | $160 |       10  (2s)
   495000 |   8416.3 |      10687 |      37250 | 487540 | $160 |       10  (2s)
   500000 |   8208.5 |       9500 |      37250 | 492288 | $150 |        9  (2s)
   505000 |   8005.8 |       9750 |      37250 | 497043 | $170 |        9  (2s)
   510000 |   7808.2 |       7062 |      37250 | 501830 | $ 80 |        6  (2s)
   515000 |   7615.4 |       7062 |      37250 | 506607 | $ 20 |        2  (2s)
   520000 |   7427.3 |       8500 |      37250 | 511355 | $140 |        9  (2s)
   525000 |   7244.0 |       5062 |      37250 | 516098 | $110 |        6  (3s)
   530000 |   7065.1 |       7062 |      37250 | 520832 | $ 10 |        1  (3s)
   535000 |   6890.7 |       7062 |      37250 | 525588 | $ 30 |        1  (3s)
   540000 |   6720.5 |      10000 |      37250 | 530317 | $190 |       10  (3s)
   545000 |   6554.6 |       8875 |      37250 | 535100 | $ 70 |        6  (3s)
   550000 |   6392.8 |       7312 |      37250 | 539859 | $ 40 |        2  (3s)
   555000 |   6234.9 |       5062 |      37250 | 544535 | $130 |        9  (3s)
   560000 |   6081.0 |       7062 |      37250 | 549236 | $ 20 |        2  (3s)
   565000 |   5930.9 |       8625 |      37250 | 553925 | $ 50 |        4  (3s)
   570000 |   5784.4 |       6875 |      37250 | 558639 | $ 90 |        5  (3s)
   575000 |   5641.6 |       8062 |      37250 | 563265 | $ 40 |        2  (3s)
   580000 |   5502.3 |      16000 |      37250 | 567927 | $100 |        6  (3s)
   582039 |   5446.5 |      37937 |      37937 | 569820 | $180 |       10  ✨ NEW BEST! (3s)
   582045 |   5446.3 |      38437 |      38437 | 569822 | $200 |       11  ✨ NEW BEST! (3s)
   585000 |   5366.5 |       9500 |      38437 | 572548 | $ 10 |        1  (3s)
   590000 |   5234.0 |       7062 |      38437 | 577199 | $ 60 |        4  (3s)
   595000 |   5104.7 |       7062 |      38437 | 581853 | $  0 |        0  (3s)
   600000 |   4978.7 |       7062 |      38437 | 586466 | $ 10 |        1  (3s)
   605000 |   4855.8 |      12062 |      38437 | 591076 | $ 50 |        3  (3s)
   610000 |   4735.9 |      10750 |      38437 | 595737 | $ 40 |        2  (3s)
   615000 |   4619.0 |      13750 |      38437 | 600339 | $190 |       10  (3s)
   616764 |   4578.4 |      41750 |      41750 | 601956 | $170 |       11  ✨ NEW BEST! (3s)
   616775 |   4578.1 |      42250 |      42250 | 601963 | $190 |       12  ✨ NEW BEST! (3s)
   620000 |   4504.9 |      17562 |      42250 | 604868 | $120 |        7  (3s)
   625000 |   4393.7 |      16750 |      42250 | 609402 | $200 |       11  (3s)
   630000 |   4285.2 |       9750 |      42250 | 613977 | $ 20 |        2  (3s)
   635000 |   4179.4 |       7312 |      42250 | 618529 | $ 60 |        4  (3s)
   640000 |   4076.2 |      13281 |      42250 | 623153 | $ 90 |        8  (3s)
   645000 |   3975.6 |       7062 |      42250 | 627677 | $  0 |        0  (3s)
   650000 |   3877.4 |       8750 |      42250 | 632271 | $ 10 |        1  (3s)
   655000 |   3781.7 |       7062 |      42250 | 636713 | $ 20 |        2  (3s)
   660000 |   3688.3 |       7062 |      42250 | 641186 | $ 50 |        2  (3s)
   665000 |   3597.2 |       7062 |      42250 | 645554 | $  0 |        0  (3s)
   670000 |   3508.4 |       7000 |      42250 | 650077 | $100 |        6  (3s)
   675000 |   3421.8 |       9500 |      42250 | 654568 | $130 |        9  (3s)
   680000 |   3337.3 |      11250 |      42250 | 659058 | $130 |        7  (3s)
   685000 |   3254.9 |       7562 |      42250 | 663508 | $ 30 |        1  (3s)
   690000 |   3174.6 |       7062 |      42250 | 667936 | $ 10 |        1  (3s)
   695000 |   3096.2 |       9312 |      42250 | 672355 | $ 50 |        3  (3s)
   700000 |   3019.7 |       7062 |      42250 | 676749 | $ 30 |        2  (3s)
   705000 |   2945.2 |       5750 |      42250 | 681057 | $ 50 |        3  (3s)
   710000 |   2872.5 |      13750 |      42250 | 685250 | $ 80 |        6  (4s)
   715000 |   2801.5 |       7250 |      42250 | 689629 | $170 |        8  (4s)
   720000 |   2732.4 |       8562 |      42250 | 693922 | $120 |        5  (4s)
   725000 |   2664.9 |       5687 |      42250 | 697999 | $100 |        5  (4s)
   730000 |   2599.1 |      10750 |      42250 | 702111 | $100 |        7  (4s)
   731932 |   2574.1 |      42750 |      42750 | 703771 | $200 |       11  ✨ NEW BEST! (4s)
   731957 |   2573.8 |      45750 |      45750 | 703785 | $200 |       11  ✨ NEW BEST! (4s)
   732173 |   2571.0 |      45937 |      45937 | 703886 | $200 |       11  ✨ NEW BEST! (4s)
   735000 |   2534.9 |      11000 |      45937 | 705796 | $ 90 |        5  (4s)
   740000 |   2472.3 |       7000 |      45937 | 709860 | $ 50 |        3  (4s)
   745000 |   2411.3 |       7062 |      45937 | 713928 | $ 70 |        3  (4s)
   750000 |   2351.8 |      42375 |      45937 | 718043 | $200 |       12  (4s)
   750486 |   2346.1 |      51250 |      51250 | 718302 | $190 |        9  ✨ NEW BEST! (4s)
   752022 |   2328.1 |      51500 |      51500 | 719170 | $190 |        9  ✨ NEW BEST! (4s)
   752222 |   2325.8 |      53500 |      53500 | 719266 | $200 |       10  ✨ NEW BEST! (4s)
   753983 |   2305.4 |      55906 |      55906 | 720241 | $200 |       10  ✨ NEW BEST! (4s)
   754151 |   2303.5 |      57406 |      57406 | 720322 | $200 |       10  ✨ NEW BEST! (4s)
   755000 |   2293.7 |      53250 |      57406 | 720756 | $200 |       10  (4s)
   760000 |   2237.1 |      44250 |      57406 | 723631 | $200 |       10  (4s)
   765000 |   2181.8 |      37500 |      57406 | 726618 | $140 |        8  (4s)
   770000 |   2128.0 |      49250 |      57406 | 729412 | $200 |       11  (4s)
   775000 |   2075.4 |      31562 |      57406 | 732161 | $170 |       10  (4s)
   780000 |   2024.2 |      41250 |      57406 | 734915 | $130 |        7  (4s)
   785000 |   1974.2 |      38000 |      57406 | 737807 | $130 |        9  (4s)
   790000 |   1925.5 |      38000 |      57406 | 740482 | $140 |        9  (4s)
   795000 |   1877.9 |      53250 |      57406 | 743244 | $190 |        9  (4s)
   800000 |   1831.6 |      40000 |      57406 | 745947 | $140 |        8  (4s)
   805000 |   1786.3 |      41531 |      57406 | 748729 | $190 |       10  (4s)
   810000 |   1742.2 |      32250 |      57406 | 751490 | $200 |       12  (4s)
   810962 |   1733.9 |      57500 |      57500 | 752040 | $190 |        9  ✨ NEW BEST! (4s)
   815000 |   1699.2 |      49906 |      57500 | 754324 | $200 |       10  (4s)
   816914 |   1683.0 |      57750 |      57750 | 755326 | $200 |       10  ✨ NEW BEST! (4s)
   818546 |   1669.4 |      58093 |      58093 | 756185 | $200 |       10  ✨ NEW BEST! (4s)
   820000 |   1657.3 |      47500 |      58093 | 756941 | $200 |        9  (4s)
   825000 |   1616.3 |      51500 |      58093 | 759564 | $200 |        9  (4s)
   830000 |   1576.4 |      41250 |      58093 | 762172 | $170 |       11  (4s)
   835000 |   1537.5 |      47250 |      58093 | 764926 | $200 |       10  (4s)
   840000 |   1499.5 |      49250 |      58093 | 767533 | $190 |       10  (4s)
   845000 |   1462.5 |      51500 |      58093 | 770146 | $190 |        9  (4s)
   847920 |   1441.3 |      58468 |      58468 | 771634 | $190 |        9  ✨ NEW BEST! (4s)
   850000 |   1426.4 |      39250 |      58468 | 772645 | $150 |        8  (4s)
   855000 |   1391.2 |      57500 |      58468 | 775314 | $190 |        9  (4s)
   860000 |   1356.8 |      56000 |      58468 | 777760 | $190 |        9  (4s)
   864395 |   1327.4 |      58500 |      58500 | 779968 | $200 |       10  ✨ NEW BEST! (4s)
   865000 |   1323.3 |      48250 |      58500 | 780283 | $200 |       10  (4s)
   870000 |   1290.7 |      48000 |      58500 | 782952 | $190 |       10  (4s)
   875000 |   1258.8 |      57250 |      58500 | 785460 | $200 |       10  (4s)
   880000 |   1227.7 |      41625 |      58500 | 788023 | $170 |       10  (4s)
   885000 |   1197.4 |      57250 |      58500 | 790580 | $190 |        9  (4s)
   890000 |   1167.8 |      52750 |      58500 | 793220 | $200 |       10  (4s)
   895000 |   1139.0 |      57250 |      58500 | 795696 | $190 |        9  (4s)
   896190 |   1132.3 |      59125 |      59125 | 796323 | $200 |       10  ✨ NEW BEST! (4s)
   900000 |   1110.9 |      50000 |      59125 | 798194 | $190 |       11  (5s)
   905000 |   1083.5 |      58000 |      59125 | 800572 | $200 |       10  (5s)
   910000 |   1056.7 |      57625 |      59125 | 803055 | $200 |       10  (5s)
   915000 |   1030.6 |      56000 |      59125 | 805484 | $200 |       10  (5s)
   920000 |   1005.2 |      57250 |      59125 | 808056 | $200 |       10  (5s)
   925000 |    980.4 |      57250 |      59125 | 810521 | $200 |        9  (5s)
   930000 |    956.2 |      57250 |      59125 | 812998 | $200 |       10  (5s)
   935000 |    932.5 |      53500 |      59125 | 815443 | $180 |        8  (5s)
   938350 |    917.1 |      59375 |      59375 | 817108 | $200 |       10  ✨ NEW BEST! (5s)
   940000 |    909.5 |      55500 |      59375 | 817901 | $200 |       10  (5s)
   945000 |    887.1 |      57250 |      59375 | 820359 | $190 |        9  (5s)
   950000 |    865.2 |      57625 |      59375 | 822779 | $200 |       10  (5s)
   954628 |    845.4 |      59625 |      59625 | 825002 | $200 |       10  ✨ NEW BEST! (5s)
   955000 |    843.8 |      59625 |      59625 | 825190 | $200 |       10  (5s)
   960000 |    823.0 |      57250 |      59625 | 827650 | $190 |        9  (5s)
   965000 |    802.6 |      58000 |      59625 | 829972 | $200 |       10  (5s)
   970000 |    782.8 |      57250 |      59625 | 832340 | $190 |        9  (5s)
   975000 |    763.5 |      57250 |      59625 | 834694 | $190 |        9  (5s)
   980000 |    744.7 |      57250 |      59625 | 837116 | $200 |        9  (5s)
   985000 |    726.3 |      57250 |      59625 | 839402 | $190 |        9  (5s)
   990000 |    708.3 |      58250 |      59625 | 841847 | $200 |       10  (5s)
   995000 |    690.8 |      56312 |      59625 | 844182 | $190 |        9  (5s)
  1000000 |    673.8 |      57250 |      59625 | 846492 | $190 |        9  (5s)
  1005000 |    657.2 |      57250 |      59625 | 848753 | $190 |        9  (5s)
  1010000 |    640.9 |      55500 |      59625 | 851193 | $200 |       10  (5s)
  1015000 |    625.1 |      57250 |      59625 | 853595 | $200 |       10  (5s)
  1020000 |    609.7 |      57500 |      59625 | 855891 | $200 |       10  (5s)
  1025000 |    594.6 |      57500 |      59625 | 858288 | $200 |        9  (5s)
  1030000 |    579.9 |      57250 |      59625 | 860678 | $190 |        9  (5s)
  1035000 |    565.6 |      55906 |      59625 | 863075 | $200 |        9  (5s)
  1040000 |    551.7 |      58500 |      59625 | 865434 | $200 |       10  (5s)
  1045000 |    538.0 |      57250 |      59625 | 867742 | $180 |        8  (5s)
  1050000 |    524.7 |      57500 |      59625 | 869984 | $200 |        9  (5s)
  1055000 |    511.8 |      58125 |      59625 | 872301 | $200 |        9  (5s)
  1060000 |    499.2 |      57250 |      59625 | 874652 | $200 |       10  (5s)
  1065000 |    486.8 |      57250 |      59625 | 876941 | $200 |       10  (5s)
  1070000 |    474.8 |      57750 |      59625 | 879267 | $190 |        9  (5s)
  1075000 |    463.1 |      57500 |      59625 | 881502 | $190 |        9  (5s)
  1080000 |    451.7 |      59375 |      59625 | 883799 | $200 |       10  (5s)
  1085000 |    440.5 |      59125 |      59625 | 886081 | $200 |       10  (5s)
  1090000 |    429.6 |      56750 |      59625 | 888359 | $200 |       10  (5s)
  1095000 |    419.0 |      57406 |      59625 | 890689 | $190 |        9  (5s)
  1100000 |    408.7 |      57500 |      59625 | 892932 | $200 |       10  (6s)
  1105000 |    398.6 |      58468 |      59625 | 895149 | $200 |       10  (6s)
  1110000 |    388.7 |      58468 |      59625 | 897398 | $200 |       10  (6s)
  1115000 |    379.1 |      58500 |      59625 | 899647 | $200 |       10  (6s)
  1120000 |    369.8 |      58500 |      59625 | 901882 | $200 |       10  (6s)
  1125000 |    360.7 |      57250 |      59625 | 904171 | $200 |       10  (6s)
  1130000 |    351.7 |      59375 |      59625 | 906419 | $200 |       10  (6s)
  1135000 |    343.1 |      57250 |      59625 | 908675 | $180 |        8  (6s)
  1140000 |    334.6 |      59375 |      59625 | 910928 | $200 |       10  (6s)
  1145000 |    326.3 |      59375 |      59625 | 913098 | $200 |       10  (6s)
  1150000 |    318.3 |      59375 |      59625 | 915258 | $200 |       10  (6s)
  1155000 |    310.4 |      59000 |      59625 | 917525 | $200 |       10  (6s)
  1160000 |    302.8 |      59375 |      59625 | 919778 | $200 |       10  (6s)
  1165000 |    295.3 |      58500 |      59625 | 922054 | $200 |       10  (6s)
  1170000 |    288.0 |      57250 |      59625 | 924327 | $200 |        9  (6s)
  1175000 |    280.9 |      57500 |      59625 | 926590 | $180 |        8  (6s)
  1180000 |    273.9 |      58000 |      59625 | 928875 | $200 |       10  (6s)
  1185000 |    267.2 |      58468 |      59625 | 931176 | $190 |        9  (6s)
  1190000 |    260.6 |      59375 |      59625 | 933395 | $200 |       10  (6s)
  1195000 |    254.1 |      57250 |      59625 | 935556 | $200 |       10  (6s)
  1200000 |    247.9 |      58500 |      59625 | 937836 | $200 |       10  (6s)
  1205000 |    241.8 |      59625 |      59625 | 940061 | $200 |       10  (6s)
  1210000 |    235.8 |      59625 |      59625 | 942231 | $200 |       10  (6s)
  1215000 |    230.0 |      59625 |      59625 | 944419 | $200 |       10  (6s)
  1220000 |    224.3 |      59000 |      59625 | 946632 | $200 |       10  (6s)
  1225000 |    218.7 |      58468 |      59625 | 948876 | $200 |       10  (6s)
  1230000 |    213.3 |      59000 |      59625 | 951128 | $200 |       10  (6s)
  1235000 |    208.1 |      58500 |      59625 | 953449 | $200 |       10  (6s)
  1240000 |    202.9 |      59218 |      59625 | 955620 | $200 |       10  (6s)
  1241309 |    201.6 |      59875 |      59875 | 956215 | $200 |       10  ✨ NEW BEST! (6s)
  1245000 |    197.9 |      59875 |      59875 | 957806 | $200 |       10  (6s)
  1250000 |    193.0 |      59875 |      59875 | 960025 | $200 |       10  (6s)
  1255000 |    188.3 |      59875 |      59875 | 962204 | $200 |       10  (6s)
  1260000 |    183.6 |      59875 |      59875 | 964392 | $200 |       10  (6s)
  1265000 |    179.1 |      59875 |      59875 | 966555 | $200 |       10  (6s)
  1270000 |    174.7 |      59875 |      59875 | 968700 | $200 |       10  (6s)
  1275000 |    170.4 |      59875 |      59875 | 970924 | $200 |       10  (6s)
  1280000 |    166.2 |      59875 |      59875 | 973073 | $200 |       10  (6s)
  1285000 |    162.1 |      59875 |      59875 | 975194 | $200 |       10  (6s)
  1290000 |    158.1 |      59875 |      59875 | 977326 | $200 |       10  (7s)
  1295000 |    154.1 |      59875 |      59875 | 979581 | $200 |       10  (7s)
  1300000 |    150.3 |      59875 |      59875 | 981788 | $200 |       10  (7s)
  1305000 |    146.6 |      59875 |      59875 | 984010 | $200 |       10  (7s)
  1310000 |    143.0 |      59875 |      59875 | 986196 | $200 |       10  (7s)
  1315000 |    139.5 |      59875 |      59875 | 988423 | $200 |       10  (7s)
  1320000 |    136.0 |      59875 |      59875 | 990635 | $200 |       10  (7s)
  1325000 |    132.7 |      59875 |      59875 | 992824 | $200 |       10  (7s)
  1330000 |    129.4 |      59875 |      59875 | 994993 | $200 |       10  (7s)
  1335000 |    126.2 |      59875 |      59875 | 997112 | $200 |       10  (7s)
  1340000 |    123.1 |      59875 |      59875 | 999310 | $200 |       10  (7s)
  1345000 |    120.1 |      59875 |      59875 | 1001500 | $200 |       10  (7s)
  1350000 |    117.1 |      59875 |      59875 | 1003586 | $200 |       10  (7s)
  1355000 |    114.2 |      59875 |      59875 | 1005734 | $200 |       10  (7s)
  1360000 |    111.4 |      59875 |      59875 | 1007902 | $200 |       10  (7s)
  1365000 |    108.6 |      59875 |      59875 | 1010063 | $200 |       10  (7s)
  1370000 |    105.9 |      59875 |      59875 | 1012265 | $200 |       10  (7s)
  1375000 |    103.3 |      59875 |      59875 | 1014364 | $200 |       10  (7s)
  1380000 |    100.8 |      59875 |      59875 | 1016526 | $200 |       10  (7s)
  1385000 |     98.3 |      59875 |      59875 | 1018698 | $200 |       10  (7s)
  1390000 |     95.9 |      59875 |      59875 | 1020868 | $200 |       10  (7s)
  1395000 |     93.5 |      59875 |      59875 | 1023041 | $200 |       10  (7s)
  1400000 |     91.2 |      59875 |      59875 | 1025233 | $200 |       10  (7s)
  1405000 |     88.9 |      59875 |      59875 | 1027432 | $200 |       10  (7s)
  1410000 |     86.7 |      59875 |      59875 | 1029594 | $200 |       10  (7s)
  1415000 |     84.6 |      59875 |      59875 | 1031802 | $200 |       10  (7s)
  1420000 |     82.5 |      59875 |      59875 | 1033978 | $200 |       10  (7s)
  1425000 |     80.5 |      59875 |      59875 | 1036161 | $200 |       10  (7s)
  1430000 |     78.5 |      59875 |      59875 | 1038276 | $200 |       10  (7s)
  1435000 |     76.5 |      59875 |      59875 | 1040476 | $200 |       10  (7s)
  1440000 |     74.7 |      59875 |      59875 | 1042726 | $200 |       10  (7s)
  1445000 |     72.8 |      59875 |      59875 | 1044891 | $200 |       10  (7s)
  1450000 |     71.0 |      59875 |      59875 | 1047046 | $200 |       10  (7s)
  1455000 |     69.3 |      59875 |      59875 | 1049197 | $200 |       10  (7s)
  1460000 |     67.6 |      59875 |      59875 | 1051355 | $200 |       10  (7s)
  1465000 |     65.9 |      59875 |      59875 | 1053573 | $200 |       10  (7s)
  1470000 |     64.3 |      59875 |      59875 | 1055780 | $200 |       10  (8s)
  1475000 |     62.7 |      59875 |      59875 | 1057955 | $200 |       10  (8s)
  1480000 |     61.1 |      59875 |      59875 | 1060124 | $200 |       10  (8s)
  1485000 |     59.6 |      59875 |      59875 | 1062318 | $200 |       10  (8s)
  1490000 |     58.1 |      59875 |      59875 | 1064475 | $200 |       10  (8s)
  1495000 |     56.7 |      59875 |      59875 | 1066627 | $200 |       10  (8s)
  1500000 |     55.3 |      59875 |      59875 | 1068774 | $200 |       10  (8s)
  1505000 |     53.9 |      59875 |      59875 | 1070925 | $200 |       10  (8s)
  1510000 |     52.6 |      59875 |      59875 | 1073076 | $200 |       10  (8s)
  1515000 |     51.3 |      59875 |      59875 | 1075208 | $200 |       10  (8s)
  1520000 |     50.0 |      59875 |      59875 | 1077408 | $200 |       10  (8s)
  1525000 |     48.8 |      59875 |      59875 | 1079642 | $200 |       10  (8s)
  1530000 |     47.6 |      59875 |      59875 | 1081812 | $200 |       10  (8s)
  1535000 |     46.4 |      59875 |      59875 | 1083939 | $200 |       10  (8s)
  1540000 |     45.3 |      59875 |      59875 | 1086127 | $200 |       10  (8s)
  1545000 |     44.2 |      59875 |      59875 | 1088283 | $200 |       10  (8s)
  1550000 |     43.1 |      59875 |      59875 | 1090472 | $200 |       10  (8s)
  1555000 |     42.0 |      59875 |      59875 | 1092574 | $200 |       10  (8s)
  1560000 |     41.0 |      59875 |      59875 | 1094758 | $200 |       10  (8s)
  1565000 |     40.0 |      59875 |      59875 | 1096947 | $200 |       10  (8s)
  1570000 |     39.0 |      59875 |      59875 | 1099083 | $200 |       10  (8s)
  1575000 |     38.0 |      59875 |      59875 | 1101260 | $200 |       10  (8s)
  1580000 |     37.1 |      59875 |      59875 | 1103440 | $200 |       10  (8s)
  1585000 |     36.2 |      59875 |      59875 | 1105585 | $200 |       10  (8s)
  1590000 |     35.3 |      59875 |      59875 | 1107778 | $200 |       10  (8s)
  1595000 |     34.4 |      59875 |      59875 | 1109941 | $200 |       10  (8s)
  1600000 |     33.5 |      59875 |      59875 | 1112143 | $200 |       10  (8s)
  1605000 |     32.7 |      59875 |      59875 | 1114325 | $200 |       10  (8s)
  1610000 |     31.9 |      59875 |      59875 | 1116529 | $200 |       10  (8s)
  1615000 |     31.1 |      59875 |      59875 | 1118668 | $200 |       10  (8s)
  1620000 |     30.4 |      59875 |      59875 | 1120911 | $200 |       10  (8s)
  1625000 |     29.6 |      59875 |      59875 | 1123126 | $200 |       10  (8s)
  1630000 |     28.9 |      59875 |      59875 | 1125280 | $200 |       10  (8s)
  1635000 |     28.2 |      59875 |      59875 | 1127458 | $200 |       10  (8s)
  1640000 |     27.5 |      59875 |      59875 | 1129635 | $200 |       10  (8s)
  1645000 |     26.8 |      59875 |      59875 | 1131831 | $200 |       10  (8s)
  1650000 |     26.1 |      59875 |      59875 | 1133990 | $200 |       10  (8s)
  1655000 |     25.5 |      59875 |      59875 | 1136199 | $200 |       10  (8s)
  1660000 |     24.9 |      59875 |      59875 | 1138332 | $200 |       10  (9s)
  1665000 |     24.2 |      59875 |      59875 | 1140588 | $200 |       10  (9s)
  1670000 |     23.6 |      59875 |      59875 | 1142764 | $200 |       10  (9s)
  1675000 |     23.1 |      59875 |      59875 | 1144992 | $200 |       10  (9s)
  1680000 |     22.5 |      59875 |      59875 | 1147189 | $200 |       10  (9s)
  1685000 |     21.9 |      59875 |      59875 | 1149374 | $200 |       10  (9s)
  1690000 |     21.4 |      59875 |      59875 | 1151563 | $200 |       10  (9s)
  1695000 |     20.9 |      59875 |      59875 | 1153765 | $200 |       10  (9s)
  1700000 |     20.3 |      59875 |      59875 | 1155929 | $200 |       10  (9s)
  1705000 |     19.8 |      59875 |      59875 | 1158123 | $200 |       10  (9s)
  1710000 |     19.4 |      59875 |      59875 | 1160276 | $200 |       10  (9s)
  1715000 |     18.9 |      59875 |      59875 | 1162416 | $200 |       10  (9s)
  1720000 |     18.4 |      59875 |      59875 | 1164636 | $200 |       10  (9s)
  1725000 |     18.0 |      59875 |      59875 | 1166846 | $200 |       10  (9s)
  1730000 |     17.5 |      59875 |      59875 | 1168961 | $200 |       10  (9s)
  1735000 |     17.1 |      59875 |      59875 | 1171155 | $200 |       10  (9s)
  1740000 |     16.7 |      59875 |      59875 | 1173365 | $200 |       10  (9s)
  1745000 |     16.2 |      59875 |      59875 | 1175559 | $200 |       10  (9s)
  1750000 |     15.8 |      59875 |      59875 | 1177681 | $200 |       10  (9s)
  1755000 |     15.5 |      59875 |      59875 | 1179854 | $200 |       10  (9s)
  1760000 |     15.1 |      59875 |      59875 | 1182035 | $200 |       10  (9s)
  1765000 |     14.7 |      59875 |      59875 | 1184249 | $200 |       10  (9s)
  1770000 |     14.3 |      59875 |      59875 | 1186436 | $200 |       10  (9s)
  1775000 |     14.0 |      59875 |      59875 | 1188621 | $200 |       10  (9s)
  1780000 |     13.6 |      59875 |      59875 | 1190813 | $200 |       10  (9s)
  1785000 |     13.3 |      59875 |      59875 | 1192958 | $200 |       10  (9s)
  1790000 |     13.0 |      59875 |      59875 | 1195161 | $200 |       10  (9s)
  1795000 |     12.7 |      59875 |      59875 | 1197361 | $200 |       10  (9s)
  1800000 |     12.3 |      59875 |      59875 | 1199564 | $200 |       10  (9s)
  1805000 |     12.0 |      59875 |      59875 | 1201676 | $200 |       10  (9s)
  1810000 |     11.7 |      59875 |      59875 | 1203849 | $200 |       10  (9s)
  1815000 |     11.4 |      59875 |      59875 | 1206033 | $200 |       10  (9s)
  1820000 |     11.2 |      59875 |      59875 | 1208191 | $200 |       10  (9s)
  1825000 |     10.9 |      59875 |      59875 | 1210395 | $200 |       10  (9s)
  1830000 |     10.6 |      59875 |      59875 | 1212589 | $200 |       10  (9s)
  1835000 |     10.4 |      59875 |      59875 | 1214732 | $200 |       10  (9s)
  1840000 |     10.1 |      59875 |      59875 | 1216967 | $200 |       10  (9s)
  1845000 |      9.9 |      59875 |      59875 | 1219125 | $200 |       10  (9s)
  1850000 |      9.6 |      59875 |      59875 | 1221337 | $200 |       10  (10s)
  1855000 |      9.4 |      59875 |      59875 | 1223520 | $200 |       10  (10s)
  1860000 |      9.1 |      59875 |      59875 | 1225709 | $200 |       10  (10s)
  1865000 |      8.9 |      59875 |      59875 | 1227895 | $200 |       10  (10s)
  1870000 |      8.7 |      59875 |      59875 | 1230094 | $200 |       10  (10s)
  1875000 |      8.5 |      59875 |      59875 | 1232266 | $200 |       10  (10s)
  1880000 |      8.3 |      59875 |      59875 | 1234461 | $200 |       10  (10s)
  1885000 |      8.1 |      59875 |      59875 | 1236600 | $200 |       10  (10s)
  1890000 |      7.9 |      59875 |      59875 | 1238751 | $200 |       10  (10s)
  1895000 |      7.7 |      59875 |      59875 | 1241017 | $200 |       10  (10s)
  1900000 |      7.5 |      59875 |      59875 | 1243082 | $200 |       10  (10s)
  1905000 |      7.3 |      59875 |      59875 | 1245269 | $200 |       10  (10s)
  1910000 |      7.1 |      59875 |      59875 | 1247462 | $200 |       10  (10s)
  1915000 |      6.9 |      59875 |      59875 | 1249591 | $200 |       10  (10s)
  1920000 |      6.8 |      59875 |      59875 | 1251750 | $200 |       10  (10s)
  1925000 |      6.6 |      59875 |      59875 | 1253953 | $200 |       10  (10s)
  1930000 |      6.4 |      59875 |      59875 | 1256157 | $200 |       10  (10s)
  1935000 |      6.3 |      59875 |      59875 | 1258367 | $200 |       10  (10s)
  1940000 |      6.1 |      59875 |      59875 | 1260558 | $200 |       10  (10s)
  1945000 |      6.0 |      59875 |      59875 | 1262785 | $200 |       10  (10s)
  1950000 |      5.8 |      59875 |      59875 | 1264943 | $200 |       10  (10s)
  1955000 |      5.7 |      59875 |      59875 | 1267076 | $200 |       10  (10s)
  1960000 |      5.5 |      59875 |      59875 | 1269255 | $200 |       10  (10s)
  1965000 |      5.4 |      59875 |      59875 | 1271445 | $200 |       10  (10s)
  1970000 |      5.3 |      59875 |      59875 | 1273661 | $200 |       10  (10s)
  1975000 |      5.1 |      59875 |      59875 | 1275839 | $200 |       10  (10s)
  1980000 |      5.0 |      59875 |      59875 | 1278049 | $200 |       10  (10s)
  1985000 |      4.9 |      59875 |      59875 | 1280250 | $200 |       10  (10s)
  1990000 |      4.8 |      59875 |      59875 | 1282407 | $200 |       10  (10s)
  1995000 |      4.7 |      59875 |      59875 | 1284593 | $200 |       10  (10s)
  2000000 |      4.5 |      59875 |      59875 | 1286744 | $200 |       10  (10s)
  2005000 |      4.4 |      59875 |      59875 | 1288916 | $200 |       10  (10s)
  2010000 |      4.3 |      59875 |      59875 | 1291087 | $200 |       10  (10s)
  2015000 |      4.2 |      59875 |      59875 | 1293232 | $200 |       10  (10s)
  2020000 |      4.1 |      59875 |      59875 | 1295411 | $200 |       10  (10s)
  2025000 |      4.0 |      59875 |      59875 | 1297549 | $200 |       10  (10s)
  2030000 |      3.9 |      59875 |      59875 | 1299686 | $200 |       10  (10s)
  2035000 |      3.8 |      59875 |      59875 | 1301899 | $200 |       10  (10s)
  2040000 |      3.7 |      59875 |      59875 | 1304125 | $200 |       10  (10s)
  2045000 |      3.6 |      59875 |      59875 | 1306290 | $200 |       10  (11s)
  2050000 |      3.5 |      59875 |      59875 | 1308453 | $200 |       10  (11s)
  2055000 |      3.4 |      59875 |      59875 | 1310632 | $200 |       10  (11s)
  2060000 |      3.4 |      59875 |      59875 | 1312795 | $200 |       10  (11s)
  2065000 |      3.3 |      59875 |      59875 | 1314963 | $200 |       10  (11s)
  2070000 |      3.2 |      59875 |      59875 | 1317152 | $200 |       10  (11s)
  2075000 |      3.1 |      59875 |      59875 | 1319295 | $200 |       10  (11s)
  2080000 |      3.0 |      59875 |      59875 | 1321389 | $200 |       10  (11s)
  2085000 |      3.0 |      59875 |      59875 | 1323638 | $200 |       10  (11s)
  2090000 |      2.9 |      59875 |      59875 | 1325767 | $200 |       10  (11s)
  2095000 |      2.8 |      59875 |      59875 | 1327907 | $200 |       10  (11s)
  2100000 |      2.8 |      59875 |      59875 | 1330133 | $200 |       10  (11s)
  2105000 |      2.7 |      59875 |      59875 | 1332280 | $200 |       10  (11s)
  2110000 |      2.6 |      59875 |      59875 | 1334456 | $200 |       10  (11s)
  2115000 |      2.6 |      59875 |      59875 | 1336627 | $200 |       10  (11s)
  2120000 |      2.5 |      59875 |      59875 | 1338807 | $200 |       10  (11s)
  2125000 |      2.4 |      59875 |      59875 | 1340994 | $200 |       10  (11s)
  2130000 |      2.4 |      59875 |      59875 | 1343178 | $200 |       10  (11s)
  2135000 |      2.3 |      59875 |      59875 | 1345348 | $200 |       10  (11s)
  2140000 |      2.3 |      59875 |      59875 | 1347557 | $200 |       10  (11s)
  2145000 |      2.2 |      59875 |      59875 | 1349692 | $200 |       10  (11s)
  2150000 |      2.1 |      59875 |      59875 | 1351838 | $200 |       10  (11s)
  2155000 |      2.1 |      59875 |      59875 | 1353970 | $200 |       10  (11s)
  2160000 |      2.0 |      59875 |      59875 | 1356102 | $200 |       10  (11s)
  2165000 |      2.0 |      59875 |      59875 | 1358232 | $200 |       10  (11s)
  2170000 |      1.9 |      59875 |      59875 | 1360355 | $200 |       10  (11s)
  2175000 |      1.9 |      59875 |      59875 | 1362515 | $200 |       10  (11s)
  2180000 |      1.8 |      59875 |      59875 | 1364692 | $200 |       10  (11s)
  2185000 |      1.8 |      59875 |      59875 | 1366885 | $200 |       10  (11s)
  2190000 |      1.8 |      59875 |      59875 | 1369083 | $200 |       10  (11s)
  2195000 |      1.7 |      59875 |      59875 | 1371313 | $200 |       10  (11s)
  2200000 |      1.7 |      59875 |      59875 | 1373478 | $200 |       10  (11s)
  2205000 |      1.6 |      59875 |      59875 | 1375659 | $200 |       10  (11s)
  2210000 |      1.6 |      59875 |      59875 | 1377760 | $200 |       10  (11s)
  2215000 |      1.5 |      59875 |      59875 | 1379903 | $200 |       10  (11s)
  2220000 |      1.5 |      59875 |      59875 | 1382027 | $200 |       10  (11s)
  2225000 |      1.5 |      59875 |      59875 | 1384221 | $200 |       10  (11s)
  2230000 |      1.4 |      59875 |      59875 | 1386369 | $200 |       10  (11s)
  2235000 |      1.4 |      59875 |      59875 | 1388507 | $200 |       10  (12s)
  2240000 |      1.4 |      59875 |      59875 | 1390694 | $200 |       10  (12s)
  2245000 |      1.3 |      59875 |      59875 | 1392904 | $200 |       10  (12s)
  2250000 |      1.3 |      59875 |      59875 | 1395041 | $200 |       10  (12s)
  2255000 |      1.3 |      59875 |      59875 | 1397249 | $200 |       10  (12s)
  2260000 |      1.2 |      59875 |      59875 | 1399477 | $200 |       10  (12s)
  2265000 |      1.2 |      59875 |      59875 | 1401650 | $200 |       10  (12s)
  2270000 |      1.2 |      59875 |      59875 | 1403828 | $200 |       10  (12s)
  2275000 |      1.1 |      59875 |      59875 | 1405981 | $200 |       10  (12s)
  2280000 |      1.1 |      59875 |      59875 | 1408081 | $200 |       10  (12s)
  2285000 |      1.1 |      59875 |      59875 | 1410214 | $200 |       10  (12s)
  2290000 |      1.1 |      59875 |      59875 | 1412365 | $200 |       10  (12s)
  2295000 |      1.0 |      59875 |      59875 | 1414604 | $200 |       10  (12s)
  2300000 |      1.0 |      59875 |      59875 | 1416785 | $200 |       10  (12s)
  2305000 |      1.0 |      59875 |      59875 | 1418947 | $200 |       10  (12s)
  2310000 |      1.0 |      59875 |      59875 | 1421125 | $200 |       10  (12s)
  2315000 |      0.9 |      59875 |      59875 | 1423351 | $200 |       10  (12s)
  2320000 |      0.9 |      59875 |      59875 | 1425522 | $200 |       10  (12s)
  2325000 |      0.9 |      59875 |      59875 | 1427673 | $200 |       10  (12s)
  2330000 |      0.9 |      59875 |      59875 | 1429865 | $200 |       10  (12s)
  2335000 |      0.9 |      59875 |      59875 | 1432092 | $200 |       10  (12s)
  2340000 |      0.8 |      59875 |      59875 | 1434224 | $200 |       10  (12s)
  2345000 |      0.8 |      59875 |      59875 | 1436400 | $200 |       10  (12s)
  2350000 |      0.8 |      59875 |      59875 | 1438605 | $200 |       10  (12s)
  2355000 |      0.8 |      59875 |      59875 | 1440832 | $200 |       10  (12s)
  2360000 |      0.8 |      59875 |      59875 | 1443061 | $200 |       10  (12s)
  2365000 |      0.7 |      59875 |      59875 | 1445212 | $200 |       10  (12s)
  2370000 |      0.7 |      59875 |      59875 | 1447333 | $200 |       10  (12s)
  2375000 |      0.7 |      59875 |      59875 | 1449513 | $200 |       10  (12s)
  2380000 |      0.7 |      59875 |      59875 | 1451666 | $200 |       10  (12s)
  2385000 |      0.7 |      59875 |      59875 | 1453882 | $200 |       10  (12s)
  2390000 |      0.6 |      59875 |      59875 | 1456066 | $200 |       10  (12s)
  2395000 |      0.6 |      59875 |      59875 | 1458261 | $200 |       10  (12s)
  2400000 |      0.6 |      59875 |      59875 | 1460469 | $200 |       10  (12s)
  2405000 |      0.6 |      59875 |      59875 | 1462648 | $200 |       10  (12s)
  2410000 |      0.6 |      59875 |      59875 | 1464882 | $200 |       10  (12s)
  2415000 |      0.6 |      59875 |      59875 | 1467062 | $200 |       10  (12s)
  2420000 |      0.6 |      59875 |      59875 | 1469260 | $200 |       10  (12s)
  2425000 |      0.5 |      59875 |      59875 | 1471516 | $200 |       10  (12s)
  2430000 |      0.5 |      59875 |      59875 | 1473721 | $200 |       10  (13s)
  2435000 |      0.5 |      59875 |      59875 | 1475885 | $200 |       10  (13s)
  2440000 |      0.5 |      59875 |      59875 | 1478075 | $200 |       10  (13s)
  2445000 |      0.5 |      59875 |      59875 | 1480260 | $200 |       10  (13s)
  2450000 |      0.5 |      59875 |      59875 | 1482424 | $200 |       10  (13s)
  2455000 |      0.5 |      59875 |      59875 | 1484595 | $200 |       10  (13s)
  2460000 |      0.5 |      59875 |      59875 | 1486791 | $200 |       10  (13s)
  2465000 |      0.4 |      59875 |      59875 | 1488949 | $200 |       10  (13s)
  2470000 |      0.4 |      59875 |      59875 | 1491161 | $200 |       10  (13s)
  2475000 |      0.4 |      59875 |      59875 | 1493375 | $200 |       10  (13s)
  2480000 |      0.4 |      59875 |      59875 | 1495470 | $200 |       10  (13s)
  2485000 |      0.4 |      59875 |      59875 | 1497625 | $200 |       10  (13s)
  2490000 |      0.4 |      59875 |      59875 | 1499820 | $200 |       10  (13s)
  2495000 |      0.4 |      59875 |      59875 | 1501947 | $200 |       10  (13s)
  2500000 |      0.4 |      59875 |      59875 | 1504157 | $200 |       10  (13s)
  2505000 |      0.4 |      59875 |      59875 | 1506360 | $200 |       10  (13s)
  2510000 |      0.4 |      59875 |      59875 | 1508535 | $200 |       10  (13s)
  2515000 |      0.3 |      59875 |      59875 | 1510739 | $200 |       10  (13s)
  2520000 |      0.3 |      59875 |      59875 | 1512952 | $200 |       10  (13s)
  2525000 |      0.3 |      59875 |      59875 | 1515118 | $200 |       10  (13s)
  2530000 |      0.3 |      59875 |      59875 | 1517359 | $200 |       10  (13s)
  2535000 |      0.3 |      59875 |      59875 | 1519581 | $200 |       10  (13s)
  2540000 |      0.3 |      59875 |      59875 | 1521762 | $200 |       10  (13s)
  2545000 |      0.3 |      59875 |      59875 | 1523927 | $200 |       10  (13s)
  2550000 |      0.3 |      59875 |      59875 | 1526092 | $200 |       10  (13s)
  2555000 |      0.3 |      59875 |      59875 | 1528216 | $200 |       10  (13s)
  2560000 |      0.3 |      59875 |      59875 | 1530346 | $200 |       10  (13s)
  2565000 |      0.3 |      59875 |      59875 | 1532509 | $200 |       10  (13s)
  2570000 |      0.3 |      59875 |      59875 | 1534682 | $200 |       10  (13s)
  2575000 |      0.3 |      59875 |      59875 | 1536850 | $200 |       10  (13s)
  2580000 |      0.2 |      59875 |      59875 | 1539023 | $200 |       10  (13s)
  2585000 |      0.2 |      59875 |      59875 | 1541188 | $200 |       10  (13s)
  2590000 |      0.2 |      59875 |      59875 | 1543328 | $200 |       10  (13s)
  2595000 |      0.2 |      59875 |      59875 | 1545506 | $200 |       10  (13s)
  2600000 |      0.2 |      59875 |      59875 | 1547609 | $200 |       10  (13s)
  2605000 |      0.2 |      59875 |      59875 | 1549802 | $200 |       10  (13s)
  2610000 |      0.2 |      59875 |      59875 | 1551962 | $200 |       10  (13s)
  2615000 |      0.2 |      59875 |      59875 | 1554136 | $200 |       10  (13s)
  2620000 |      0.2 |      59875 |      59875 | 1556308 | $200 |       10  (14s)
  2625000 |      0.2 |      59875 |      59875 | 1558505 | $200 |       10  (14s)
  2630000 |      0.2 |      59875 |      59875 | 1560662 | $200 |       10  (14s)
  2635000 |      0.2 |      59875 |      59875 | 1562819 | $200 |       10  (14s)
  2640000 |      0.2 |      59875 |      59875 | 1565011 | $200 |       10  (14s)
  2645000 |      0.2 |      59875 |      59875 | 1567208 | $200 |       10  (14s)
  2650000 |      0.2 |      59875 |      59875 | 1569358 | $200 |       10  (14s)
  2655000 |      0.2 |      59875 |      59875 | 1571460 | $200 |       10  (14s)
  2660000 |      0.2 |      59875 |      59875 | 1573582 | $200 |       10  (14s)
  2665000 |      0.2 |      59875 |      59875 | 1575821 | $200 |       10  (14s)
  2670000 |      0.2 |      59875 |      59875 | 1577985 | $200 |       10  (14s)
  2675000 |      0.2 |      59875 |      59875 | 1580172 | $200 |       10  (14s)
  2680000 |      0.2 |      59875 |      59875 | 1582344 | $200 |       10  (14s)
  2685000 |      0.1 |      59875 |      59875 | 1584564 | $200 |       10  (14s)
  2690000 |      0.1 |      59875 |      59875 | 1586739 | $200 |       10  (14s)
  2695000 |      0.1 |      59875 |      59875 | 1588834 | $200 |       10  (14s)
  2700000 |      0.1 |      59875 |      59875 | 1591006 | $200 |       10  (14s)
  2705000 |      0.1 |      59875 |      59875 | 1593217 | $200 |       10  (14s)
  2710000 |      0.1 |      59875 |      59875 | 1595366 | $200 |       10  (14s)
  2715000 |      0.1 |      59875 |      59875 | 1597563 | $200 |       10  (14s)
  2720000 |      0.1 |      59875 |      59875 | 1599728 | $200 |       10  (14s)
  2725000 |      0.1 |      59875 |      59875 | 1601912 | $200 |       10  (14s)
  2730000 |      0.1 |      59875 |      59875 | 1604092 | $200 |       10  (14s)
  2735000 |      0.1 |      59875 |      59875 | 1606306 | $200 |       10  (14s)
  2740000 |      0.1 |      59875 |      59875 | 1608450 | $200 |       10  (14s)
  2745000 |      0.1 |      59875 |      59875 | 1610551 | $200 |       10  (14s)
  2750000 |      0.1 |      59875 |      59875 | 1612751 | $200 |       10  (14s)
  2755000 |      0.1 |      59875 |      59875 | 1614938 | $200 |       10  (14s)
  2760000 |      0.1 |      59875 |      59875 | 1617143 | $200 |       10  (14s)
  2765000 |      0.1 |      59875 |      59875 | 1619320 | $200 |       10  (14s)
  2770000 |      0.1 |      59875 |      59875 | 1621542 | $200 |       10  (14s)
  2775000 |      0.1 |      59875 |      59875 | 1623667 | $200 |       10  (14s)
  2780000 |      0.1 |      59875 |      59875 | 1625828 | $200 |       10  (14s)
  2785000 |      0.1 |      59875 |      59875 | 1628028 | $200 |       10  (14s)
  2790000 |      0.1 |      59875 |      59875 | 1630168 | $200 |       10  (14s)
  2795000 |      0.1 |      59875 |      59875 | 1632367 | $200 |       10  (14s)
  2800000 |      0.1 |      59875 |      59875 | 1634552 | $200 |       10  (14s)
  2805000 |      0.1 |      59875 |      59875 | 1636743 | $200 |       10  (14s)
  2810000 |      0.1 |      59875 |      59875 | 1638910 | $200 |       10  (15s)
  2815000 |      0.1 |      59875 |      59875 | 1641129 | $200 |       10  (15s)
  2820000 |      0.1 |      59875 |      59875 | 1643272 | $200 |       10  (15s)
  2825000 |      0.1 |      59875 |      59875 | 1645465 | $200 |       10  (15s)
  2830000 |      0.1 |      59875 |      59875 | 1647681 | $200 |       10  (15s)
  2835000 |      0.1 |      59875 |      59875 | 1649787 | $200 |       10  (15s)
  2840000 |      0.1 |      59875 |      59875 | 1651917 | $200 |       10  (15s)
  2845000 |      0.1 |      59875 |      59875 | 1654089 | $200 |       10  (15s)
  2850000 |      0.1 |      59875 |      59875 | 1656282 | $200 |       10  (15s)
  2855000 |      0.1 |      59875 |      59875 | 1658506 | $200 |       10  (15s)
  2860000 |      0.1 |      59875 |      59875 | 1660691 | $200 |       10  (15s)
  2865000 |      0.1 |      59875 |      59875 | 1662860 | $200 |       10  (15s)
  2870000 |      0.1 |      59875 |      59875 | 1664993 | $200 |       10  (15s)
  2875000 |      0.1 |      59875 |      59875 | 1667229 | $200 |       10  (15s)
  2880000 |      0.1 |      59875 |      59875 | 1669430 | $200 |       10  (15s)
  2885000 |      0.1 |      59875 |      59875 | 1671544 | $200 |       10  (15s)
  2890000 |      0.1 |      59875 |      59875 | 1673769 | $200 |       10  (15s)
  2895000 |      0.1 |      59875 |      59875 | 1675909 | $200 |       10  (15s)
  2900000 |      0.1 |      59875 |      59875 | 1678042 | $200 |       10  (15s)
  2905000 |      0.0 |      59875 |      59875 | 1680219 | $200 |       10  (15s)
  2910000 |      0.0 |      59875 |      59875 | 1682414 | $200 |       10  (15s)
  2915000 |      0.0 |      59875 |      59875 | 1684598 | $200 |       10  (15s)
  2920000 |      0.0 |      59875 |      59875 | 1686772 | $200 |       10  (15s)
  2925000 |      0.0 |      59875 |      59875 | 1688925 | $200 |       10  (15s)
  2930000 |      0.0 |      59875 |      59875 | 1691122 | $200 |       10  (15s)
  2935000 |      0.0 |      59875 |      59875 | 1693315 | $200 |       10  (15s)
  2940000 |      0.0 |      59875 |      59875 | 1695521 | $200 |       10  (15s)
  2945000 |      0.0 |      59875 |      59875 | 1697733 | $200 |       10  (15s)
  2950000 |      0.0 |      59875 |      59875 | 1699867 | $200 |       10  (15s)
  2955000 |      0.0 |      59875 |      59875 | 1702044 | $200 |       10  (15s)
  2960000 |      0.0 |      59875 |      59875 | 1704207 | $200 |       10  (15s)
  2965000 |      0.0 |      59875 |      59875 | 1706405 | $200 |       10  (15s)
  2970000 |      0.0 |      59875 |      59875 | 1708576 | $200 |       10  (15s)
  2975000 |      0.0 |      59875 |      59875 | 1710760 | $200 |       10  (15s)
  2980000 |      0.0 |      59875 |      59875 | 1712894 | $200 |       10  (15s)
  2985000 |      0.0 |      59875 |      59875 | 1715010 | $200 |       10  (15s)
  2990000 |      0.0 |      59875 |      59875 | 1717154 | $200 |       10  (15s)
  2995000 |      0.0 |      59875 |      59875 | 1719346 | $200 |       10  (16s)
  3000000 |      0.0 |      59875 |      59875 | 1721527 | $200 |       10  (16s)
  3005000 |      0.0 |      59875 |      59875 | 1723678 | $200 |       10  (16s)
  3010000 |      0.0 |      59875 |      59875 | 1725863 | $200 |       10  (16s)
  3015000 |      0.0 |      59875 |      59875 | 1727980 | $200 |       10  (16s)
  3020000 |      0.0 |      59875 |      59875 | 1730168 | $200 |       10  (16s)
  3025000 |      0.0 |      59875 |      59875 | 1732349 | $200 |       10  (16s)
  3030000 |      0.0 |      59875 |      59875 | 1734494 | $200 |       10  (16s)
  3035000 |      0.0 |      59875 |      59875 | 1736714 | $200 |       10  (16s)
  3040000 |      0.0 |      59875 |      59875 | 1738933 | $200 |       10  (16s)
  3045000 |      0.0 |      59875 |      59875 | 1741124 | $200 |       10  (16s)
  3050000 |      0.0 |      59875 |      59875 | 1743311 | $200 |       10  (16s)
  3055000 |      0.0 |      59875 |      59875 | 1745487 | $200 |       10  (16s)
  3060000 |      0.0 |      59875 |      59875 | 1747709 | $200 |       10  (16s)
  3065000 |      0.0 |      59875 |      59875 | 1749913 | $200 |       10  (16s)
  3070000 |      0.0 |      59875 |      59875 | 1752077 | $200 |       10  (16s)
  3075000 |      0.0 |      59875 |      59875 | 1754201 | $200 |       10  (16s)
  3080000 |      0.0 |      59875 |      59875 | 1756383 | $200 |       10  (16s)
  3085000 |      0.0 |      59875 |      59875 | 1758530 | $200 |       10  (16s)
  3090000 |      0.0 |      59875 |      59875 | 1760742 | $200 |       10  (16s)
  3095000 |      0.0 |      59875 |      59875 | 1762916 | $200 |       10  (16s)
  3100000 |      0.0 |      59875 |      59875 | 1765120 | $200 |       10  (16s)
  3105000 |      0.0 |      59875 |      59875 | 1767261 | $200 |       10  (16s)
  3110000 |      0.0 |      59875 |      59875 | 1769416 | $200 |       10  (16s)
  3115000 |      0.0 |      59875 |      59875 | 1771642 | $200 |       10  (16s)
  3120000 |      0.0 |      59875 |      59875 | 1773880 | $200 |       10  (16s)
  3125000 |      0.0 |      59875 |      59875 | 1776082 | $200 |       10  (16s)
  3130000 |      0.0 |      59875 |      59875 | 1778208 | $200 |       10  (16s)
  3135000 |      0.0 |      59875 |      59875 | 1780354 | $200 |       10  (16s)
  3140000 |      0.0 |      59875 |      59875 | 1782522 | $200 |       10  (16s)
  3145000 |      0.0 |      59875 |      59875 | 1784648 | $200 |       10  (16s)
  3150000 |      0.0 |      59875 |      59875 | 1786773 | $200 |       10  (16s)
  3155000 |      0.0 |      59875 |      59875 | 1788908 | $200 |       10  (16s)
  3160000 |      0.0 |      59875 |      59875 | 1791077 | $200 |       10  (16s)
  3165000 |      0.0 |      59875 |      59875 | 1793248 | $200 |       10  (16s)
  3170000 |      0.0 |      59875 |      59875 | 1795435 | $200 |       10  (16s)
  3175000 |      0.0 |      59875 |      59875 | 1797573 | $200 |       10  (16s)
  3180000 |      0.0 |      59875 |      59875 | 1799700 | $200 |       10  (16s)
  3185000 |      0.0 |      59875 |      59875 | 1801900 | $200 |       10  (17s)
  3190000 |      0.0 |      59875 |      59875 | 1804091 | $200 |       10  (17s)
  3195000 |      0.0 |      59875 |      59875 | 1806234 | $200 |       10  (17s)
  3200000 |      0.0 |      59875 |      59875 | 1808367 | $200 |       10  (17s)
  3205000 |      0.0 |      59875 |      59875 | 1810545 | $200 |       10  (17s)
  3210000 |      0.0 |      59875 |      59875 | 1812676 | $200 |       10  (17s)
  3215000 |      0.0 |      59875 |      59875 | 1814917 | $200 |       10  (17s)
  3220000 |      0.0 |      59875 |      59875 | 1817142 | $200 |       10  (17s)

═════════════════════════════════════════════════════════════════════════════════════
OPTIMIZATION COMPLETE!
═════════════════════════════════════════════════════════════════════════════════════
Total iterations: 3223612
Total time: 17 seconds
Final temperature: 0.009999953555792144
Acceptance rate: 56.42%
Improvements found: 36

🏆 BEST SOLUTION:
  Score: 59875
  Cost: $200 / $200
  Commands placed: 10

  Breakdown:
    Turns (U/D/L/R): 5 × $10 = $50
    Stomps (S):      0 × $20 = $0
    Powerups (P):    5 × $30 = $150

✅ Best solution saved to: movements_optimal.txt

To test it, run:
  cp movements_optimal.txt movements.txt
  java QuickTest
