Valid tiles: 17, Budget: $200
Target runtime: 840s (~84000000 iterations)


╔══════════════════════════════════════════════╗
║   SA V3 - ADAPTIVE LONG RUN (14min max)      ║
╚══════════════════════════════════════════════╝

Target iterations: 84000000, Cooling rate: 0.000003
Distance penalty: 500

Initial: Score=11500, Dist=[2,5,4], Fit=6000
[6 @ 0.0s] NEW BEST! Score=11750, Dist=[0,3,7], Cost=$120
[13 @ 0.0s] NEW BEST! Score=12500, Dist=[0,2,4], Cost=$130
[17 @ 0.0s] NEW BEST! Score=13500, Dist=[0,2,4], Cost=$170
[33 @ 0.0s] NEW BEST! Score=13843, Dist=[0,2,5], Cost=$150
[37 @ 0.0s] NEW BEST! Score=16000, Dist=[0,3,4], Cost=$170
[45 @ 0.0s] NEW BEST! Score=17500, Dist=[0,3,3], Cost=$180
[50 @ 0.0s] NEW BEST! Score=17750, Dist=[0,3,3], Cost=$180
[105 @ 0.0s] NEW BEST! Score=18500, Dist=[0,3,3], Cost=$200
[154 @ 0.0s] NEW BEST! Score=19500, Dist=[0,2,3], Cost=$200
[159 @ 0.0s] NEW BEST! Score=20843, Dist=[3,1,4], Cost=$200
[171 @ 0.0s] NEW BEST! Score=22843, Dist=[3,2,4], Cost=$200
[183 @ 0.0s] NEW BEST! Score=23093, Dist=[3,2,5], Cost=$200
[296 @ 0.0s] NEW BEST! Score=23750, Dist=[0,2,6], Cost=$200
[468 @ 0.1s] NEW BEST! Score=24000, Dist=[0,2,3], Cost=$190
[538 @ 0.1s] NEW BEST! Score=26000, Dist=[0,1,3], Cost=$180
[606 @ 0.1s] NEW BEST! Score=26968, Dist=[2,1,3], Cost=$180
[933 @ 0.1s] NEW BEST! Score=28500, Dist=[3,3,3], Cost=$200
[966 @ 0.1s] NEW BEST! Score=30500, Dist=[3,0,3], Cost=$200
[2378 @ 0.1s] NEW BEST! Score=30750, Dist=[0,0,3], Cost=$200
[2476 @ 0.1s] NEW BEST! Score=32750, Dist=[0,0,3], Cost=$200
[2945 @ 0.2s] NEW BEST! Score=34750, Dist=[0,0,3], Cost=$200
[6679 @ 0.3s] NEW BEST! Score=35750, Dist=[0,0,3], Cost=$200
[18959 @ 0.5s] NEW BEST! Score=55500, Dist=[0,4,0], Cost=$200
[19583 @ 0.5s] NEW BEST! Score=57625, Dist=[0,4,4], Cost=$200
[19647 @ 0.5s] NEW BEST! Score=57875, Dist=[0,4,4], Cost=$200
[24026 @ 0.5s] NEW BEST! Score=58250, Dist=[0,3,3], Cost=$200
[24048 @ 0.5s] NEW BEST! Score=58375, Dist=[0,3,4], Cost=$200
[50000 @ 0.7s] Best=58375, Dist=[0,3,4], Temp=199.4, Accept=18.3%, Speed=73421/s
[100000 @ 1.0s] Best=58375, Dist=[0,3,4], Temp=198.7, Accept=16.8%, Speed=97752/s
[108782 @ 1.1s] NEW BEST! Score=58500, Dist=[0,3,3], Cost=$200
[150000 @ 1.3s] Best=58500, Dist=[0,3,3], Temp=198.1, Accept=18.0%, Speed=112867/s
[200000 @ 1.6s] Best=58500, Dist=[0,3,3], Temp=197.5, Accept=16.5%, Speed=123457/s
[250000 @ 1.9s] Best=58500, Dist=[0,3,3], Temp=196.9, Accept=16.8%, Speed=130412/s
[300000 @ 2.2s] Best=58500, Dist=[0,3,3], Temp=196.3, Accept=17.8%, Speed=136612/s
[350000 @ 2.5s] Best=58500, Dist=[0,3,3], Temp=195.6, Accept=16.8%, Speed=141643/s
[400000 @ 2.7s] Best=58500, Dist=[0,3,3], Temp=195.0, Accept=16.9%, Speed=145719/s
[450000 @ 3.0s] Best=58500, Dist=[0,3,3], Temp=194.4, Accept=16.9%, Speed=148957/s
[500000 @ 3.3s] Best=58500, Dist=[0,3,3], Temp=193.8, Accept=16.8%, Speed=151791/s
[550000 @ 3.6s] Best=58500, Dist=[0,3,3], Temp=193.2, Accept=17.1%, Speed=154278/s
[600000 @ 3.8s] Best=58500, Dist=[0,3,3], Temp=192.6, Accept=16.9%, Speed=156331/s
[650000 @ 4.1s] Best=58500, Dist=[0,3,3], Temp=192.0, Accept=17.3%, Speed=158035/s
[700000 @ 4.4s] Best=58500, Dist=[0,3,3], Temp=191.4, Accept=16.7%, Speed=159526/s
[750000 @ 4.7s] Best=58500, Dist=[0,3,3], Temp=190.8, Accept=17.1%, Speed=160806/s
[800000 @ 4.9s] Best=58500, Dist=[0,3,3], Temp=190.2, Accept=17.0%, Speed=161812/s
[850000 @ 5.2s] Best=58500, Dist=[0,3,3], Temp=189.6, Accept=17.0%, Speed=162648/s
[900000 @ 5.5s] Best=58500, Dist=[0,3,3], Temp=189.0, Accept=16.8%, Speed=163636/s
[950000 @ 5.8s] Best=58500, Dist=[0,3,3], Temp=188.4, Accept=16.9%, Speed=164531/s
[985030 @ 6.0s] NEW BEST! Score=58593, Dist=[2,3,5], Cost=$200
[1000000 @ 6.1s] Best=58593, Dist=[2,3,5], Temp=187.8, Accept=17.4%, Speed=165262/s
[1050000 @ 6.3s] Best=58593, Dist=[2,3,5], Temp=187.2, Accept=16.9%, Speed=165877/s
[1100000 @ 6.6s] Best=58593, Dist=[2,3,5], Temp=186.6, Accept=17.0%, Speed=166490/s
[1150000 @ 6.9s] Best=58593, Dist=[2,3,5], Temp=186.0, Accept=16.8%, Speed=167078/s
[1200000 @ 7.2s] Best=58593, Dist=[2,3,5], Temp=185.4, Accept=17.1%, Speed=167551/s
[1250000 @ 7.4s] Best=58593, Dist=[2,3,5], Temp=184.8, Accept=17.0%, Speed=168056/s
[1300000 @ 7.7s] Best=58593, Dist=[2,3,5], Temp=184.3, Accept=16.8%, Speed=168525/s
[1350000 @ 8.0s] Best=58593, Dist=[2,3,5], Temp=183.7, Accept=16.7%, Speed=169025/s
[1400000 @ 8.3s] Best=58593, Dist=[2,3,5], Temp=183.1, Accept=16.6%, Speed=169512/s
[1450000 @ 8.5s] Best=58593, Dist=[2,3,5], Temp=182.5, Accept=16.8%, Speed=169968/s
[1500000 @ 8.8s] Best=58593, Dist=[2,3,5], Temp=181.9, Accept=16.7%, Speed=170396/s
[1550000 @ 9.1s] Best=58593, Dist=[2,3,5], Temp=181.4, Accept=16.8%, Speed=170799/s
[1600000 @ 9.4s] Best=58593, Dist=[2,3,5], Temp=180.8, Accept=17.0%, Speed=171123/s
[1650000 @ 9.6s] Best=58593, Dist=[2,3,5], Temp=180.2, Accept=17.4%, Speed=171464/s
[1700000 @ 9.9s] Best=58593, Dist=[2,3,5], Temp=179.7, Accept=17.7%, Speed=171682/s
[1750000 @ 10.2s] Best=58593, Dist=[2,3,5], Temp=179.1, Accept=17.8%, Speed=171889/s
[1800000 @ 10.5s] Best=58593, Dist=[2,3,5], Temp=178.5, Accept=17.9%, Speed=172101/s
[1850000 @ 10.7s] Best=58593, Dist=[2,3,5], Temp=178.0, Accept=18.3%, Speed=172269/s
[1900000 @ 11.0s] Best=58593, Dist=[2,3,5], Temp=177.4, Accept=17.8%, Speed=172476/s
[1950000 @ 11.3s] Best=58593, Dist=[2,3,5], Temp=176.9, Accept=17.4%, Speed=172658/s
[2000000 @ 11.6s] Best=58593, Dist=[2,3,5], Temp=176.3, Accept=17.9%, Speed=172786/s
[2050000 @ 11.9s] Best=58593, Dist=[2,3,5], Temp=175.7, Accept=17.6%, Speed=172952/s
[2100000 @ 12.1s] Best=58593, Dist=[2,3,5], Temp=175.2, Accept=17.6%, Speed=172896/s
[2150000 @ 12.4s] Best=58593, Dist=[2,3,5], Temp=174.6, Accept=17.7%, Speed=173052/s
[2200000 @ 12.7s] Best=58593, Dist=[2,3,5], Temp=174.1, Accept=17.8%, Speed=173215/s
[2250000 @ 13.0s] Best=58593, Dist=[2,3,5], Temp=173.5, Accept=17.8%, Speed=172864/s
[2300000 @ 13.4s] Best=58593, Dist=[2,3,5], Temp=173.0, Accept=18.0%, Speed=172181/s
[2350000 @ 13.7s] Best=58593, Dist=[2,3,5], Temp=172.4, Accept=17.9%, Speed=172023/s
[2400000 @ 13.9s] Best=58593, Dist=[2,3,5], Temp=171.9, Accept=18.2%, Speed=172179/s
[2450000 @ 14.2s] Best=58593, Dist=[2,3,5], Temp=171.4, Accept=17.9%, Speed=172353/s
[2500000 @ 14.5s] Best=58593, Dist=[2,3,5], Temp=170.8, Accept=17.6%, Speed=172390/s
[2550000 @ 14.8s] Best=58593, Dist=[2,3,5], Temp=170.3, Accept=17.4%, Speed=172554/s
[2600000 @ 15.1s] Best=58593, Dist=[2,3,5], Temp=169.7, Accept=17.8%, Speed=172471/s
[2650000 @ 15.4s] Best=58593, Dist=[2,3,5], Temp=169.2, Accept=17.5%, Speed=172358/s
[2700000 @ 15.7s] Best=58593, Dist=[2,3,5], Temp=168.7, Accept=17.6%, Speed=171756/s
[2750000 @ 16.0s] Best=58593, Dist=[2,3,5], Temp=168.2, Accept=17.7%, Speed=171875/s
[2800000 @ 16.3s] Best=58593, Dist=[2,3,5], Temp=167.6, Accept=17.6%, Speed=172011/s
[2850000 @ 16.6s] Best=58593, Dist=[2,3,5], Temp=167.1, Accept=18.0%, Speed=172122/s
[2900000 @ 16.8s] Best=58593, Dist=[2,3,5], Temp=166.6, Accept=17.6%, Speed=172250/s
[2950000 @ 17.1s] Best=58593, Dist=[2,3,5], Temp=166.0, Accept=17.9%, Speed=172394/s
[3000000 @ 17.4s] Best=58593, Dist=[2,3,5], Temp=165.5, Accept=17.8%, Speed=172523/s
[3050000 @ 17.7s] Best=58593, Dist=[2,3,5], Temp=165.0, Accept=17.5%, Speed=172628/s
[3100000 @ 17.9s] Best=58593, Dist=[2,3,5], Temp=164.5, Accept=17.7%, Speed=172721/s
[3150000 @ 18.2s] Best=58593, Dist=[2,3,5], Temp=164.0, Accept=17.9%, Speed=172849/s
[3200000 @ 18.5s] Best=58593, Dist=[2,3,5], Temp=163.4, Accept=17.8%, Speed=172964/s
[3250000 @ 18.8s] Best=58593, Dist=[2,3,5], Temp=162.9, Accept=17.7%, Speed=172872/s
[3300000 @ 19.1s] Best=58593, Dist=[2,3,5], Temp=162.4, Accept=17.6%, Speed=172983/s
[3350000 @ 19.4s] Best=58593, Dist=[2,3,5], Temp=161.9, Accept=17.8%, Speed=173091/s
[3400000 @ 19.6s] Best=58593, Dist=[2,3,5], Temp=161.4, Accept=17.9%, Speed=173187/s
[3450000 @ 19.9s] Best=58593, Dist=[2,3,5], Temp=160.9, Accept=17.6%, Speed=173262/s
[3500000 @ 20.2s] Best=58593, Dist=[2,3,5], Temp=160.4, Accept=17.7%, Speed=173362/s
[3550000 @ 20.5s] Best=58593, Dist=[2,3,5], Temp=159.9, Accept=17.6%, Speed=173458/s
[3600000 @ 20.7s] Best=58593, Dist=[2,3,5], Temp=159.4, Accept=18.2%, Speed=173544/s
[3650000 @ 21.0s] Best=58593, Dist=[2,3,5], Temp=158.9, Accept=22.4%, Speed=173628/s
[3700000 @ 21.3s] Best=58593, Dist=[2,3,5], Temp=158.4, Accept=22.0%, Speed=173701/s
[3750000 @ 21.6s] Best=58593, Dist=[2,3,5], Temp=157.9, Accept=21.8%, Speed=173780/s
[3800000 @ 21.9s] Best=58593, Dist=[2,3,5], Temp=157.4, Accept=21.8%, Speed=173841/s
[3850000 @ 22.2s] Best=58593, Dist=[2,3,5], Temp=156.9, Accept=21.9%, Speed=173815/s
[3900000 @ 22.4s] Best=58593, Dist=[2,3,5], Temp=156.4, Accept=21.8%, Speed=173890/s
[3950000 @ 22.7s] Best=58593, Dist=[2,3,5], Temp=155.9, Accept=21.4%, Speed=173909/s
[4000000 @ 23.0s] Best=58593, Dist=[2,3,5], Temp=155.4, Accept=22.3%, Speed=173989/s
[4050000 @ 23.3s] Best=58593, Dist=[2,3,5], Temp=154.9, Accept=17.1%, Speed=174081/s
[4100000 @ 23.5s] Best=58593, Dist=[2,3,5], Temp=154.4, Accept=16.8%, Speed=174179/s
[4150000 @ 23.8s] Best=58593, Dist=[2,3,5], Temp=153.9, Accept=16.7%, Speed=174275/s
[4200000 @ 24.1s] Best=58593, Dist=[2,3,5], Temp=153.5, Accept=16.9%, Speed=174346/s
[4250000 @ 24.4s] Best=58593, Dist=[2,3,5], Temp=153.0, Accept=16.5%, Speed=174366/s
[4300000 @ 24.7s] Best=58593, Dist=[2,3,5], Temp=152.5, Accept=16.6%, Speed=174407/s
[4350000 @ 24.9s] Best=58593, Dist=[2,3,5], Temp=152.0, Accept=16.6%, Speed=174447/s
[4400000 @ 25.2s] Best=58593, Dist=[2,3,5], Temp=151.5, Accept=16.7%, Speed=174520/s
[4450000 @ 25.5s] Best=58593, Dist=[2,3,5], Temp=151.1, Accept=16.8%, Speed=174394/s
[4500000 @ 25.8s] Best=58593, Dist=[2,3,5], Temp=150.6, Accept=16.6%, Speed=174439/s
[4550000 @ 26.1s] Best=58593, Dist=[2,3,5], Temp=150.1, Accept=16.7%, Speed=174510/s
[4600000 @ 26.4s] Best=58593, Dist=[2,3,5], Temp=149.6, Accept=16.7%, Speed=174553/s
[4650000 @ 26.6s] Best=58593, Dist=[2,3,5], Temp=149.2, Accept=16.9%, Speed=174609/s
[4700000 @ 26.9s] Best=58593, Dist=[2,3,5], Temp=148.7, Accept=16.8%, Speed=174617/s
[4750000 @ 27.2s] Best=58593, Dist=[2,3,5], Temp=148.2, Accept=16.6%, Speed=174620/s
[4800000 @ 27.5s] Best=58593, Dist=[2,3,5], Temp=147.8, Accept=16.6%, Speed=174698/s
[4850000 @ 27.8s] Best=58593, Dist=[2,3,5], Temp=147.3, Accept=16.7%, Speed=174706/s
[4900000 @ 28.0s] Best=58593, Dist=[2,3,5], Temp=146.8, Accept=16.6%, Speed=174744/s
[4950000 @ 28.3s] Best=58593, Dist=[2,3,5], Temp=146.4, Accept=17.1%, Speed=174757/s
[5000000 @ 28.6s] Best=58593, Dist=[2,3,5], Temp=145.9, Accept=16.8%, Speed=174831/s
[5050000 @ 28.9s] Best=58593, Dist=[2,3,5], Temp=145.4, Accept=16.8%, Speed=174868/s
[5100000 @ 29.2s] Best=58593, Dist=[2,3,5], Temp=145.0, Accept=16.9%, Speed=174735/s
[5150000 @ 29.5s] Best=58593, Dist=[2,3,5], Temp=144.5, Accept=16.9%, Speed=174754/s
[5200000 @ 29.8s] Best=58593, Dist=[2,3,5], Temp=144.1, Accept=16.9%, Speed=174573/s
[5250000 @ 30.1s] Best=58593, Dist=[2,3,5], Temp=143.6, Accept=16.8%, Speed=174616/s
[5300000 @ 30.4s] Best=58593, Dist=[2,3,5], Temp=143.2, Accept=18.3%, Speed=174612/s
[5350000 @ 30.7s] Best=58593, Dist=[2,3,5], Temp=142.7, Accept=17.7%, Speed=174517/s
[5400000 @ 30.9s] Best=58593, Dist=[2,3,5], Temp=142.3, Accept=17.9%, Speed=174520/s
[5450000 @ 31.2s] Best=58593, Dist=[2,3,5], Temp=141.8, Accept=18.0%, Speed=174551/s
[5500000 @ 31.5s] Best=58593, Dist=[2,3,5], Temp=141.4, Accept=17.7%, Speed=174570/s
[5550000 @ 31.8s] Best=58593, Dist=[2,3,5], Temp=140.9, Accept=17.9%, Speed=174611/s
[5600000 @ 32.1s] Best=58593, Dist=[2,3,5], Temp=140.5, Accept=17.9%, Speed=174667/s
[5650000 @ 32.3s] Best=58593, Dist=[2,3,5], Temp=140.0, Accept=17.8%, Speed=174722/s
[5700000 @ 32.6s] Best=58593, Dist=[2,3,5], Temp=139.6, Accept=17.9%, Speed=174713/s
[5750000 @ 32.9s] Best=58593, Dist=[2,3,5], Temp=139.2, Accept=17.8%, Speed=174730/s
[5800000 @ 33.2s] Best=58593, Dist=[2,3,5], Temp=138.7, Accept=17.8%, Speed=174804/s
[5850000 @ 33.5s] Best=58593, Dist=[2,3,5], Temp=138.3, Accept=17.3%, Speed=174857/s
[5900000 @ 33.7s] Best=58593, Dist=[2,3,5], Temp=137.9, Accept=17.7%, Speed=174903/s
[5950000 @ 34.0s] Best=58593, Dist=[2,3,5], Temp=137.4, Accept=17.7%, Speed=174887/s
[6000000 @ 34.3s] Best=58593, Dist=[2,3,5], Temp=137.0, Accept=17.6%, Speed=174922/s
[6050000 @ 34.6s] Best=58593, Dist=[2,3,5], Temp=136.6, Accept=17.5%, Speed=174967/s
[6100000 @ 34.9s] Best=58593, Dist=[2,3,5], Temp=136.1, Accept=17.9%, Speed=174976/s
[6150000 @ 35.2s] Best=58593, Dist=[2,3,5], Temp=135.7, Accept=17.8%, Speed=174910/s
[6200000 @ 35.4s] Best=58593, Dist=[2,3,5], Temp=135.3, Accept=17.5%, Speed=174919/s
[6250000 @ 35.7s] Best=58593, Dist=[2,3,5], Temp=134.8, Accept=18.1%, Speed=174972/s
[6300000 @ 36.0s] Best=58593, Dist=[2,3,5], Temp=134.4, Accept=17.9%, Speed=174976/s
[6350000 @ 36.3s] Best=58593, Dist=[2,3,5], Temp=134.0, Accept=17.7%, Speed=174965/s
[6400000 @ 36.6s] Best=58593, Dist=[2,3,5], Temp=133.6, Accept=17.5%, Speed=174997/s
[6450000 @ 36.9s] Best=58593, Dist=[2,3,5], Temp=133.2, Accept=17.9%, Speed=175034/s
[6500000 @ 37.1s] Best=58593, Dist=[2,3,5], Temp=132.7, Accept=17.6%, Speed=175084/s
[6550000 @ 37.4s] Best=58593, Dist=[2,3,5], Temp=132.3, Accept=17.5%, Speed=175031/s
[6600000 @ 37.7s] Best=58593, Dist=[2,3,5], Temp=131.9, Accept=17.6%, Speed=175052/s
[6650000 @ 38.0s] Best=58593, Dist=[2,3,5], Temp=131.5, Accept=17.7%, Speed=175032/s
[6700000 @ 38.3s] Best=58593, Dist=[2,3,5], Temp=131.1, Accept=17.9%, Speed=174958/s
[6750000 @ 38.6s] Best=58593, Dist=[2,3,5], Temp=130.7, Accept=18.0%, Speed=174975/s
[6800000 @ 38.9s] Best=58593, Dist=[2,3,5], Temp=130.2, Accept=17.9%, Speed=174947/s
[6850000 @ 39.2s] Best=58593, Dist=[2,3,5], Temp=129.8, Accept=17.7%, Speed=174941/s
[6900000 @ 39.4s] Best=58593, Dist=[2,3,5], Temp=129.4, Accept=17.5%, Speed=174976/s
[6950000 @ 39.8s] Best=58593, Dist=[2,3,5], Temp=129.0, Accept=17.7%, Speed=174790/s
[7000000 @ 40.1s] Best=58593, Dist=[2,3,5], Temp=128.6, Accept=17.8%, Speed=174782/s
[7050000 @ 40.3s] Best=58593, Dist=[2,3,5], Temp=128.2, Accept=17.7%, Speed=174773/s
[7100000 @ 40.6s] Best=58593, Dist=[2,3,5], Temp=127.8, Accept=17.9%, Speed=174808/s
[7150000 @ 40.9s] Best=58593, Dist=[2,3,5], Temp=127.4, Accept=17.6%, Speed=174684/s
[7200000 @ 41.3s] Best=58593, Dist=[2,3,5], Temp=127.0, Accept=17.6%, Speed=174414/s
[7250000 @ 41.6s] Best=58593, Dist=[2,3,5], Temp=126.6, Accept=17.6%, Speed=174308/s
[7300000 @ 41.9s] Best=58593, Dist=[2,3,5], Temp=126.2, Accept=17.7%, Speed=174349/s
[7350000 @ 42.2s] Best=58593, Dist=[2,3,5], Temp=125.8, Accept=17.9%, Speed=174357/s
[7400000 @ 42.4s] Best=58593, Dist=[2,3,5], Temp=125.4, Accept=17.8%, Speed=174409/s
[7450000 @ 42.7s] Best=58593, Dist=[2,3,5], Temp=125.0, Accept=17.6%, Speed=174461/s
[7500000 @ 43.0s] Best=58593, Dist=[2,3,5], Temp=124.6, Accept=17.8%, Speed=174496/s
[7550000 @ 43.3s] Best=58593, Dist=[2,3,5], Temp=124.2, Accept=17.8%, Speed=174530/s
[7600000 @ 43.5s] Best=58593, Dist=[2,3,5], Temp=123.8, Accept=17.9%, Speed=174556/s
[7650000 @ 43.9s] Best=58593, Dist=[2,3,5], Temp=123.4, Accept=17.8%, Speed=174458/s
[7700000 @ 44.2s] Best=58593, Dist=[2,3,5], Temp=123.1, Accept=17.4%, Speed=174390/s
[7750000 @ 44.4s] Best=58593, Dist=[2,3,5], Temp=122.7, Accept=17.9%, Speed=174412/s
[7800000 @ 44.7s] Best=58593, Dist=[2,3,5], Temp=122.3, Accept=18.1%, Speed=174387/s
[7850000 @ 45.0s] Best=58593, Dist=[2,3,5], Temp=121.9, Accept=17.5%, Speed=174305/s
[7900000 @ 45.3s] Best=58593, Dist=[2,3,5], Temp=121.5, Accept=17.8%, Speed=174239/s
[7950000 @ 45.6s] Best=58593, Dist=[2,3,5], Temp=121.1, Accept=17.8%, Speed=174273/s
[8000000 @ 45.9s] Best=58593, Dist=[2,3,5], Temp=120.7, Accept=17.4%, Speed=174300/s
[8050000 @ 46.2s] Best=58593, Dist=[2,3,5], Temp=120.4, Accept=17.9%, Speed=174265/s
[8100000 @ 46.5s] Best=58593, Dist=[2,3,5], Temp=120.0, Accept=17.6%, Speed=174302/s
[8150000 @ 46.7s] Best=58593, Dist=[2,3,5], Temp=119.6, Accept=17.6%, Speed=174350/s
[8200000 @ 47.0s] Best=58593, Dist=[2,3,5], Temp=119.2, Accept=17.8%, Speed=174327/s
[8250000 @ 47.3s] Best=58593, Dist=[2,3,5], Temp=118.9, Accept=17.8%, Speed=174349/s
[8300000 @ 47.6s] Best=58593, Dist=[2,3,5], Temp=118.5, Accept=18.1%, Speed=174366/s
[8350000 @ 47.9s] Best=58593, Dist=[2,3,5], Temp=118.1, Accept=17.7%, Speed=174409/s
[8400000 @ 48.2s] Best=58593, Dist=[2,3,5], Temp=117.7, Accept=17.7%, Speed=174437/s
[8450000 @ 48.4s] Best=58593, Dist=[2,3,5], Temp=117.4, Accept=17.6%, Speed=174475/s
[8500000 @ 48.7s] Best=58593, Dist=[2,3,5], Temp=117.0, Accept=17.9%, Speed=174509/s
[8550000 @ 49.0s] Best=58593, Dist=[2,3,5], Temp=116.6, Accept=17.7%, Speed=174543/s
[8600000 @ 49.3s] Best=58593, Dist=[2,3,5], Temp=116.3, Accept=17.7%, Speed=174584/s
[8650000 @ 49.6s] Best=58593, Dist=[2,3,5], Temp=115.9, Accept=17.6%, Speed=174476/s
[8700000 @ 49.9s] Best=58593, Dist=[2,3,5], Temp=115.5, Accept=17.6%, Speed=174503/s
[8750000 @ 50.1s] Best=58593, Dist=[2,3,5], Temp=115.2, Accept=17.6%, Speed=174529/s
[8800000 @ 50.4s] Best=58593, Dist=[2,3,5], Temp=114.8, Accept=17.6%, Speed=174551/s
[8850000 @ 50.7s] Best=58593, Dist=[2,3,5], Temp=114.4, Accept=17.8%, Speed=174580/s
[8900000 @ 51.0s] Best=58593, Dist=[2,3,5], Temp=114.1, Accept=17.8%, Speed=174599/s
[8950000 @ 51.2s] Best=58593, Dist=[2,3,5], Temp=113.7, Accept=17.6%, Speed=174638/s
[9000000 @ 51.5s] Best=58593, Dist=[2,3,5], Temp=113.4, Accept=17.6%, Speed=174662/s
[9050000 @ 51.8s] Best=58593, Dist=[2,3,5], Temp=113.0, Accept=17.4%, Speed=174643/s
[9100000 @ 52.1s] Best=58593, Dist=[2,3,5], Temp=112.7, Accept=17.9%, Speed=174664/s
[9150000 @ 52.4s] Best=58593, Dist=[2,3,5], Temp=112.3, Accept=17.8%, Speed=174678/s
[9200000 @ 52.7s] Best=58593, Dist=[2,3,5], Temp=111.9, Accept=17.7%, Speed=174706/s
[9250000 @ 52.9s] Best=58593, Dist=[2,3,5], Temp=111.6, Accept=17.6%, Speed=174736/s
[9300000 @ 53.2s] Best=58593, Dist=[2,3,5], Temp=111.2, Accept=17.6%, Speed=174769/s
[9350000 @ 53.6s] Best=58593, Dist=[2,3,5], Temp=110.9, Accept=17.7%, Speed=174391/s
[9400000 @ 53.9s] Best=58593, Dist=[2,3,5], Temp=110.5, Accept=17.8%, Speed=174378/s
[9450000 @ 54.2s] Best=58593, Dist=[2,3,5], Temp=110.2, Accept=17.8%, Speed=174403/s
[9500000 @ 54.5s] Best=58593, Dist=[2,3,5], Temp=109.8, Accept=17.8%, Speed=174424/s
[9550000 @ 54.8s] Best=58593, Dist=[2,3,5], Temp=109.5, Accept=17.7%, Speed=174429/s
[9600000 @ 55.0s] Best=58593, Dist=[2,3,5], Temp=109.2, Accept=17.9%, Speed=174457/s
[9650000 @ 55.3s] Best=58593, Dist=[2,3,5], Temp=108.8, Accept=17.4%, Speed=174477/s
[9700000 @ 55.6s] Best=58593, Dist=[2,3,5], Temp=108.5, Accept=17.8%, Speed=174495/s
[9750000 @ 55.9s] Best=58593, Dist=[2,3,5], Temp=108.1, Accept=17.4%, Speed=174528/s
[9800000 @ 56.1s] Best=58593, Dist=[2,3,5], Temp=107.8, Accept=17.6%, Speed=174557/s
[9850000 @ 56.4s] Best=58593, Dist=[2,3,5], Temp=107.5, Accept=17.8%, Speed=174587/s
[9900000 @ 56.7s] Best=58593, Dist=[2,3,5], Temp=107.1, Accept=17.7%, Speed=174612/s
[9950000 @ 57.0s] Best=58593, Dist=[2,3,5], Temp=106.8, Accept=17.3%, Speed=174638/s
[10000000 @ 57.3s] Best=58593, Dist=[2,3,5], Temp=106.4, Accept=17.4%, Speed=174648/s
[10050000 @ 57.5s] Best=58593, Dist=[2,3,5], Temp=106.1, Accept=17.7%, Speed=174664/s
[10100000 @ 57.8s] Best=58593, Dist=[2,3,5], Temp=105.8, Accept=17.5%, Speed=174692/s
[10150000 @ 58.1s] Best=58593, Dist=[2,3,5], Temp=105.4, Accept=17.4%, Speed=174705/s
[10200000 @ 58.4s] Best=58593, Dist=[2,3,5], Temp=105.1, Accept=17.7%, Speed=174672/s
[10250000 @ 58.7s] Best=58593, Dist=[2,3,5], Temp=104.8, Accept=17.8%, Speed=174706/s
[10300000 @ 59.0s] Best=58593, Dist=[2,3,5], Temp=104.4, Accept=17.7%, Speed=174718/s
[10350000 @ 59.3s] Best=58593, Dist=[2,3,5], Temp=104.1, Accept=17.8%, Speed=174639/s
[10400000 @ 59.5s] Best=58593, Dist=[2,3,5], Temp=103.8, Accept=17.6%, Speed=174667/s
[10450000 @ 59.8s] Best=58593, Dist=[2,3,5], Temp=103.5, Accept=17.5%, Speed=174679/s
[10500000 @ 60.2s] Best=58593, Dist=[2,3,5], Temp=103.1, Accept=17.8%, Speed=174280/s
[10550000 @ 60.7s] Best=58593, Dist=[2,3,5], Temp=102.8, Accept=17.8%, Speed=173880/s
[10600000 @ 61.0s] Best=58593, Dist=[2,3,5], Temp=102.5, Accept=17.8%, Speed=173890/s
[10650000 @ 61.2s] Best=58593, Dist=[2,3,5], Temp=102.2, Accept=17.9%, Speed=173912/s
[10700000 @ 61.5s] Best=58593, Dist=[2,3,5], Temp=101.8, Accept=17.6%, Speed=173927/s
[10750000 @ 61.8s] Best=58593, Dist=[2,3,5], Temp=101.5, Accept=17.9%, Speed=173959/s
[10800000 @ 62.1s] Best=58593, Dist=[2,3,5], Temp=101.2, Accept=17.7%, Speed=173991/s
[10850000 @ 62.4s] Best=58593, Dist=[2,3,5], Temp=100.9, Accept=17.8%, Speed=174001/s
[10900000 @ 62.6s] Best=58593, Dist=[2,3,5], Temp=100.6, Accept=17.4%, Speed=174024/s
[10950000 @ 62.9s] Best=58593, Dist=[2,3,5], Temp=100.2, Accept=17.7%, Speed=174053/s
[11000000 @ 63.2s] Best=58593, Dist=[2,3,5], Temp=99.9, Accept=17.4%, Speed=174070/s
[11050000 @ 63.5s] Best=58593, Dist=[2,3,5], Temp=99.6, Accept=17.8%, Speed=174103/s
[11100000 @ 63.7s] Best=58593, Dist=[2,3,5], Temp=99.3, Accept=17.5%, Speed=174131/s
[11150000 @ 64.0s] Best=58593, Dist=[2,3,5], Temp=99.0, Accept=17.4%, Speed=174153/s
[11200000 @ 64.3s] Best=58593, Dist=[2,3,5], Temp=98.7, Accept=17.7%, Speed=174170/s
[11250000 @ 64.6s] Best=58593, Dist=[2,3,5], Temp=98.4, Accept=17.9%, Speed=174184/s
[11300000 @ 64.9s] Best=58593, Dist=[2,3,5], Temp=98.1, Accept=17.9%, Speed=174114/s
[11350000 @ 65.2s] Best=58593, Dist=[2,3,5], Temp=97.8, Accept=17.6%, Speed=174096/s
[11400000 @ 65.5s] Best=58593, Dist=[2,3,5], Temp=97.4, Accept=17.7%, Speed=174128/s
[11450000 @ 65.7s] Best=58593, Dist=[2,3,5], Temp=97.1, Accept=17.4%, Speed=174150/s
[11500000 @ 66.0s] Best=58593, Dist=[2,3,5], Temp=96.8, Accept=17.8%, Speed=174153/s
[11550000 @ 66.3s] Best=58593, Dist=[2,3,5], Temp=96.5, Accept=18.0%, Speed=174187/s
[11600000 @ 66.6s] Best=58593, Dist=[2,3,5], Temp=96.2, Accept=17.8%, Speed=174203/s
[11650000 @ 66.9s] Best=58593, Dist=[2,3,5], Temp=95.9, Accept=17.7%, Speed=174226/s
[11700000 @ 67.1s] Best=58593, Dist=[2,3,5], Temp=95.6, Accept=18.0%, Speed=174255/s
[11750000 @ 67.4s] Best=58593, Dist=[2,3,5], Temp=95.3, Accept=17.6%, Speed=174283/s
[11800000 @ 67.7s] Best=58593, Dist=[2,3,5], Temp=95.0, Accept=18.0%, Speed=174306/s
[11850000 @ 68.0s] Best=58593, Dist=[2,3,5], Temp=94.7, Accept=17.5%, Speed=174326/s
[11900000 @ 68.3s] Best=58593, Dist=[2,3,5], Temp=94.4, Accept=17.8%, Speed=174277/s
[11950000 @ 68.6s] Best=58593, Dist=[2,3,5], Temp=94.1, Accept=17.7%, Speed=174287/s
[12000000 @ 68.9s] Best=58593, Dist=[2,3,5], Temp=93.8, Accept=18.0%, Speed=174262/s
[12050000 @ 69.1s] Best=58593, Dist=[2,3,5], Temp=93.5, Accept=17.5%, Speed=174279/s
[12100000 @ 69.4s] Best=58593, Dist=[2,3,5], Temp=93.2, Accept=17.8%, Speed=174279/s
[12150000 @ 69.7s] Best=58593, Dist=[2,3,5], Temp=92.9, Accept=17.7%, Speed=174304/s
[12200000 @ 70.0s] Best=58593, Dist=[2,3,5], Temp=92.6, Accept=17.7%, Speed=174253/s
[12250000 @ 70.3s] Best=58593, Dist=[2,3,5], Temp=92.4, Accept=17.8%, Speed=174186/s
[12300000 @ 70.6s] Best=58593, Dist=[2,3,5], Temp=92.1, Accept=17.7%, Speed=174177/s
[12350000 @ 70.9s] Best=58593, Dist=[2,3,5], Temp=91.8, Accept=17.6%, Speed=174177/s
[12400000 @ 71.2s] Best=58593, Dist=[2,3,5], Temp=91.5, Accept=17.8%, Speed=174206/s
[12450000 @ 71.5s] Best=58593, Dist=[2,3,5], Temp=91.2, Accept=17.8%, Speed=174218/s
[12500000 @ 71.7s] Best=58593, Dist=[2,3,5], Temp=90.9, Accept=17.8%, Speed=174245/s
[12550000 @ 72.0s] Best=58593, Dist=[2,3,5], Temp=90.6, Accept=17.7%, Speed=174277/s
[12600000 @ 72.3s] Best=58593, Dist=[2,3,5], Temp=90.3, Accept=17.5%, Speed=174281/s
[12650000 @ 72.6s] Best=58593, Dist=[2,3,5], Temp=90.1, Accept=17.6%, Speed=174283/s
[12700000 @ 72.9s] Best=58593, Dist=[2,3,5], Temp=89.8, Accept=17.6%, Speed=174293/s
[12750000 @ 73.1s] Best=58593, Dist=[2,3,5], Temp=89.5, Accept=17.9%, Speed=174309/s
[12800000 @ 73.4s] Best=58593, Dist=[2,3,5], Temp=89.2, Accept=17.8%, Speed=174339/s
[12850000 @ 73.7s] Best=58593, Dist=[2,3,5], Temp=88.9, Accept=17.5%, Speed=174306/s
[12900000 @ 74.0s] Best=58593, Dist=[2,3,5], Temp=88.6, Accept=17.9%, Speed=174334/s
[12950000 @ 74.3s] Best=58593, Dist=[2,3,5], Temp=88.4, Accept=17.7%, Speed=174366/s
[13000000 @ 74.5s] Best=58593, Dist=[2,3,5], Temp=88.1, Accept=17.8%, Speed=174391/s
[13050000 @ 74.8s] Best=58593, Dist=[2,3,5], Temp=87.8, Accept=17.5%, Speed=174416/s
[13100000 @ 75.1s] Best=58593, Dist=[2,3,5], Temp=87.5, Accept=17.7%, Speed=174439/s
[13150000 @ 75.4s] Best=58593, Dist=[2,3,5], Temp=87.3, Accept=17.9%, Speed=174456/s
[13200000 @ 75.7s] Best=58593, Dist=[2,3,5], Temp=87.0, Accept=17.7%, Speed=174419/s
[13250000 @ 76.0s] Best=58593, Dist=[2,3,5], Temp=86.7, Accept=17.7%, Speed=174429/s
[13300000 @ 76.2s] Best=58593, Dist=[2,3,5], Temp=86.4, Accept=17.9%, Speed=174454/s
[13350000 @ 76.6s] Best=58593, Dist=[2,3,5], Temp=86.2, Accept=17.8%, Speed=174353/s
[13400000 @ 76.9s] Best=58593, Dist=[2,3,5], Temp=85.9, Accept=18.2%, Speed=174273/s
[13450000 @ 77.2s] Best=58593, Dist=[2,3,5], Temp=85.6, Accept=17.7%, Speed=174288/s
[13500000 @ 77.5s] Best=58593, Dist=[2,3,5], Temp=85.4, Accept=17.7%, Speed=174281/s
[13550000 @ 77.8s] Best=58593, Dist=[2,3,5], Temp=85.1, Accept=17.7%, Speed=174153/s
[13600000 @ 78.1s] Best=58593, Dist=[2,3,5], Temp=84.8, Accept=17.8%, Speed=174071/s
[13650000 @ 78.4s] Best=58593, Dist=[2,3,5], Temp=84.6, Accept=17.7%, Speed=174074/s
[13700000 @ 78.7s] Best=58593, Dist=[2,3,5], Temp=84.3, Accept=17.6%, Speed=174068/s
[13750000 @ 79.0s] Best=58593, Dist=[2,3,5], Temp=84.0, Accept=17.5%, Speed=174020/s
[13800000 @ 79.3s] Best=58593, Dist=[2,3,5], Temp=83.8, Accept=17.6%, Speed=173999/s
[13850000 @ 79.6s] Best=58593, Dist=[2,3,5], Temp=83.5, Accept=17.8%, Speed=173945/s
[13900000 @ 79.9s] Best=58593, Dist=[2,3,5], Temp=83.2, Accept=18.0%, Speed=173961/s
[13950000 @ 80.2s] Best=58593, Dist=[2,3,5], Temp=83.0, Accept=18.1%, Speed=173988/s
[14000000 @ 80.5s] Best=58593, Dist=[2,3,5], Temp=82.7, Accept=17.8%, Speed=174012/s
[14050000 @ 80.7s] Best=58593, Dist=[2,3,5], Temp=82.4, Accept=17.6%, Speed=174041/s
[14100000 @ 81.0s] Best=58593, Dist=[2,3,5], Temp=82.2, Accept=17.4%, Speed=174063/s
[14150000 @ 81.3s] Best=58593, Dist=[2,3,5], Temp=81.9, Accept=17.8%, Speed=174075/s
[14200000 @ 81.6s] Best=58593, Dist=[2,3,5], Temp=81.7, Accept=18.0%, Speed=174084/s
[14250000 @ 81.8s] Best=58593, Dist=[2,3,5], Temp=81.4, Accept=17.4%, Speed=174112/s
[14300000 @ 82.1s] Best=58593, Dist=[2,3,5], Temp=81.2, Accept=17.9%, Speed=174093/s
[14350000 @ 82.4s] Best=58593, Dist=[2,3,5], Temp=80.9, Accept=17.6%, Speed=174115/s
[14400000 @ 82.7s] Best=58593, Dist=[2,3,5], Temp=80.6, Accept=17.9%, Speed=174138/s
[14450000 @ 83.0s] Best=58593, Dist=[2,3,5], Temp=80.4, Accept=17.6%, Speed=174157/s
[14500000 @ 83.2s] Best=58593, Dist=[2,3,5], Temp=80.1, Accept=17.8%, Speed=174183/s
[14550000 @ 83.5s] Best=58593, Dist=[2,3,5], Temp=79.9, Accept=17.4%, Speed=174197/s
[14600000 @ 83.8s] Best=58593, Dist=[2,3,5], Temp=79.6, Accept=17.9%, Speed=174222/s
[14650000 @ 84.1s] Best=58593, Dist=[2,3,5], Temp=79.4, Accept=17.3%, Speed=174239/s
[14700000 @ 84.4s] Best=58593, Dist=[2,3,5], Temp=79.1, Accept=17.7%, Speed=174261/s
[14750000 @ 84.6s] Best=58593, Dist=[2,3,5], Temp=78.9, Accept=17.7%, Speed=174274/s
[14800000 @ 84.9s] Best=58593, Dist=[2,3,5], Temp=78.6, Accept=17.9%, Speed=174292/s
[14850000 @ 85.2s] Best=58593, Dist=[2,3,5], Temp=78.4, Accept=17.8%, Speed=174312/s
[14900000 @ 85.5s] Best=58593, Dist=[2,3,5], Temp=78.1, Accept=17.7%, Speed=174322/s
[14950000 @ 85.8s] Best=58593, Dist=[2,3,5], Temp=77.9, Accept=17.7%, Speed=174332/s
[15000000 @ 86.0s] Best=58593, Dist=[2,3,5], Temp=77.6, Accept=18.1%, Speed=174344/s
[15050000 @ 86.3s] Best=58593, Dist=[2,3,5], Temp=77.4, Accept=17.9%, Speed=174309/s
[15100000 @ 86.6s] Best=58593, Dist=[2,3,5], Temp=77.2, Accept=18.0%, Speed=174321/s
[15150000 @ 86.9s] Best=58593, Dist=[2,3,5], Temp=76.9, Accept=17.4%, Speed=174344/s
[15200000 @ 87.2s] Best=58593, Dist=[2,3,5], Temp=76.7, Accept=17.6%, Speed=174344/s
[15250000 @ 87.5s] Best=58593, Dist=[2,3,5], Temp=76.4, Accept=17.5%, Speed=174361/s
[15300000 @ 87.7s] Best=58593, Dist=[2,3,5], Temp=76.2, Accept=17.7%, Speed=174377/s
[15350000 @ 88.0s] Best=58593, Dist=[2,3,5], Temp=76.0, Accept=17.7%, Speed=174388/s
[15400000 @ 88.3s] Best=58593, Dist=[2,3,5], Temp=75.7, Accept=17.4%, Speed=174409/s
[15450000 @ 88.6s] Best=58593, Dist=[2,3,5], Temp=75.5, Accept=17.8%, Speed=174413/s
[15500000 @ 88.9s] Best=58593, Dist=[2,3,5], Temp=75.2, Accept=17.8%, Speed=174436/s
[15550000 @ 89.1s] Best=58593, Dist=[2,3,5], Temp=75.0, Accept=17.7%, Speed=174451/s
[15600000 @ 89.4s] Best=58593, Dist=[2,3,5], Temp=74.8, Accept=17.7%, Speed=174469/s
[15650000 @ 89.7s] Best=58593, Dist=[2,3,5], Temp=74.5, Accept=17.8%, Speed=174428/s
[15700000 @ 90.0s] Best=58593, Dist=[2,3,5], Temp=74.3, Accept=17.6%, Speed=174435/s
[15750000 @ 90.3s] Best=58593, Dist=[2,3,5], Temp=74.1, Accept=17.6%, Speed=174451/s
[15800000 @ 90.6s] Best=58593, Dist=[2,3,5], Temp=73.8, Accept=18.1%, Speed=174464/s
[15850000 @ 90.8s] Best=58593, Dist=[2,3,5], Temp=73.6, Accept=18.0%, Speed=174486/s
[15900000 @ 91.1s] Best=58593, Dist=[2,3,5], Temp=73.4, Accept=18.1%, Speed=174499/s
[15950000 @ 91.4s] Best=58593, Dist=[2,3,5], Temp=73.1, Accept=17.6%, Speed=174521/s
[16000000 @ 91.7s] Best=58593, Dist=[2,3,5], Temp=72.9, Accept=17.5%, Speed=174531/s
[16050000 @ 92.0s] Best=58593, Dist=[2,3,5], Temp=72.7, Accept=17.7%, Speed=174546/s
[16100000 @ 92.2s] Best=58593, Dist=[2,3,5], Temp=72.4, Accept=17.6%, Speed=174560/s
[16150000 @ 92.5s] Best=58593, Dist=[2,3,5], Temp=72.2, Accept=17.7%, Speed=174576/s
[16200000 @ 92.8s] Best=58593, Dist=[2,3,5], Temp=72.0, Accept=17.5%, Speed=174590/s
[16250000 @ 93.1s] Best=58593, Dist=[2,3,5], Temp=71.8, Accept=17.8%, Speed=174605/s
[16300000 @ 93.3s] Best=58593, Dist=[2,3,5], Temp=71.5, Accept=17.6%, Speed=174629/s
[16350000 @ 93.6s] Best=58593, Dist=[2,3,5], Temp=71.3, Accept=18.0%, Speed=174648/s
[16400000 @ 93.9s] Best=58593, Dist=[2,3,5], Temp=71.1, Accept=17.7%, Speed=174669/s
[16450000 @ 94.2s] Best=58593, Dist=[2,3,5], Temp=70.9, Accept=17.6%, Speed=174680/s
[16500000 @ 94.4s] Best=58593, Dist=[2,3,5], Temp=70.6, Accept=17.6%, Speed=174701/s
[16550000 @ 94.7s] Best=58593, Dist=[2,3,5], Temp=70.4, Accept=17.8%, Speed=174709/s
[16600000 @ 95.0s] Best=58593, Dist=[2,3,5], Temp=70.2, Accept=18.1%, Speed=174682/s
[16650000 @ 95.3s] Best=58593, Dist=[2,3,5], Temp=70.0, Accept=17.6%, Speed=174697/s
[16700000 @ 95.6s] Best=58593, Dist=[2,3,5], Temp=69.8, Accept=17.7%, Speed=174710/s
[16750000 @ 95.9s] Best=58593, Dist=[2,3,5], Temp=69.5, Accept=18.0%, Speed=174730/s
[16800000 @ 96.1s] Best=58593, Dist=[2,3,5], Temp=69.3, Accept=17.5%, Speed=174740/s
[16850000 @ 96.4s] Best=58593, Dist=[2,3,5], Temp=69.1, Accept=17.7%, Speed=174747/s
[16900000 @ 96.7s] Best=58593, Dist=[2,3,5], Temp=68.9, Accept=17.4%, Speed=174740/s
[16950000 @ 97.0s] Best=58593, Dist=[2,3,5], Temp=68.7, Accept=18.0%, Speed=174749/s
[17000000 @ 97.3s] Best=58593, Dist=[2,3,5], Temp=68.4, Accept=17.7%, Speed=174728/s
[17050000 @ 97.6s] Best=58593, Dist=[2,3,5], Temp=68.2, Accept=17.7%, Speed=174741/s
[17100000 @ 97.9s] Best=58593, Dist=[2,3,5], Temp=68.0, Accept=17.6%, Speed=174755/s
[17150000 @ 98.1s] Best=58593, Dist=[2,3,5], Temp=67.8, Accept=17.7%, Speed=174752/s
[17200000 @ 98.4s] Best=58593, Dist=[2,3,5], Temp=67.6, Accept=17.3%, Speed=174761/s
[17250000 @ 98.7s] Best=58593, Dist=[2,3,5], Temp=67.4, Accept=17.9%, Speed=174753/s
[17300000 @ 99.0s] Best=58593, Dist=[2,3,5], Temp=67.2, Accept=17.7%, Speed=174758/s
[17350000 @ 99.3s] Best=58593, Dist=[2,3,5], Temp=67.0, Accept=17.9%, Speed=174762/s
[17400000 @ 99.6s] Best=58593, Dist=[2,3,5], Temp=66.7, Accept=17.5%, Speed=174765/s
[17450000 @ 99.8s] Best=58593, Dist=[2,3,5], Temp=66.5, Accept=17.8%, Speed=174778/s
[17500000 @ 100.1s] Best=58593, Dist=[2,3,5], Temp=66.3, Accept=17.6%, Speed=174785/s
[17550000 @ 100.4s] Best=58593, Dist=[2,3,5], Temp=66.1, Accept=17.3%, Speed=174796/s
[17600000 @ 100.7s] Best=58593, Dist=[2,3,5], Temp=65.9, Accept=17.5%, Speed=174806/s
[17650000 @ 101.0s] Best=58593, Dist=[2,3,5], Temp=65.7, Accept=17.6%, Speed=174823/s
[17700000 @ 101.2s] Best=58593, Dist=[2,3,5], Temp=65.5, Accept=17.7%, Speed=174834/s
[17750000 @ 101.5s] Best=58593, Dist=[2,3,5], Temp=65.3, Accept=17.6%, Speed=174853/s
[17800000 @ 101.8s] Best=58593, Dist=[2,3,5], Temp=65.1, Accept=17.6%, Speed=174860/s
[17850000 @ 102.1s] Best=58593, Dist=[2,3,5], Temp=64.9, Accept=17.6%, Speed=174871/s
[17900000 @ 102.4s] Best=58593, Dist=[2,3,5], Temp=64.7, Accept=17.7%, Speed=174858/s
[17950000 @ 102.7s] Best=58593, Dist=[2,3,5], Temp=64.5, Accept=17.6%, Speed=174859/s
[18000000 @ 102.9s] Best=58593, Dist=[2,3,5], Temp=64.3, Accept=17.9%, Speed=174874/s
[18050000 @ 103.2s] Best=58593, Dist=[2,3,5], Temp=64.1, Accept=18.0%, Speed=174886/s
[18100000 @ 103.5s] Best=58593, Dist=[2,3,5], Temp=63.9, Accept=17.9%, Speed=174893/s
[18150000 @ 103.8s] Best=58593, Dist=[2,3,5], Temp=63.7, Accept=17.8%, Speed=174904/s
[18200000 @ 104.0s] Best=58593, Dist=[2,3,5], Temp=63.5, Accept=17.6%, Speed=174924/s
[18250000 @ 104.3s] Best=58593, Dist=[2,3,5], Temp=63.3, Accept=17.6%, Speed=174934/s
[18300000 @ 104.6s] Best=58593, Dist=[2,3,5], Temp=63.1, Accept=17.7%, Speed=174942/s
[18350000 @ 104.9s] Best=58593, Dist=[2,3,5], Temp=62.9, Accept=17.7%, Speed=174957/s
[18400000 @ 105.2s] Best=58593, Dist=[2,3,5], Temp=62.7, Accept=17.6%, Speed=174970/s
[18450000 @ 105.4s] Best=58593, Dist=[2,3,5], Temp=62.5, Accept=17.7%, Speed=174986/s
[18500000 @ 105.7s] Best=58593, Dist=[2,3,5], Temp=62.3, Accept=17.7%, Speed=174999/s
[18550000 @ 106.0s] Best=58593, Dist=[2,3,5], Temp=62.1, Accept=17.7%, Speed=175017/s
[18600000 @ 106.3s] Best=58593, Dist=[2,3,5], Temp=61.9, Accept=17.6%, Speed=175029/s
[18650000 @ 106.5s] Best=58593, Dist=[2,3,5], Temp=61.7, Accept=18.1%, Speed=175048/s
[18700000 @ 106.8s] Best=58593, Dist=[2,3,5], Temp=61.5, Accept=17.8%, Speed=175054/s
[18750000 @ 107.1s] Best=58593, Dist=[2,3,5], Temp=61.3, Accept=17.8%, Speed=175070/s
[18800000 @ 107.4s] Best=58593, Dist=[2,3,5], Temp=61.1, Accept=17.4%, Speed=175087/s
[18850000 @ 107.7s] Best=58593, Dist=[2,3,5], Temp=60.9, Accept=17.5%, Speed=175088/s
[18900000 @ 107.9s] Best=58593, Dist=[2,3,5], Temp=60.7, Accept=17.7%, Speed=175107/s
[18950000 @ 108.2s] Best=58593, Dist=[2,3,5], Temp=60.5, Accept=17.5%, Speed=175111/s
[19000000 @ 108.5s] Best=58593, Dist=[2,3,5], Temp=60.3, Accept=17.6%, Speed=175128/s
[19050000 @ 108.8s] Best=58593, Dist=[2,3,5], Temp=60.1, Accept=18.1%, Speed=175127/s
[19100000 @ 109.1s] Best=58593, Dist=[2,3,5], Temp=60.0, Accept=17.4%, Speed=175144/s
[19150000 @ 109.3s] Best=58593, Dist=[2,3,5], Temp=59.8, Accept=17.8%, Speed=175153/s
[19200000 @ 109.6s] Best=58593, Dist=[2,3,5], Temp=59.6, Accept=17.9%, Speed=175165/s
[19250000 @ 109.9s] Best=58593, Dist=[2,3,5], Temp=59.4, Accept=17.7%, Speed=175172/s
[19300000 @ 110.2s] Best=58593, Dist=[2,3,5], Temp=59.2, Accept=17.8%, Speed=175182/s
[19350000 @ 110.4s] Best=58593, Dist=[2,3,5], Temp=59.0, Accept=17.7%, Speed=175196/s
[19400000 @ 110.7s] Best=58593, Dist=[2,3,5], Temp=58.8, Accept=18.0%, Speed=175204/s
[19450000 @ 111.0s] Best=58593, Dist=[2,3,5], Temp=58.6, Accept=17.5%, Speed=175213/s
[19500000 @ 111.3s] Best=58593, Dist=[2,3,5], Temp=58.5, Accept=17.9%, Speed=175221/s
[19550000 @ 111.6s] Best=58593, Dist=[2,3,5], Temp=58.3, Accept=17.5%, Speed=175239/s
[19600000 @ 111.9s] Best=58593, Dist=[2,3,5], Temp=58.1, Accept=17.5%, Speed=175196/s
[19650000 @ 112.2s] Best=58593, Dist=[2,3,5], Temp=57.9, Accept=17.5%, Speed=175204/s
[19700000 @ 112.4s] Best=58593, Dist=[2,3,5], Temp=57.7, Accept=17.5%, Speed=175217/s
[19750000 @ 112.7s] Best=58593, Dist=[2,3,5], Temp=57.5, Accept=17.7%, Speed=175225/s
[19800000 @ 113.0s] Best=58593, Dist=[2,3,5], Temp=57.4, Accept=17.7%, Speed=175238/s
[19850000 @ 113.3s] Best=58593, Dist=[2,3,5], Temp=57.2, Accept=17.6%, Speed=175247/s
[19900000 @ 113.5s] Best=58593, Dist=[2,3,5], Temp=57.0, Accept=17.5%, Speed=175264/s
[19950000 @ 113.8s] Best=58593, Dist=[2,3,5], Temp=56.8, Accept=17.6%, Speed=175274/s
[20000000 @ 114.1s] Best=58593, Dist=[2,3,5], Temp=56.6, Accept=17.6%, Speed=175293/s
[20050000 @ 114.4s] Best=58593, Dist=[2,3,5], Temp=56.5, Accept=17.5%, Speed=175302/s
[20100000 @ 114.7s] Best=58593, Dist=[2,3,5], Temp=56.3, Accept=17.7%, Speed=175315/s
[20150000 @ 114.9s] Best=58593, Dist=[2,3,5], Temp=56.1, Accept=17.8%, Speed=175324/s
[20200000 @ 115.2s] Best=58593, Dist=[2,3,5], Temp=55.9, Accept=18.0%, Speed=175332/s
[20250000 @ 115.5s] Best=58593, Dist=[2,3,5], Temp=55.8, Accept=17.6%, Speed=175346/s
[20300000 @ 115.8s] Best=58593, Dist=[2,3,5], Temp=55.6, Accept=17.7%, Speed=175358/s
[20350000 @ 116.0s] Best=58593, Dist=[2,3,5], Temp=55.4, Accept=17.5%, Speed=175374/s
[20400000 @ 116.3s] Best=58593, Dist=[2,3,5], Temp=55.2, Accept=17.6%, Speed=175384/s
[20450000 @ 116.6s] Best=58593, Dist=[2,3,5], Temp=55.1, Accept=17.6%, Speed=175401/s
[20500000 @ 116.9s] Best=58593, Dist=[2,3,5], Temp=54.9, Accept=17.9%, Speed=175410/s
[20550000 @ 117.2s] Best=58593, Dist=[2,3,5], Temp=54.7, Accept=18.0%, Speed=175413/s
[20600000 @ 117.4s] Best=58593, Dist=[2,3,5], Temp=54.5, Accept=17.8%, Speed=175419/s
[20650000 @ 117.7s] Best=58593, Dist=[2,3,5], Temp=54.4, Accept=18.0%, Speed=175431/s
[20700000 @ 118.0s] Best=58593, Dist=[2,3,5], Temp=54.2, Accept=17.5%, Speed=175445/s
[20750000 @ 118.3s] Best=58593, Dist=[2,3,5], Temp=54.0, Accept=17.8%, Speed=175452/s
[20800000 @ 118.5s] Best=58593, Dist=[2,3,5], Temp=53.9, Accept=17.6%, Speed=175468/s
[20850000 @ 118.8s] Best=58593, Dist=[2,3,5], Temp=53.7, Accept=17.7%, Speed=175478/s
[20900000 @ 119.1s] Best=58593, Dist=[2,3,5], Temp=53.5, Accept=17.8%, Speed=175495/s
[20950000 @ 119.4s] Best=58593, Dist=[2,3,5], Temp=53.4, Accept=17.7%, Speed=175497/s
[21000000 @ 119.7s] Best=58593, Dist=[2,3,5], Temp=53.2, Accept=17.8%, Speed=175509/s
[21050000 @ 119.9s] Best=58593, Dist=[2,3,5], Temp=53.0, Accept=17.7%, Speed=175516/s
[21100000 @ 120.2s] Best=58593, Dist=[2,3,5], Temp=52.8, Accept=17.7%, Speed=175525/s
[21150000 @ 120.5s] Best=58593, Dist=[2,3,5], Temp=52.7, Accept=17.6%, Speed=175503/s
[21200000 @ 120.8s] Best=58593, Dist=[2,3,5], Temp=52.5, Accept=17.9%, Speed=175508/s
[21250000 @ 121.1s] Best=58593, Dist=[2,3,5], Temp=52.4, Accept=17.7%, Speed=175523/s
[21300000 @ 121.3s] Best=58593, Dist=[2,3,5], Temp=52.2, Accept=17.7%, Speed=175531/s
[21350000 @ 121.6s] Best=58593, Dist=[2,3,5], Temp=52.0, Accept=17.6%, Speed=175544/s
[21400000 @ 121.9s] Best=58593, Dist=[2,3,5], Temp=51.9, Accept=17.7%, Speed=175552/s
[21450000 @ 122.2s] Best=58593, Dist=[2,3,5], Temp=51.7, Accept=17.8%, Speed=175568/s
[21500000 @ 122.5s] Best=58593, Dist=[2,3,5], Temp=51.5, Accept=17.5%, Speed=175575/s
[21550000 @ 122.7s] Best=58593, Dist=[2,3,5], Temp=51.4, Accept=17.9%, Speed=175586/s
[21600000 @ 123.0s] Best=58593, Dist=[2,3,5], Temp=51.2, Accept=18.2%, Speed=175597/s
[21650000 @ 123.3s] Best=58593, Dist=[2,3,5], Temp=51.0, Accept=17.8%, Speed=175607/s
[21700000 @ 123.6s] Best=58593, Dist=[2,3,5], Temp=50.9, Accept=17.7%, Speed=175622/s
[21750000 @ 123.8s] Best=58593, Dist=[2,3,5], Temp=50.7, Accept=17.5%, Speed=175628/s
[21800000 @ 124.1s] Best=58593, Dist=[2,3,5], Temp=50.6, Accept=17.4%, Speed=175642/s
[21850000 @ 124.4s] Best=58593, Dist=[2,3,5], Temp=50.4, Accept=17.7%, Speed=175650/s
[21900000 @ 124.7s] Best=58593, Dist=[2,3,5], Temp=50.2, Accept=18.1%, Speed=175662/s
[21950000 @ 125.0s] Best=58593, Dist=[2,3,5], Temp=50.1, Accept=18.0%, Speed=175666/s
[22000000 @ 125.2s] Best=58593, Dist=[2,3,5], Temp=49.9, Accept=17.6%, Speed=175681/s
[22050000 @ 125.5s] Best=58593, Dist=[2,3,5], Temp=49.8, Accept=17.5%, Speed=175690/s
[22100000 @ 125.8s] Best=58593, Dist=[2,3,5], Temp=49.6, Accept=17.9%, Speed=175697/s
[22150000 @ 126.1s] Best=58593, Dist=[2,3,5], Temp=49.5, Accept=17.7%, Speed=175710/s
[22200000 @ 126.3s] Best=58593, Dist=[2,3,5], Temp=49.3, Accept=17.8%, Speed=175720/s
[22250000 @ 126.6s] Best=58593, Dist=[2,3,5], Temp=49.2, Accept=17.9%, Speed=175734/s
[22300000 @ 126.9s] Best=58593, Dist=[2,3,5], Temp=49.0, Accept=17.5%, Speed=175743/s
[22350000 @ 127.2s] Best=58593, Dist=[2,3,5], Temp=48.8, Accept=17.6%, Speed=175756/s
[22400000 @ 127.4s] Best=58593, Dist=[2,3,5], Temp=48.7, Accept=17.9%, Speed=175765/s
[22450000 @ 127.7s] Best=58593, Dist=[2,3,5], Temp=48.5, Accept=17.7%, Speed=175778/s
[22500000 @ 128.0s] Best=58593, Dist=[2,3,5], Temp=48.4, Accept=17.6%, Speed=175783/s
[22550000 @ 128.3s] Best=58593, Dist=[2,3,5], Temp=48.2, Accept=17.9%, Speed=175793/s
[22600000 @ 128.6s] Best=58593, Dist=[2,3,5], Temp=48.1, Accept=17.4%, Speed=175803/s
[22650000 @ 128.8s] Best=58593, Dist=[2,3,5], Temp=47.9, Accept=17.6%, Speed=175809/s
[22700000 @ 129.1s] Best=58593, Dist=[2,3,5], Temp=47.8, Accept=17.6%, Speed=175822/s
[22750000 @ 129.4s] Best=58593, Dist=[2,3,5], Temp=47.6, Accept=17.8%, Speed=175826/s
[22800000 @ 129.7s] Best=58593, Dist=[2,3,5], Temp=47.5, Accept=18.0%, Speed=175839/s
[22850000 @ 129.9s] Best=58593, Dist=[2,3,5], Temp=47.3, Accept=17.8%, Speed=175840/s
[22900000 @ 130.2s] Best=58593, Dist=[2,3,5], Temp=47.2, Accept=17.7%, Speed=175852/s
[22950000 @ 130.5s] Best=58593, Dist=[2,3,5], Temp=47.0, Accept=17.7%, Speed=175858/s
[23000000 @ 130.8s] Best=58593, Dist=[2,3,5], Temp=46.9, Accept=17.5%, Speed=175871/s
[23050000 @ 131.1s] Best=58593, Dist=[2,3,5], Temp=46.7, Accept=17.7%, Speed=175878/s
[23100000 @ 131.3s] Best=58593, Dist=[2,3,5], Temp=46.6, Accept=17.5%, Speed=175885/s
[23150000 @ 131.6s] Best=58593, Dist=[2,3,5], Temp=46.4, Accept=17.5%, Speed=175897/s
[23200000 @ 131.9s] Best=58593, Dist=[2,3,5], Temp=46.3, Accept=17.7%, Speed=175903/s
[23250000 @ 132.2s] Best=58593, Dist=[2,3,5], Temp=46.1, Accept=17.7%, Speed=175898/s
[23300000 @ 132.5s] Best=58593, Dist=[2,3,5], Temp=46.0, Accept=17.9%, Speed=175903/s
[23350000 @ 132.7s] Best=58593, Dist=[2,3,5], Temp=45.9, Accept=17.5%, Speed=175917/s
[23400000 @ 133.0s] Best=58593, Dist=[2,3,5], Temp=45.7, Accept=17.6%, Speed=175921/s
[23450000 @ 133.3s] Best=58593, Dist=[2,3,5], Temp=45.6, Accept=17.8%, Speed=175933/s
[23500000 @ 133.6s] Best=58593, Dist=[2,3,5], Temp=45.4, Accept=17.6%, Speed=175938/s
[23550000 @ 133.8s] Best=58593, Dist=[2,3,5], Temp=45.3, Accept=17.9%, Speed=175947/s
[23600000 @ 134.1s] Best=58593, Dist=[2,3,5], Temp=45.1, Accept=17.5%, Speed=175938/s
[23650000 @ 134.4s] Best=58593, Dist=[2,3,5], Temp=45.0, Accept=18.0%, Speed=175937/s
[23700000 @ 134.8s] Best=58593, Dist=[2,3,5], Temp=44.9, Accept=17.7%, Speed=175881/s
[23750000 @ 135.0s] Best=58593, Dist=[2,3,5], Temp=44.7, Accept=17.4%, Speed=175876/s
[23800000 @ 135.3s] Best=58593, Dist=[2,3,5], Temp=44.6, Accept=17.7%, Speed=175878/s
[23850000 @ 135.6s] Best=58593, Dist=[2,3,5], Temp=44.4, Accept=17.7%, Speed=175876/s
[23900000 @ 135.9s] Best=58593, Dist=[2,3,5], Temp=44.3, Accept=18.0%, Speed=175870/s
[23950000 @ 136.2s] Best=58593, Dist=[2,3,5], Temp=44.2, Accept=17.6%, Speed=175877/s
[24000000 @ 136.5s] Best=58593, Dist=[2,3,5], Temp=44.0, Accept=17.7%, Speed=175871/s
[24050000 @ 136.8s] Best=58593, Dist=[2,3,5], Temp=43.9, Accept=17.6%, Speed=175769/s
[24100000 @ 137.2s] Best=58593, Dist=[2,3,5], Temp=43.7, Accept=17.6%, Speed=175707/s
[24150000 @ 137.4s] Best=58593, Dist=[2,3,5], Temp=43.6, Accept=17.8%, Speed=175718/s
[24200000 @ 137.7s] Best=58593, Dist=[2,3,5], Temp=43.5, Accept=17.7%, Speed=175719/s
[24250000 @ 138.0s] Best=58593, Dist=[2,3,5], Temp=43.3, Accept=17.8%, Speed=175727/s
[24300000 @ 138.3s] Best=58593, Dist=[2,3,5], Temp=43.2, Accept=17.6%, Speed=175743/s
[24350000 @ 138.6s] Best=58593, Dist=[2,3,5], Temp=43.1, Accept=17.7%, Speed=175726/s
[24400000 @ 138.9s] Best=58593, Dist=[2,3,5], Temp=42.9, Accept=17.7%, Speed=175723/s
[24450000 @ 139.2s] Best=58593, Dist=[2,3,5], Temp=42.8, Accept=17.7%, Speed=175691/s
[24500000 @ 139.6s] Best=58593, Dist=[2,3,5], Temp=42.6, Accept=17.3%, Speed=175496/s
[24550000 @ 140.0s] Best=58593, Dist=[2,3,5], Temp=42.5, Accept=17.5%, Speed=175303/s
[24600000 @ 140.4s] Best=58593, Dist=[2,3,5], Temp=42.4, Accept=17.6%, Speed=175184/s
[24650000 @ 140.8s] Best=58593, Dist=[2,3,5], Temp=42.2, Accept=17.6%, Speed=175118/s
[24700000 @ 141.1s] Best=58593, Dist=[2,3,5], Temp=42.1, Accept=17.7%, Speed=175109/s
[24750000 @ 141.4s] Best=58593, Dist=[2,3,5], Temp=42.0, Accept=17.7%, Speed=175059/s
[24800000 @ 141.7s] Best=58593, Dist=[2,3,5], Temp=41.8, Accept=17.7%, Speed=175034/s
[24850000 @ 142.0s] Best=58593, Dist=[2,3,5], Temp=41.7, Accept=17.8%, Speed=175005/s
[24900000 @ 142.3s] Best=58593, Dist=[2,3,5], Temp=41.6, Accept=17.6%, Speed=174979/s
[24950000 @ 142.6s] Best=58593, Dist=[2,3,5], Temp=41.5, Accept=18.2%, Speed=174926/s
[25000000 @ 142.9s] Best=58593, Dist=[2,3,5], Temp=41.3, Accept=17.6%, Speed=174923/s
[25050000 @ 143.2s] Best=58593, Dist=[2,3,5], Temp=41.2, Accept=17.5%, Speed=174933/s
[25100000 @ 143.5s] Best=58593, Dist=[2,3,5], Temp=41.1, Accept=17.9%, Speed=174915/s
[25150000 @ 143.8s] Best=58593, Dist=[2,3,5], Temp=40.9, Accept=17.8%, Speed=174918/s
[25200000 @ 144.1s] Best=58593, Dist=[2,3,5], Temp=40.8, Accept=17.5%, Speed=174928/s
[25250000 @ 144.3s] Best=58593, Dist=[2,3,5], Temp=40.7, Accept=17.9%, Speed=174941/s
[25300000 @ 144.6s] Best=58593, Dist=[2,3,5], Temp=40.5, Accept=17.7%, Speed=174942/s
[25350000 @ 144.9s] Best=58593, Dist=[2,3,5], Temp=40.4, Accept=17.8%, Speed=174949/s
[25400000 @ 145.2s] Best=58593, Dist=[2,3,5], Temp=40.3, Accept=17.5%, Speed=174958/s
[25450000 @ 145.5s] Best=58593, Dist=[2,3,5], Temp=40.2, Accept=17.8%, Speed=174967/s
[25500000 @ 145.7s] Best=58593, Dist=[2,3,5], Temp=40.0, Accept=18.0%, Speed=174973/s
[25550000 @ 146.0s] Best=58593, Dist=[2,3,5], Temp=39.9, Accept=17.6%, Speed=174981/s
[25600000 @ 146.3s] Best=58593, Dist=[2,3,5], Temp=39.8, Accept=17.8%, Speed=174995/s
[25650000 @ 146.6s] Best=58593, Dist=[2,3,5], Temp=39.7, Accept=17.7%, Speed=175004/s
[25700000 @ 146.8s] Best=58593, Dist=[2,3,5], Temp=39.5, Accept=17.3%, Speed=175018/s
[25750000 @ 147.1s] Best=58593, Dist=[2,3,5], Temp=39.4, Accept=17.7%, Speed=175003/s
[25800000 @ 147.4s] Best=58593, Dist=[2,3,5], Temp=39.3, Accept=17.8%, Speed=175016/s
[25850000 @ 147.8s] Best=58593, Dist=[2,3,5], Temp=39.2, Accept=17.7%, Speed=174888/s
[25900000 @ 148.1s] Best=58593, Dist=[2,3,5], Temp=39.0, Accept=17.7%, Speed=174879/s
[25950000 @ 148.4s] Best=58593, Dist=[2,3,5], Temp=38.9, Accept=17.9%, Speed=174883/s
[26000000 @ 148.7s] Best=58593, Dist=[2,3,5], Temp=38.8, Accept=18.1%, Speed=174882/s
[26050000 @ 149.0s] Best=58593, Dist=[2,3,5], Temp=38.7, Accept=17.4%, Speed=174880/s
[26100000 @ 149.3s] Best=58593, Dist=[2,3,5], Temp=38.6, Accept=17.7%, Speed=174864/s
[26150000 @ 149.5s] Best=58593, Dist=[2,3,5], Temp=38.4, Accept=17.7%, Speed=174865/s
[26200000 @ 149.9s] Best=58593, Dist=[2,3,5], Temp=38.3, Accept=17.8%, Speed=174821/s
[26250000 @ 150.2s] Best=58593, Dist=[2,3,5], Temp=38.2, Accept=17.9%, Speed=174809/s
[26300000 @ 150.5s] Best=58593, Dist=[2,3,5], Temp=38.1, Accept=17.6%, Speed=174785/s
[26350000 @ 150.8s] Best=58593, Dist=[2,3,5], Temp=38.0, Accept=17.8%, Speed=174765/s
[26400000 @ 151.1s] Best=58593, Dist=[2,3,5], Temp=37.8, Accept=17.7%, Speed=174757/s
[26450000 @ 151.4s] Best=58593, Dist=[2,3,5], Temp=37.7, Accept=17.7%, Speed=174747/s
[26500000 @ 151.7s] Best=58593, Dist=[2,3,5], Temp=37.6, Accept=17.7%, Speed=174743/s
[26550000 @ 151.9s] Best=58593, Dist=[2,3,5], Temp=37.5, Accept=17.7%, Speed=174739/s
[26600000 @ 152.2s] Best=58593, Dist=[2,3,5], Temp=37.4, Accept=17.7%, Speed=174740/s
[26650000 @ 152.5s] Best=58593, Dist=[2,3,5], Temp=37.2, Accept=17.8%, Speed=174748/s
[26700000 @ 152.9s] Best=58593, Dist=[2,3,5], Temp=37.1, Accept=17.9%, Speed=174660/s
[26750000 @ 153.2s] Best=58593, Dist=[2,3,5], Temp=37.0, Accept=17.6%, Speed=174663/s
[26800000 @ 153.5s] Best=58593, Dist=[2,3,5], Temp=36.9, Accept=17.9%, Speed=174633/s
[26850000 @ 153.7s] Best=58593, Dist=[2,3,5], Temp=36.8, Accept=17.6%, Speed=174643/s
[26900000 @ 154.0s] Best=58593, Dist=[2,3,5], Temp=36.7, Accept=17.8%, Speed=174656/s
[26950000 @ 154.3s] Best=58593, Dist=[2,3,5], Temp=36.5, Accept=17.6%, Speed=174671/s
[27000000 @ 154.6s] Best=58593, Dist=[2,3,5], Temp=36.4, Accept=17.8%, Speed=174682/s
[27050000 @ 154.8s] Best=58593, Dist=[2,3,5], Temp=36.3, Accept=17.7%, Speed=174695/s
[27100000 @ 155.1s] Best=58593, Dist=[2,3,5], Temp=36.2, Accept=17.7%, Speed=174706/s
[27150000 @ 155.4s] Best=58593, Dist=[2,3,5], Temp=36.1, Accept=17.7%, Speed=174718/s
[27200000 @ 155.7s] Best=58593, Dist=[2,3,5], Temp=36.0, Accept=18.0%, Speed=174729/s
[27250000 @ 155.9s] Best=58593, Dist=[2,3,5], Temp=35.9, Accept=17.5%, Speed=174742/s
[27300000 @ 156.2s] Best=58593, Dist=[2,3,5], Temp=35.7, Accept=17.8%, Speed=174754/s
[27350000 @ 156.5s] Best=58593, Dist=[2,3,5], Temp=35.6, Accept=17.9%, Speed=174765/s
[27400000 @ 156.8s] Best=58593, Dist=[2,3,5], Temp=35.5, Accept=17.8%, Speed=174778/s
[27450000 @ 157.1s] Best=58593, Dist=[2,3,5], Temp=35.4, Accept=17.5%, Speed=174785/s
[27500000 @ 157.3s] Best=58593, Dist=[2,3,5], Temp=35.3, Accept=17.2%, Speed=174797/s
[27550000 @ 157.6s] Best=58593, Dist=[2,3,5], Temp=35.2, Accept=17.5%, Speed=174802/s
[27600000 @ 157.9s] Best=58593, Dist=[2,3,5], Temp=35.1, Accept=17.6%, Speed=174812/s
[27650000 @ 158.2s] Best=58593, Dist=[2,3,5], Temp=35.0, Accept=17.7%, Speed=174823/s
[27700000 @ 158.4s] Best=58593, Dist=[2,3,5], Temp=34.9, Accept=17.9%, Speed=174840/s
[27750000 @ 158.7s] Best=58593, Dist=[2,3,5], Temp=34.7, Accept=17.4%, Speed=174849/s
[27800000 @ 159.0s] Best=58593, Dist=[2,3,5], Temp=34.6, Accept=17.5%, Speed=174863/s
[27850000 @ 159.3s] Best=58593, Dist=[2,3,5], Temp=34.5, Accept=18.0%, Speed=174872/s
[27900000 @ 159.5s] Best=58593, Dist=[2,3,5], Temp=34.4, Accept=17.9%, Speed=174882/s
[27950000 @ 159.8s] Best=58593, Dist=[2,3,5], Temp=34.3, Accept=17.5%, Speed=174891/s
[28000000 @ 160.1s] Best=58593, Dist=[2,3,5], Temp=34.2, Accept=17.6%, Speed=174901/s
[28050000 @ 160.4s] Best=58593, Dist=[2,3,5], Temp=34.1, Accept=17.6%, Speed=174911/s
[28100000 @ 160.6s] Best=58593, Dist=[2,3,5], Temp=34.0, Accept=17.7%, Speed=174922/s
[28150000 @ 160.9s] Best=58593, Dist=[2,3,5], Temp=33.9, Accept=17.6%, Speed=174932/s
[28200000 @ 161.2s] Best=58593, Dist=[2,3,5], Temp=33.8, Accept=17.6%, Speed=174939/s
[28250000 @ 161.5s] Best=58593, Dist=[2,3,5], Temp=33.7, Accept=17.7%, Speed=174950/s
[28300000 @ 161.8s] Best=58593, Dist=[2,3,5], Temp=33.6, Accept=17.7%, Speed=174957/s
[28350000 @ 162.0s] Best=58593, Dist=[2,3,5], Temp=33.5, Accept=17.9%, Speed=174969/s
[28400000 @ 162.3s] Best=58593, Dist=[2,3,5], Temp=33.3, Accept=17.7%, Speed=174965/s
[28450000 @ 162.6s] Best=58593, Dist=[2,3,5], Temp=33.2, Accept=17.7%, Speed=174974/s
[28500000 @ 162.9s] Best=58593, Dist=[2,3,5], Temp=33.1, Accept=17.7%, Speed=174985/s
[28550000 @ 163.2s] Best=58593, Dist=[2,3,5], Temp=33.0, Accept=17.6%, Speed=174991/s
[28600000 @ 163.4s] Best=58593, Dist=[2,3,5], Temp=32.9, Accept=17.9%, Speed=175003/s
[28650000 @ 163.7s] Best=58593, Dist=[2,3,5], Temp=32.8, Accept=17.7%, Speed=175012/s
[28700000 @ 164.0s] Best=58593, Dist=[2,3,5], Temp=32.7, Accept=17.5%, Speed=175023/s
[28750000 @ 164.3s] Best=58593, Dist=[2,3,5], Temp=32.6, Accept=17.9%, Speed=175034/s
[28800000 @ 164.5s] Best=58593, Dist=[2,3,5], Temp=32.5, Accept=17.6%, Speed=175047/s
[28850000 @ 164.8s] Best=58593, Dist=[2,3,5], Temp=32.4, Accept=17.8%, Speed=175055/s
[28900000 @ 165.1s] Best=58593, Dist=[2,3,5], Temp=32.3, Accept=17.5%, Speed=175068/s
[28950000 @ 165.4s] Best=58593, Dist=[2,3,5], Temp=32.2, Accept=17.3%, Speed=175078/s
[29000000 @ 165.6s] Best=58593, Dist=[2,3,5], Temp=32.1, Accept=17.8%, Speed=175089/s
[29050000 @ 165.9s] Best=58593, Dist=[2,3,5], Temp=32.0, Accept=18.0%, Speed=175097/s
[29100000 @ 166.2s] Best=58593, Dist=[2,3,5], Temp=31.9, Accept=18.0%, Speed=175108/s
[29150000 @ 166.5s] Best=58593, Dist=[2,3,5], Temp=31.8, Accept=17.7%, Speed=175111/s
[29200000 @ 166.7s] Best=58593, Dist=[2,3,5], Temp=31.7, Accept=17.6%, Speed=175119/s
[29250000 @ 167.0s] Best=58593, Dist=[2,3,5], Temp=31.6, Accept=18.0%, Speed=175134/s
[29300000 @ 167.3s] Best=58593, Dist=[2,3,5], Temp=31.5, Accept=17.5%, Speed=175144/s
[29350000 @ 167.6s] Best=58593, Dist=[2,3,5], Temp=31.4, Accept=17.8%, Speed=175154/s
[29400000 @ 167.8s] Best=58593, Dist=[2,3,5], Temp=31.3, Accept=17.7%, Speed=175162/s
[29450000 @ 168.1s] Best=58593, Dist=[2,3,5], Temp=31.2, Accept=17.6%, Speed=175170/s
[29500000 @ 168.4s] Best=58593, Dist=[2,3,5], Temp=31.1, Accept=17.8%, Speed=175178/s
[29550000 @ 168.7s] Best=58593, Dist=[2,3,5], Temp=31.0, Accept=17.9%, Speed=175187/s
[29600000 @ 169.0s] Best=58593, Dist=[2,3,5], Temp=30.9, Accept=17.9%, Speed=175199/s
[29650000 @ 169.2s] Best=58593, Dist=[2,3,5], Temp=30.8, Accept=17.6%, Speed=175206/s
[29700000 @ 169.5s] Best=58593, Dist=[2,3,5], Temp=30.7, Accept=17.8%, Speed=175217/s
[29750000 @ 169.8s] Best=58593, Dist=[2,3,5], Temp=30.6, Accept=17.7%, Speed=175226/s
[29800000 @ 170.1s] Best=58593, Dist=[2,3,5], Temp=30.5, Accept=17.8%, Speed=175238/s
[29850000 @ 170.3s] Best=58593, Dist=[2,3,5], Temp=30.4, Accept=17.5%, Speed=175245/s
[29900000 @ 170.6s] Best=58593, Dist=[2,3,5], Temp=30.3, Accept=17.7%, Speed=175258/s
[29950000 @ 170.9s] Best=58593, Dist=[2,3,5], Temp=30.2, Accept=17.9%, Speed=175263/s
[30000000 @ 171.2s] Best=58593, Dist=[2,3,5], Temp=30.1, Accept=17.7%, Speed=175275/s
[30050000 @ 171.4s] Best=58593, Dist=[2,3,5], Temp=30.1, Accept=17.9%, Speed=175282/s
[30100000 @ 171.7s] Best=58593, Dist=[2,3,5], Temp=30.0, Accept=17.9%, Speed=175292/s
[30150000 @ 172.0s] Best=58593, Dist=[2,3,5], Temp=29.9, Accept=17.7%, Speed=175303/s
[30200000 @ 172.3s] Best=58593, Dist=[2,3,5], Temp=29.8, Accept=17.8%, Speed=175312/s
[30250000 @ 172.5s] Best=58593, Dist=[2,3,5], Temp=29.7, Accept=17.7%, Speed=175324/s
[30300000 @ 172.8s] Best=58593, Dist=[2,3,5], Temp=29.6, Accept=18.0%, Speed=175333/s
[30350000 @ 173.1s] Best=58593, Dist=[2,3,5], Temp=29.5, Accept=17.6%, Speed=175342/s
[30400000 @ 173.4s] Best=58593, Dist=[2,3,5], Temp=29.4, Accept=17.7%, Speed=175352/s
[30450000 @ 173.6s] Best=58593, Dist=[2,3,5], Temp=29.3, Accept=17.8%, Speed=175363/s
[30500000 @ 173.9s] Best=58593, Dist=[2,3,5], Temp=29.2, Accept=17.7%, Speed=175367/s
[30550000 @ 174.2s] Best=58593, Dist=[2,3,5], Temp=29.1, Accept=17.7%, Speed=175378/s
[30600000 @ 174.5s] Best=58593, Dist=[2,3,5], Temp=29.0, Accept=17.9%, Speed=175386/s
[30650000 @ 174.7s] Best=58593, Dist=[2,3,5], Temp=28.9, Accept=17.7%, Speed=175396/s
[30700000 @ 175.0s] Best=58593, Dist=[2,3,5], Temp=28.8, Accept=17.8%, Speed=175408/s
[30750000 @ 175.3s] Best=58593, Dist=[2,3,5], Temp=28.8, Accept=17.5%, Speed=175419/s
[30800000 @ 175.6s] Best=58593, Dist=[2,3,5], Temp=28.7, Accept=17.6%, Speed=175430/s
[30850000 @ 175.8s] Best=58593, Dist=[2,3,5], Temp=28.6, Accept=17.5%, Speed=175438/s
[30900000 @ 176.1s] Best=58593, Dist=[2,3,5], Temp=28.5, Accept=17.5%, Speed=175447/s
[30950000 @ 176.4s] Best=58593, Dist=[2,3,5], Temp=28.4, Accept=17.9%, Speed=175452/s
[31000000 @ 176.7s] Best=58593, Dist=[2,3,5], Temp=28.3, Accept=17.6%, Speed=175461/s
[31050000 @ 177.0s] Best=58593, Dist=[2,3,5], Temp=28.2, Accept=17.7%, Speed=175468/s
[31100000 @ 177.2s] Best=58593, Dist=[2,3,5], Temp=28.1, Accept=17.6%, Speed=175468/s
[31150000 @ 177.5s] Best=58593, Dist=[2,3,5], Temp=28.0, Accept=17.6%, Speed=175478/s
[31200000 @ 177.8s] Best=58593, Dist=[2,3,5], Temp=27.9, Accept=17.6%, Speed=175488/s
[31250000 @ 178.1s] Best=58593, Dist=[2,3,5], Temp=27.9, Accept=17.6%, Speed=175497/s
[31300000 @ 178.3s] Best=58593, Dist=[2,3,5], Temp=27.8, Accept=17.7%, Speed=175505/s
[31350000 @ 178.6s] Best=58593, Dist=[2,3,5], Temp=27.7, Accept=17.8%, Speed=175511/s
[31400000 @ 178.9s] Best=58593, Dist=[2,3,5], Temp=27.6, Accept=17.6%, Speed=175515/s
[31450000 @ 179.2s] Best=58593, Dist=[2,3,5], Temp=27.5, Accept=17.8%, Speed=175492/s
[31500000 @ 179.5s] Best=58593, Dist=[2,3,5], Temp=27.4, Accept=17.5%, Speed=175498/s
[31550000 @ 179.8s] Best=58593, Dist=[2,3,5], Temp=27.3, Accept=17.5%, Speed=175510/s
[31600000 @ 180.0s] Best=58593, Dist=[2,3,5], Temp=27.3, Accept=17.6%, Speed=175518/s
[31650000 @ 180.3s] Best=58593, Dist=[2,3,5], Temp=27.2, Accept=17.8%, Speed=175520/s
[31700000 @ 180.6s] Best=58593, Dist=[2,3,5], Temp=27.1, Accept=17.4%, Speed=175518/s
[31750000 @ 180.9s] Best=58593, Dist=[2,3,5], Temp=27.0, Accept=18.0%, Speed=175523/s
[31800000 @ 181.2s] Best=58593, Dist=[2,3,5], Temp=26.9, Accept=18.0%, Speed=175534/s
[31850000 @ 181.4s] Best=58593, Dist=[2,3,5], Temp=26.8, Accept=17.4%, Speed=175539/s
[31900000 @ 181.7s] Best=58593, Dist=[2,3,5], Temp=26.7, Accept=17.8%, Speed=175550/s
[31950000 @ 182.0s] Best=58593, Dist=[2,3,5], Temp=26.7, Accept=17.6%, Speed=175555/s
[32000000 @ 182.3s] Best=58593, Dist=[2,3,5], Temp=26.6, Accept=17.5%, Speed=175561/s
[32050000 @ 182.6s] Best=58593, Dist=[2,3,5], Temp=26.5, Accept=17.7%, Speed=175567/s
[32100000 @ 182.8s] Best=58593, Dist=[2,3,5], Temp=26.4, Accept=17.6%, Speed=175577/s
[32150000 @ 183.1s] Best=58593, Dist=[2,3,5], Temp=26.3, Accept=17.7%, Speed=175585/s
[32200000 @ 183.4s] Best=58593, Dist=[2,3,5], Temp=26.2, Accept=17.8%, Speed=175592/s
[32250000 @ 183.7s] Best=58593, Dist=[2,3,5], Temp=26.2, Accept=17.4%, Speed=175602/s
[32300000 @ 183.9s] Best=58593, Dist=[2,3,5], Temp=26.1, Accept=17.4%, Speed=175608/s
[32350000 @ 184.2s] Best=58593, Dist=[2,3,5], Temp=26.0, Accept=17.4%, Speed=175619/s
[32400000 @ 184.5s] Best=58593, Dist=[2,3,5], Temp=25.9, Accept=18.0%, Speed=175625/s
[32450000 @ 184.8s] Best=58593, Dist=[2,3,5], Temp=25.8, Accept=17.7%, Speed=175629/s
[32500000 @ 185.0s] Best=58593, Dist=[2,3,5], Temp=25.7, Accept=17.6%, Speed=175635/s
[32550000 @ 185.3s] Best=58593, Dist=[2,3,5], Temp=25.7, Accept=17.8%, Speed=175645/s
[32600000 @ 185.6s] Best=58593, Dist=[2,3,5], Temp=25.6, Accept=17.9%, Speed=175652/s
[32650000 @ 185.9s] Best=58593, Dist=[2,3,5], Temp=25.5, Accept=17.6%, Speed=175659/s
[32700000 @ 186.1s] Best=58593, Dist=[2,3,5], Temp=25.4, Accept=17.7%, Speed=175670/s
[32750000 @ 186.4s] Best=58593, Dist=[2,3,5], Temp=25.3, Accept=18.0%, Speed=175675/s
[32800000 @ 186.7s] Best=58593, Dist=[2,3,5], Temp=25.3, Accept=17.6%, Speed=175682/s
[32850000 @ 187.0s] Best=58593, Dist=[2,3,5], Temp=25.2, Accept=17.6%, Speed=175688/s
[32900000 @ 187.3s] Best=58593, Dist=[2,3,5], Temp=25.1, Accept=17.6%, Speed=175698/s
[32950000 @ 187.5s] Best=58593, Dist=[2,3,5], Temp=25.0, Accept=17.6%, Speed=175705/s
[33000000 @ 187.8s] Best=58593, Dist=[2,3,5], Temp=24.9, Accept=17.8%, Speed=175713/s
[33050000 @ 188.1s] Best=58593, Dist=[2,3,5], Temp=24.9, Accept=17.7%, Speed=175722/s
[33100000 @ 188.4s] Best=58593, Dist=[2,3,5], Temp=24.8, Accept=17.5%, Speed=175731/s
[33150000 @ 188.6s] Best=58593, Dist=[2,3,5], Temp=24.7, Accept=17.6%, Speed=175741/s
[33200000 @ 188.9s] Best=58593, Dist=[2,3,5], Temp=24.6, Accept=17.5%, Speed=175748/s
[33250000 @ 189.2s] Best=58593, Dist=[2,3,5], Temp=24.6, Accept=17.5%, Speed=175754/s
[33300000 @ 189.5s] Best=58593, Dist=[2,3,5], Temp=24.5, Accept=17.7%, Speed=175752/s
[33350000 @ 189.8s] Best=58593, Dist=[2,3,5], Temp=24.4, Accept=17.9%, Speed=175756/s
[33400000 @ 190.0s] Best=58593, Dist=[2,3,5], Temp=24.3, Accept=17.9%, Speed=175761/s
[33450000 @ 190.3s] Best=58593, Dist=[2,3,5], Temp=24.3, Accept=17.9%, Speed=175770/s
[33500000 @ 190.6s] Best=58593, Dist=[2,3,5], Temp=24.2, Accept=17.7%, Speed=175776/s
[33550000 @ 190.9s] Best=58593, Dist=[2,3,5], Temp=24.1, Accept=17.7%, Speed=175783/s
[33600000 @ 191.1s] Best=58593, Dist=[2,3,5], Temp=24.0, Accept=17.6%, Speed=175792/s
[33650000 @ 191.4s] Best=58593, Dist=[2,3,5], Temp=23.9, Accept=17.6%, Speed=175794/s
[33700000 @ 191.7s] Best=58593, Dist=[2,3,5], Temp=23.9, Accept=17.4%, Speed=175804/s
[33750000 @ 192.0s] Best=58593, Dist=[2,3,5], Temp=23.8, Accept=17.6%, Speed=175810/s
[33800000 @ 192.3s] Best=58593, Dist=[2,3,5], Temp=23.7, Accept=17.6%, Speed=175805/s
[33850000 @ 192.5s] Best=58593, Dist=[2,3,5], Temp=23.6, Accept=17.7%, Speed=175810/s
[33900000 @ 192.8s] Best=58593, Dist=[2,3,5], Temp=23.6, Accept=17.6%, Speed=175795/s
[33950000 @ 193.2s] Best=58593, Dist=[2,3,5], Temp=23.5, Accept=17.5%, Speed=175723/s
[34000000 @ 193.5s] Best=58593, Dist=[2,3,5], Temp=23.4, Accept=17.6%, Speed=175693/s
[34050000 @ 193.8s] Best=58593, Dist=[2,3,5], Temp=23.4, Accept=17.6%, Speed=175689/s
[34100000 @ 194.1s] Best=58593, Dist=[2,3,5], Temp=23.3, Accept=17.7%, Speed=175678/s
[34150000 @ 194.4s] Best=58593, Dist=[2,3,5], Temp=23.2, Accept=17.8%, Speed=175625/s
[34200000 @ 194.7s] Best=58593, Dist=[2,3,5], Temp=23.1, Accept=17.4%, Speed=175628/s
[34250000 @ 195.0s] Best=58593, Dist=[2,3,5], Temp=23.1, Accept=17.9%, Speed=175632/s
[34300000 @ 195.3s] Best=58593, Dist=[2,3,5], Temp=23.0, Accept=17.8%, Speed=175639/s
[34350000 @ 195.6s] Best=58593, Dist=[2,3,5], Temp=22.9, Accept=18.1%, Speed=175640/s
[34400000 @ 195.9s] Best=58593, Dist=[2,3,5], Temp=22.8, Accept=17.6%, Speed=175645/s
[34450000 @ 196.1s] Best=58593, Dist=[2,3,5], Temp=22.8, Accept=18.1%, Speed=175650/s
[34500000 @ 196.4s] Best=58593, Dist=[2,3,5], Temp=22.7, Accept=17.5%, Speed=175656/s
[34550000 @ 196.7s] Best=58593, Dist=[2,3,5], Temp=22.6, Accept=17.9%, Speed=175662/s
[34600000 @ 197.0s] Best=58593, Dist=[2,3,5], Temp=22.6, Accept=17.9%, Speed=175666/s
[34650000 @ 197.2s] Best=58593, Dist=[2,3,5], Temp=22.5, Accept=17.8%, Speed=175673/s
[34700000 @ 197.5s] Best=58593, Dist=[2,3,5], Temp=22.4, Accept=17.5%, Speed=175678/s
[34750000 @ 197.8s] Best=58593, Dist=[2,3,5], Temp=22.3, Accept=17.6%, Speed=175685/s
[34800000 @ 198.1s] Best=58593, Dist=[2,3,5], Temp=22.3, Accept=17.5%, Speed=175687/s
[34850000 @ 198.4s] Best=58593, Dist=[2,3,5], Temp=22.2, Accept=17.7%, Speed=175695/s
[34900000 @ 198.6s] Best=58593, Dist=[2,3,5], Temp=22.1, Accept=17.7%, Speed=175699/s
[34950000 @ 198.9s] Best=58593, Dist=[2,3,5], Temp=22.1, Accept=17.4%, Speed=175707/s
[35000000 @ 199.2s] Best=58593, Dist=[2,3,5], Temp=22.0, Accept=17.5%, Speed=175711/s
[35050000 @ 199.5s] Best=58593, Dist=[2,3,5], Temp=21.9, Accept=17.7%, Speed=175717/s
[35100000 @ 199.7s] Best=58593, Dist=[2,3,5], Temp=21.9, Accept=17.6%, Speed=175721/s
[35150000 @ 200.0s] Best=58593, Dist=[2,3,5], Temp=21.8, Accept=17.5%, Speed=175715/s
[35200000 @ 200.3s] Best=58593, Dist=[2,3,5], Temp=21.7, Accept=17.5%, Speed=175717/s
[35250000 @ 200.6s] Best=58593, Dist=[2,3,5], Temp=21.6, Accept=17.6%, Speed=175718/s
[35300000 @ 200.9s] Best=58593, Dist=[2,3,5], Temp=21.6, Accept=17.8%, Speed=175714/s
[35350000 @ 201.2s] Best=58593, Dist=[2,3,5], Temp=21.5, Accept=17.6%, Speed=175716/s
[35400000 @ 201.5s] Best=58593, Dist=[2,3,5], Temp=21.4, Accept=17.7%, Speed=175723/s
[35450000 @ 201.7s] Best=58593, Dist=[2,3,5], Temp=21.4, Accept=17.5%, Speed=175725/s
[35500000 @ 202.1s] Best=58593, Dist=[2,3,5], Temp=21.3, Accept=17.5%, Speed=175696/s
[35550000 @ 202.3s] Best=58593, Dist=[2,3,5], Temp=21.2, Accept=17.8%, Speed=175693/s
[35600000 @ 202.6s] Best=58593, Dist=[2,3,5], Temp=21.2, Accept=17.8%, Speed=175697/s
[35650000 @ 202.9s] Best=58593, Dist=[2,3,5], Temp=21.1, Accept=17.7%, Speed=175706/s
[35700000 @ 203.2s] Best=58593, Dist=[2,3,5], Temp=21.0, Accept=18.1%, Speed=175706/s
[35750000 @ 203.5s] Best=58593, Dist=[2,3,5], Temp=21.0, Accept=17.5%, Speed=175715/s
[35800000 @ 203.7s] Best=58593, Dist=[2,3,5], Temp=20.9, Accept=17.7%, Speed=175719/s
[35850000 @ 204.0s] Best=58593, Dist=[2,3,5], Temp=20.8, Accept=17.7%, Speed=175728/s
[35900000 @ 204.3s] Best=58593, Dist=[2,3,5], Temp=20.8, Accept=17.5%, Speed=175732/s
[35950000 @ 204.6s] Best=58593, Dist=[2,3,5], Temp=20.7, Accept=17.8%, Speed=175739/s
[36000000 @ 204.8s] Best=58593, Dist=[2,3,5], Temp=20.6, Accept=17.9%, Speed=175747/s
[36050000 @ 205.1s] Best=58593, Dist=[2,3,5], Temp=20.6, Accept=17.8%, Speed=175749/s
[36100000 @ 205.4s] Best=58593, Dist=[2,3,5], Temp=20.5, Accept=18.0%, Speed=175756/s
[36150000 @ 205.7s] Best=58593, Dist=[2,3,5], Temp=20.5, Accept=17.8%, Speed=175762/s
[36200000 @ 206.0s] Best=58593, Dist=[2,3,5], Temp=20.4, Accept=17.5%, Speed=175757/s
[36250000 @ 206.2s] Best=58593, Dist=[2,3,5], Temp=20.3, Accept=17.7%, Speed=175759/s
[36300000 @ 206.5s] Best=58593, Dist=[2,3,5], Temp=20.3, Accept=17.7%, Speed=175766/s
[36350000 @ 206.8s] Best=58593, Dist=[2,3,5], Temp=20.2, Accept=17.9%, Speed=175772/s
[36400000 @ 207.1s] Best=58593, Dist=[2,3,5], Temp=20.1, Accept=18.1%, Speed=175768/s
[36450000 @ 207.4s] Best=58593, Dist=[2,3,5], Temp=20.1, Accept=17.6%, Speed=175772/s
[36500000 @ 207.7s] Best=58593, Dist=[2,3,5], Temp=20.0, Accept=17.7%, Speed=175777/s
[36550000 @ 207.9s] Best=58593, Dist=[2,3,5], Temp=19.9, Accept=18.0%, Speed=175784/s
[36600000 @ 208.2s] Best=58593, Dist=[2,3,5], Temp=19.9, Accept=17.7%, Speed=175788/s
[36650000 @ 208.5s] Best=58593, Dist=[2,3,5], Temp=19.8, Accept=17.7%, Speed=175789/s
[36700000 @ 208.8s] Best=58593, Dist=[2,3,5], Temp=19.8, Accept=17.9%, Speed=175788/s
[36750000 @ 209.1s] Best=58593, Dist=[2,3,5], Temp=19.7, Accept=17.7%, Speed=175794/s
[36800000 @ 209.3s] Best=58593, Dist=[2,3,5], Temp=19.6, Accept=17.5%, Speed=175800/s
[36850000 @ 209.6s] Best=58593, Dist=[2,3,5], Temp=19.6, Accept=17.7%, Speed=175804/s
[36900000 @ 209.9s] Best=58593, Dist=[2,3,5], Temp=19.5, Accept=17.8%, Speed=175786/s
[36950000 @ 210.2s] Best=58593, Dist=[2,3,5], Temp=19.4, Accept=17.7%, Speed=175778/s
[37000000 @ 210.5s] Best=58593, Dist=[2,3,5], Temp=19.4, Accept=17.7%, Speed=175779/s
[37050000 @ 210.8s] Best=58593, Dist=[2,3,5], Temp=19.3, Accept=17.9%, Speed=175783/s
[37100000 @ 211.1s] Best=58593, Dist=[2,3,5], Temp=19.3, Accept=17.7%, Speed=175777/s
[37150000 @ 211.3s] Best=58593, Dist=[2,3,5], Temp=19.2, Accept=17.7%, Speed=175781/s
[37200000 @ 211.6s] Best=58593, Dist=[2,3,5], Temp=19.1, Accept=17.9%, Speed=175788/s
[37250000 @ 211.9s] Best=58593, Dist=[2,3,5], Temp=19.1, Accept=17.8%, Speed=175790/s
[37300000 @ 212.2s] Best=58593, Dist=[2,3,5], Temp=19.0, Accept=17.8%, Speed=175790/s
[37350000 @ 212.5s] Best=58593, Dist=[2,3,5], Temp=19.0, Accept=17.7%, Speed=175796/s
[37400000 @ 212.7s] Best=58593, Dist=[2,3,5], Temp=18.9, Accept=17.7%, Speed=175795/s
[37450000 @ 213.0s] Best=58593, Dist=[2,3,5], Temp=18.8, Accept=17.7%, Speed=175800/s
[37500000 @ 213.3s] Best=58593, Dist=[2,3,5], Temp=18.8, Accept=17.5%, Speed=175804/s
[37550000 @ 213.6s] Best=58593, Dist=[2,3,5], Temp=18.7, Accept=17.8%, Speed=175807/s
[37600000 @ 213.9s] Best=58593, Dist=[2,3,5], Temp=18.7, Accept=17.6%, Speed=175812/s
[37650000 @ 214.2s] Best=58593, Dist=[2,3,5], Temp=18.6, Accept=17.8%, Speed=175810/s
[37700000 @ 214.4s] Best=58593, Dist=[2,3,5], Temp=18.5, Accept=17.5%, Speed=175814/s
[37750000 @ 214.7s] Best=58593, Dist=[2,3,5], Temp=18.5, Accept=17.7%, Speed=175811/s
