Valid tiles: 17, Budget: $200
Tuned for HIGH SCORES - Distance penalty: 500.0
Target runtime: 840s (~25200000 iterations)


╔══════════════════════════════════════════════╗
║   Simulated Annealing V2 - HIGH SCORE MODE  ║
╚══════════════════════════════════════════════╝

Initial: Score=3750, Dist=[0,0,4], Fit=1750
[6 @ 0.0s] NEW BEST! Score=7750, Dist=[0,5,4], Cost=$60
[42 @ 0.0s] NEW BEST! Score=8750, Dist=[0,5,4], Cost=$90
[51 @ 0.0s] NEW BEST! Score=9750, Dist=[0,5,4], Cost=$110
[52 @ 0.0s] NEW BEST! Score=10750, Dist=[0,5,4], Cost=$140
[78 @ 0.0s] NEW BEST! Score=13281, Dist=[3,5,3], Cost=$160
[100 @ 0.0s] NEW BEST! Score=14156, Dist=[1,3,3], Cost=$180
[107 @ 0.0s] NEW BEST! Score=15906, Dist=[1,3,0], Cost=$180
[126 @ 0.0s] NEW BEST! Score=16906, Dist=[1,3,0], Cost=$200
[233 @ 0.0s] NEW BEST! Score=31593, Dist=[3,0,0], Cost=$180
[266 @ 0.0s] NEW BEST! Score=43593, Dist=[3,0,0], Cost=$200
[504 @ 0.0s] NEW BEST! Score=49375, Dist=[0,0,0], Cost=$180
[698 @ 0.0s] NEW BEST! Score=61375, Dist=[0,0,0], Cost=$200
[1105 @ 0.0s] NEW BEST! Score=67375, Dist=[6,0,0], Cost=$190
[1175 @ 0.1s] NEW BEST! Score=68125, Dist=[6,0,0], Cost=$200
[1280 @ 0.1s] NEW BEST! Score=76875, Dist=[0,0,0], Cost=$200
[1289 @ 0.1s] NEW BEST! Score=96375, Dist=[0,0,0], Cost=$190
[1309 @ 0.1s] NEW BEST! Score=101375, Dist=[0,0,0], Cost=$200
[4898 @ 0.2s] NEW BEST! Score=111125, Dist=[0,0,0], Cost=$200
[5000 @ 0.2s] Best=111125, Dist=[0,0,0], Temp=129.3, Accept=22.2%, Speed=32051/s
[5077 @ 0.2s] NEW BEST! Score=111375, Dist=[0,0,0], Cost=$200
[10000 @ 0.3s] Best=111375, Dist=[0,0,0], Temp=111.3, Accept=17.7%, Speed=35211/s
[13741 @ 0.4s] NEW BEST! Score=115875, Dist=[0,0,0], Cost=$200
[15000 @ 0.4s] Best=115875, Dist=[0,0,0], Temp=95.8, Accept=15.9%, Speed=40323/s
[17423 @ 0.4s] NEW BEST! Score=121125, Dist=[0,0,0], Cost=$200
[20000 @ 0.4s] Best=121125, Dist=[0,0,0], Temp=82.4, Accept=12.8%, Speed=45249/s
[25000 @ 0.5s] Best=121125, Dist=[0,0,0], Temp=70.9, Accept=13.3%, Speed=50813/s
[30000 @ 0.5s] Best=121125, Dist=[0,0,0], Temp=61.0, Accept=12.9%, Speed=56818/s
[35000 @ 0.6s] Best=121125, Dist=[0,0,0], Temp=52.5, Accept=13.3%, Speed=62167/s
[40000 @ 0.6s] Best=121125, Dist=[0,0,0], Temp=45.2, Accept=13.0%, Speed=66890/s
[45000 @ 0.6s] Best=121125, Dist=[0,0,0], Temp=38.9, Accept=13.4%, Speed=71203/s
[50000 @ 0.7s] Best=121125, Dist=[0,0,0], Temp=33.5, Accept=13.4%, Speed=75075/s
[55000 @ 0.7s] Best=121125, Dist=[0,0,0], Temp=28.8, Accept=12.8%, Speed=78797/s
[60000 @ 0.7s] Best=121125, Dist=[0,0,0], Temp=24.8, Accept=13.3%, Speed=81967/s
[65000 @ 0.8s] Best=121125, Dist=[0,0,0], Temp=21.3, Accept=12.9%, Speed=85079/s
[70000 @ 0.8s] Best=121125, Dist=[0,0,0], Temp=18.4, Accept=13.5%, Speed=87940/s
[75000 @ 0.8s] Best=121125, Dist=[0,0,0], Temp=15.8, Accept=13.2%, Speed=90580/s
[80000 @ 0.9s] Best=121125, Dist=[0,0,0], Temp=13.6, Accept=13.2%, Speed=93023/s
[85000 @ 0.9s] Best=121125, Dist=[0,0,0], Temp=11.7, Accept=12.7%, Speed=95398/s
[90000 @ 0.9s] Best=121125, Dist=[0,0,0], Temp=10.1, Accept=13.4%, Speed=97403/s
[95000 @ 1.0s] Best=121125, Dist=[0,0,0], Temp=8.7, Accept=12.9%, Speed=99062/s
[100000 @ 1.0s] Best=121125, Dist=[0,0,0], Temp=7.5, Accept=12.8%, Speed=100806/s
[105000 @ 1.0s] Best=121125, Dist=[0,0,0], Temp=6.4, Accept=14.1%, Speed=102539/s
[110000 @ 1.1s] Best=121125, Dist=[0,0,0], Temp=5.5, Accept=13.6%, Speed=104167/s
[115000 @ 1.1s] Best=121125, Dist=[0,0,0], Temp=4.8, Accept=12.6%, Speed=105601/s
[120000 @ 1.1s] Best=121125, Dist=[0,0,0], Temp=4.1, Accept=13.6%, Speed=107143/s
[125000 @ 1.2s] Best=121125, Dist=[0,0,0], Temp=3.5, Accept=13.9%, Speed=108413/s
[130000 @ 1.2s] Best=121125, Dist=[0,0,0], Temp=3.0, Accept=12.2%, Speed=109797/s
[135000 @ 1.2s] Best=121125, Dist=[0,0,0], Temp=2.6, Accept=13.3%, Speed=110929/s
[140000 @ 1.2s] Best=121125, Dist=[0,0,0], Temp=2.2, Accept=12.5%, Speed=112090/s
[145000 @ 1.3s] Best=121125, Dist=[0,0,0], Temp=1.9, Accept=13.5%, Speed=113193/s
[150000 @ 1.3s] Best=121125, Dist=[0,0,0], Temp=1.7, Accept=12.9%, Speed=114242/s
[155000 @ 1.3s] Best=121125, Dist=[0,0,0], Temp=1.4, Accept=13.2%, Speed=115327/s
[160000 @ 1.4s] Best=121125, Dist=[0,0,0], Temp=1.2, Accept=13.7%, Speed=116195/s
[165000 @ 1.4s] Best=121125, Dist=[0,0,0], Temp=1.1, Accept=13.1%, Speed=117188/s

╔══════════════════════════════════════════════╗
║              OPTIMIZATION COMPLETE!          ║
╚══════════════════════════════════════════════╝

Time: 1.42s (166900 iterations @ 117452 it/s)
BEST SCORE: 121125
Distances: Red=0, Green=0, Blue=0 (Total=0)
Budget: $200 / $200
✓ Saved to movements_final.txt

✅ Verify: java TestSolution starting_simple.txt movements_final.txt
