Valid tiles: 17, Budget: $200
Tuned for HIGH SCORES - Distance penalty: 500.0
Target runtime: 300s (~9000000 iterations)


╔══════════════════════════════════════════════╗
║   Simulated Annealing V2 - HIGH SCORE MODE  ║
╚══════════════════════════════════════════════╝

Initial: Score=8250, Dist=[0,3,6], Fit=3750
[6 @ 0.0s] NEW BEST! Score=8750, Dist=[0,3,3], Cost=$160
[13 @ 0.0s] NEW BEST! Score=16250, Dist=[0,3,3], Cost=$180
[54 @ 0.0s] NEW BEST! Score=17500, Dist=[0,1,3], Cost=$200
[58 @ 0.0s] NEW BEST! Score=19750, Dist=[0,1,4], Cost=$200
[82 @ 0.0s] NEW BEST! Score=20250, Dist=[0,1,5], Cost=$190
[97 @ 0.0s] NEW BEST! Score=20843, Dist=[2,2,3], Cost=$200
[108 @ 0.0s] NEW BEST! Score=21250, Dist=[0,2,4], Cost=$180
[110 @ 0.0s] NEW BEST! Score=22250, Dist=[0,2,4], Cost=$200
[113 @ 0.0s] NEW BEST! Score=25250, Dist=[0,2,4], Cost=$180
[193 @ 0.0s] NEW BEST! Score=27250, Dist=[0,2,4], Cost=$200
[208 @ 0.0s] NEW BEST! Score=28250, Dist=[0,2,4], Cost=$190
[300 @ 0.0s] NEW BEST! Score=28750, Dist=[0,2,4], Cost=$200
[350 @ 0.0s] NEW BEST! Score=29750, Dist=[0,3,5], Cost=$200
[716 @ 0.0s] NEW BEST! Score=31750, Dist=[0,3,4], Cost=$190
[748 @ 0.0s] NEW BEST! Score=35500, Dist=[0,3,4], Cost=$200
[1754 @ 0.1s] NEW BEST! Score=36500, Dist=[0,3,4], Cost=$200
[5000 @ 0.1s] Best=36500, Dist=[0,3,4], Temp=129.3, Accept=19.6%, Speed=37037/s
[5211 @ 0.1s] NEW BEST! Score=38500, Dist=[0,3,4], Cost=$200
[7897 @ 0.2s] NEW BEST! Score=41593, Dist=[2,4,6], Cost=$200
[8087 @ 0.2s] NEW BEST! Score=46750, Dist=[0,4,2], Cost=$200
[8232 @ 0.2s] NEW BEST! Score=50750, Dist=[0,4,2], Cost=$200
[8520 @ 0.2s] NEW BEST! Score=53750, Dist=[0,4,2], Cost=$200
[9135 @ 0.2s] NEW BEST! Score=57750, Dist=[0,4,2], Cost=$200
[10000 @ 0.2s] Best=57750, Dist=[0,4,2], Temp=111.3, Accept=17.8%, Speed=46948/s
[15000 @ 0.3s] Best=57750, Dist=[0,4,2], Temp=95.8, Accept=16.5%, Speed=54745/s
[20000 @ 0.3s] Best=57750, Dist=[0,4,2], Temp=82.4, Accept=17.1%, Speed=64103/s
[25000 @ 0.3s] Best=57750, Dist=[0,4,2], Temp=70.9, Accept=16.1%, Speed=71633/s
[30000 @ 0.4s] Best=57750, Dist=[0,4,2], Temp=61.0, Accept=17.4%, Speed=78534/s
[35000 @ 0.4s] Best=57750, Dist=[0,4,2], Temp=52.5, Accept=17.4%, Speed=85158/s
[40000 @ 0.4s] Best=57750, Dist=[0,4,2], Temp=45.2, Accept=16.2%, Speed=90909/s
[45000 @ 0.5s] Best=57750, Dist=[0,4,2], Temp=38.9, Accept=16.4%, Speed=96154/s
[50000 @ 0.5s] Best=57750, Dist=[0,4,2], Temp=33.5, Accept=15.9%, Speed=100604/s
[55000 @ 0.5s] Best=57750, Dist=[0,4,2], Temp=28.8, Accept=16.1%, Speed=105163/s
[60000 @ 0.5s] Best=57750, Dist=[0,4,2], Temp=24.8, Accept=16.2%, Speed=109489/s
[65000 @ 0.6s] Best=57750, Dist=[0,4,2], Temp=21.3, Accept=16.6%, Speed=113240/s
[70000 @ 0.6s] Best=57750, Dist=[0,4,2], Temp=18.4, Accept=16.7%, Speed=116667/s
[75000 @ 0.6s] Best=57750, Dist=[0,4,2], Temp=15.8, Accept=16.7%, Speed=120000/s
[80000 @ 0.7s] Best=57750, Dist=[0,4,2], Temp=13.6, Accept=16.6%, Speed=122888/s
[85000 @ 0.7s] Best=57750, Dist=[0,4,2], Temp=11.7, Accept=17.6%, Speed=125740/s
[90000 @ 0.7s] Best=57750, Dist=[0,4,2], Temp=10.1, Accept=16.7%, Speed=128388/s
[95000 @ 0.7s] Best=57750, Dist=[0,4,2], Temp=8.7, Accept=16.1%, Speed=130674/s
[100000 @ 0.8s] Best=57750, Dist=[0,4,2], Temp=7.5, Accept=16.2%, Speed=133156/s
[105000 @ 0.8s] Best=57750, Dist=[0,4,2], Temp=6.4, Accept=16.5%, Speed=134961/s
[110000 @ 0.8s] Best=57750, Dist=[0,4,2], Temp=5.5, Accept=15.9%, Speed=136986/s
[115000 @ 0.8s] Best=57750, Dist=[0,4,2], Temp=4.8, Accept=16.9%, Speed=138889/s
[120000 @ 0.9s] Best=57750, Dist=[0,4,2], Temp=4.1, Accept=17.0%, Speed=140680/s
[125000 @ 0.9s] Best=57750, Dist=[0,4,2], Temp=3.5, Accept=16.4%, Speed=142369/s
[130000 @ 0.9s] Best=57750, Dist=[0,4,2], Temp=3.0, Accept=16.4%, Speed=143805/s
[135000 @ 0.9s] Best=57750, Dist=[0,4,2], Temp=2.6, Accept=17.1%, Speed=145318/s
[140000 @ 1.0s] Best=57750, Dist=[0,4,2], Temp=2.2, Accept=16.7%, Speed=146751/s
[145000 @ 1.0s] Best=57750, Dist=[0,4,2], Temp=1.9, Accept=16.7%, Speed=147059/s
[150000 @ 1.0s] Best=57750, Dist=[0,4,2], Temp=1.7, Accept=16.9%, Speed=148075/s
[155000 @ 1.0s] Best=57750, Dist=[0,4,2], Temp=1.4, Accept=16.5%, Speed=149326/s
[160000 @ 1.1s] Best=57750, Dist=[0,4,2], Temp=1.2, Accept=16.3%, Speed=149673/s
[165000 @ 1.1s] Best=57750, Dist=[0,4,2], Temp=1.1, Accept=17.2%, Speed=150823/s

╔══════════════════════════════════════════════╗
║              OPTIMIZATION COMPLETE!          ║
╚══════════════════════════════════════════════╝

Time: 1.10s (166900 iterations @ 151178 it/s)
BEST SCORE: 57750
Distances: Red=0, Green=4, Blue=2 (Total=6)
Budget: $200 / $200
✓ Saved to movements_long_run.txt

✅ Verify: java TestSolution starting_simple.txt movements_long_run.txt
