Valid tiles: 17, Budget: $200
Target runtime: 300s (~30000000 iterations)


╔══════════════════════════════════════════════╗
║   SA V3 - ADAPTIVE LONG RUN (14min max)      ║
╚══════════════════════════════════════════════╝

Target iterations: 30000000, Cooling rate: 0.000009
Distance penalty: 500

Initial: Score=8062, Dist=[6,5,6], Fit=-438
[1 @ 0.0s] NEW BEST! Score=8312, Dist=[6,5,6], Cost=$100
[2 @ 0.0s] NEW BEST! Score=9312, Dist=[6,5,6], Cost=$130
[6 @ 0.0s] NEW BEST! Score=10750, Dist=[0,5,4], Cost=$120
[30 @ 0.0s] NEW BEST! Score=13000, Dist=[0,4,4], Cost=$110
[44 @ 0.0s] NEW BEST! Score=17000, Dist=[0,4,4], Cost=$150
[66 @ 0.0s] NEW BEST! Score=18250, Dist=[0,4,4], Cost=$150
[74 @ 0.0s] NEW BEST! Score=20250, Dist=[0,4,4], Cost=$200
[85 @ 0.0s] NEW BEST! Score=20500, Dist=[0,4,4], Cost=$200
[112 @ 0.0s] NEW BEST! Score=22750, Dist=[0,3,7], Cost=$200
[172 @ 0.0s] NEW BEST! Score=24375, Dist=[2,4,0], Cost=$200
[376 @ 0.0s] NEW BEST! Score=31125, Dist=[0,0,0], Cost=$180
[415 @ 0.0s] NEW BEST! Score=31625, Dist=[0,0,0], Cost=$180
[427 @ 0.0s] NEW BEST! Score=34125, Dist=[0,0,0], Cost=$150
[435 @ 0.0s] NEW BEST! Score=35625, Dist=[0,0,0], Cost=$180
[449 @ 0.0s] NEW BEST! Score=41625, Dist=[0,0,0], Cost=$200
[535 @ 0.0s] NEW BEST! Score=41875, Dist=[0,0,0], Cost=$200
[758 @ 0.0s] NEW BEST! Score=47875, Dist=[0,0,0], Cost=$200
[1013 @ 0.0s] NEW BEST! Score=53875, Dist=[0,0,0], Cost=$190
[1104 @ 0.1s] NEW BEST! Score=56500, Dist=[4,0,0], Cost=$190
[1161 @ 0.1s] NEW BEST! Score=57875, Dist=[6,0,0], Cost=$190
[1179 @ 0.1s] NEW BEST! Score=58125, Dist=[6,0,0], Cost=$180
[1459 @ 0.1s] NEW BEST! Score=100375, Dist=[0,0,0], Cost=$190
[4707 @ 0.1s] NEW BEST! Score=106875, Dist=[0,0,0], Cost=$200
[4722 @ 0.1s] NEW BEST! Score=114625, Dist=[0,0,0], Cost=$200
[5607 @ 0.2s] NEW BEST! Score=120750, Dist=[6,0,0], Cost=$200
[7089 @ 0.2s] NEW BEST! Score=121250, Dist=[4,0,0], Cost=$200
[24599 @ 0.4s] NEW BEST! Score=121500, Dist=[4,0,0], Cost=$200
[24952 @ 0.4s] NEW BEST! Score=121750, Dist=[4,0,0], Cost=$200
[50000 @ 0.6s] Best=121750, Dist=[4,0,0], Temp=198.2, Accept=18.2%, Speed=82237/s
[100000 @ 0.9s] Best=121750, Dist=[4,0,0], Temp=196.5, Accept=18.9%, Speed=110988/s
[150000 @ 1.2s] Best=121750, Dist=[4,0,0], Temp=194.8, Accept=16.7%, Speed=124896/s
[200000 @ 1.5s] Best=121750, Dist=[4,0,0], Temp=193.1, Accept=18.0%, Speed=132890/s
[250000 @ 1.8s] Best=121750, Dist=[4,0,0], Temp=191.4, Accept=17.3%, Speed=138504/s
[300000 @ 2.1s] Best=121750, Dist=[4,0,0], Temp=189.7, Accept=17.6%, Speed=142789/s
[350000 @ 2.4s] Best=121750, Dist=[4,0,0], Temp=188.0, Accept=17.7%, Speed=146077/s
[400000 @ 2.7s] Best=121750, Dist=[4,0,0], Temp=186.4, Accept=17.6%, Speed=148644/s
[450000 @ 3.0s] Best=121750, Dist=[4,0,0], Temp=184.7, Accept=17.5%, Speed=150703/s
[500000 @ 3.3s] Best=121750, Dist=[4,0,0], Temp=183.1, Accept=18.4%, Speed=152765/s
[516569 @ 3.4s] NEW BEST! Score=121875, Dist=[6,0,0], Cost=$200
[550000 @ 3.6s] Best=121875, Dist=[6,0,0], Temp=181.5, Accept=20.0%, Speed=154886/s
[600000 @ 3.8s] Best=121875, Dist=[6,0,0], Temp=179.9, Accept=17.7%, Speed=155966/s
[650000 @ 4.1s] Best=121875, Dist=[6,0,0], Temp=178.3, Accept=18.5%, Speed=157119/s
[700000 @ 4.4s] Best=121875, Dist=[6,0,0], Temp=176.7, Accept=16.5%, Speed=157800/s
[750000 @ 4.7s] Best=121875, Dist=[6,0,0], Temp=175.2, Accept=17.8%, Speed=158495/s
[800000 @ 5.0s] Best=121875, Dist=[6,0,0], Temp=173.6, Accept=19.6%, Speed=159585/s
[850000 @ 5.3s] Best=121875, Dist=[6,0,0], Temp=172.1, Accept=18.0%, Speed=160166/s
[900000 @ 5.6s] Best=121875, Dist=[6,0,0], Temp=170.6, Accept=19.8%, Speed=161031/s
[950000 @ 5.9s] Best=121875, Dist=[6,0,0], Temp=169.1, Accept=18.3%, Speed=161565/s
[1000000 @ 6.2s] Best=121875, Dist=[6,0,0], Temp=167.6, Accept=17.8%, Speed=161996/s
[1050000 @ 6.5s] Best=121875, Dist=[6,0,0], Temp=166.1, Accept=18.9%, Speed=162514/s
[1100000 @ 6.7s] Best=121875, Dist=[6,0,0], Temp=164.7, Accept=19.4%, Speed=163108/s
[1150000 @ 7.0s] Best=121875, Dist=[6,0,0], Temp=163.2, Accept=17.6%, Speed=163422/s
[1200000 @ 7.3s] Best=121875, Dist=[6,0,0], Temp=161.8, Accept=15.6%, Speed=163599/s
[1250000 @ 7.6s] Best=121875, Dist=[6,0,0], Temp=160.4, Accept=15.4%, Speed=163763/s
[1300000 @ 7.9s] Best=121875, Dist=[6,0,0], Temp=159.0, Accept=16.7%, Speed=163914/s
[1350000 @ 8.2s] Best=121875, Dist=[6,0,0], Temp=157.6, Accept=16.4%, Speed=164034/s
[1400000 @ 8.5s] Best=121875, Dist=[6,0,0], Temp=156.2, Accept=16.4%, Speed=164146/s
[1450000 @ 8.8s] Best=121875, Dist=[6,0,0], Temp=154.8, Accept=15.9%, Speed=164250/s
[1500000 @ 9.1s] Best=121875, Dist=[6,0,0], Temp=153.5, Accept=16.6%, Speed=164402/s
[1550000 @ 9.4s] Best=121875, Dist=[6,0,0], Temp=152.1, Accept=16.5%, Speed=164544/s
[1600000 @ 9.7s] Best=121875, Dist=[6,0,0], Temp=150.8, Accept=15.8%, Speed=164609/s
[1650000 @ 10.0s] Best=121875, Dist=[6,0,0], Temp=149.4, Accept=16.3%, Speed=164671/s
[1700000 @ 10.3s] Best=121875, Dist=[6,0,0], Temp=148.1, Accept=15.9%, Speed=164697/s
[1750000 @ 10.6s] Best=121875, Dist=[6,0,0], Temp=146.8, Accept=16.0%, Speed=164768/s
[1800000 @ 10.9s] Best=121875, Dist=[6,0,0], Temp=145.5, Accept=16.4%, Speed=164835/s
[1850000 @ 11.2s] Best=121875, Dist=[6,0,0], Temp=144.3, Accept=16.9%, Speed=164958/s
[1900000 @ 11.5s] Best=121875, Dist=[6,0,0], Temp=143.0, Accept=17.3%, Speed=165117/s
[1950000 @ 11.8s] Best=121875, Dist=[6,0,0], Temp=141.7, Accept=19.8%, Speed=165408/s
[2000000 @ 12.1s] Best=121875, Dist=[6,0,0], Temp=140.5, Accept=17.9%, Speed=165481/s
[2050000 @ 12.4s] Best=121875, Dist=[6,0,0], Temp=139.3, Accept=16.1%, Speed=165483/s
[2100000 @ 12.7s] Best=121875, Dist=[6,0,0], Temp=138.0, Accept=17.7%, Speed=165602/s
[2150000 @ 13.0s] Best=121875, Dist=[6,0,0], Temp=136.8, Accept=16.0%, Speed=165627/s
[2200000 @ 13.3s] Best=121875, Dist=[6,0,0], Temp=135.6, Accept=15.6%, Speed=165638/s
[2250000 @ 13.6s] Best=121875, Dist=[6,0,0], Temp=134.4, Accept=16.1%, Speed=165697/s
[2300000 @ 13.9s] Best=121875, Dist=[6,0,0], Temp=133.2, Accept=15.8%, Speed=165730/s
[2350000 @ 14.2s] Best=121875, Dist=[6,0,0], Temp=132.1, Accept=15.9%, Speed=165773/s
[2400000 @ 14.5s] Best=121875, Dist=[6,0,0], Temp=130.9, Accept=16.4%, Speed=165792/s
[2450000 @ 14.8s] Best=121875, Dist=[6,0,0], Temp=129.8, Accept=15.8%, Speed=165832/s
[2500000 @ 15.1s] Best=121875, Dist=[6,0,0], Temp=128.6, Accept=16.2%, Speed=165848/s
[2550000 @ 15.4s] Best=121875, Dist=[6,0,0], Temp=127.5, Accept=15.4%, Speed=165875/s
[2600000 @ 15.7s] Best=121875, Dist=[6,0,0], Temp=126.4, Accept=15.7%, Speed=165859/s
[2650000 @ 16.0s] Best=121875, Dist=[6,0,0], Temp=125.2, Accept=18.1%, Speed=165832/s
[2700000 @ 16.3s] Best=121875, Dist=[6,0,0], Temp=124.1, Accept=15.9%, Speed=165837/s
[2750000 @ 16.6s] Best=121875, Dist=[6,0,0], Temp=123.1, Accept=15.6%, Speed=165802/s
[2800000 @ 16.9s] Best=121875, Dist=[6,0,0], Temp=122.0, Accept=15.7%, Speed=165828/s
[2850000 @ 17.2s] Best=121875, Dist=[6,0,0], Temp=120.9, Accept=15.5%, Speed=165833/s
[2900000 @ 17.5s] Best=121875, Dist=[6,0,0], Temp=119.8, Accept=19.4%, Speed=166027/s
[2950000 @ 17.7s] Best=121875, Dist=[6,0,0], Temp=118.8, Accept=19.7%, Speed=166263/s
[3000000 @ 18.0s] Best=121875, Dist=[6,0,0], Temp=117.7, Accept=16.5%, Speed=166279/s
[3050000 @ 18.3s] Best=121875, Dist=[6,0,0], Temp=116.7, Accept=15.7%, Speed=166303/s
[3100000 @ 18.6s] Best=121875, Dist=[6,0,0], Temp=115.7, Accept=15.6%, Speed=166273/s
[3150000 @ 18.9s] Best=121875, Dist=[6,0,0], Temp=114.7, Accept=15.9%, Speed=166280/s
[3200000 @ 19.2s] Best=121875, Dist=[6,0,0], Temp=113.7, Accept=16.1%, Speed=166303/s
[3250000 @ 19.5s] Best=121875, Dist=[6,0,0], Temp=112.7, Accept=15.8%, Speed=166317/s
[3300000 @ 19.8s] Best=121875, Dist=[6,0,0], Temp=111.7, Accept=15.8%, Speed=166339/s
[3350000 @ 20.1s] Best=121875, Dist=[6,0,0], Temp=110.7, Accept=15.5%, Speed=166336/s
[3400000 @ 20.4s] Best=121875, Dist=[6,0,0], Temp=109.7, Accept=15.8%, Speed=166357/s
[3450000 @ 20.7s] Best=121875, Dist=[6,0,0], Temp=108.7, Accept=15.7%, Speed=166353/s
[3500000 @ 21.0s] Best=121875, Dist=[6,0,0], Temp=107.8, Accept=15.7%, Speed=166374/s
[3550000 @ 21.3s] Best=121875, Dist=[6,0,0], Temp=106.8, Accept=15.7%, Speed=166393/s
[3600000 @ 21.6s] Best=121875, Dist=[6,0,0], Temp=105.9, Accept=15.9%, Speed=166420/s
[3650000 @ 21.9s] Best=121875, Dist=[6,0,0], Temp=105.0, Accept=16.7%, Speed=166461/s
[3700000 @ 22.2s] Best=121875, Dist=[6,0,0], Temp=104.0, Accept=15.7%, Speed=166479/s
[3750000 @ 22.5s] Best=121875, Dist=[6,0,0], Temp=103.1, Accept=15.9%, Speed=166504/s
[3800000 @ 22.8s] Best=121875, Dist=[6,0,0], Temp=102.2, Accept=15.7%, Speed=166506/s
[3850000 @ 23.1s] Best=121875, Dist=[6,0,0], Temp=101.3, Accept=15.6%, Speed=166530/s
[3900000 @ 23.4s] Best=121875, Dist=[6,0,0], Temp=100.4, Accept=15.4%, Speed=166553/s
[3950000 @ 23.7s] Best=121875, Dist=[6,0,0], Temp=99.6, Accept=15.6%, Speed=166561/s
[4000000 @ 24.0s] Best=121875, Dist=[6,0,0], Temp=98.7, Accept=15.6%, Speed=166583/s
[4050000 @ 24.3s] Best=121875, Dist=[6,0,0], Temp=97.8, Accept=15.5%, Speed=166605/s
[4100000 @ 24.6s] Best=121875, Dist=[6,0,0], Temp=97.0, Accept=15.7%, Speed=166619/s
[4150000 @ 24.9s] Best=121875, Dist=[6,0,0], Temp=96.1, Accept=15.3%, Speed=166613/s
[4200000 @ 25.2s] Best=121875, Dist=[6,0,0], Temp=95.3, Accept=15.6%, Speed=166627/s
[4250000 @ 25.5s] Best=121875, Dist=[6,0,0], Temp=94.4, Accept=16.2%, Speed=166647/s
[4300000 @ 25.8s] Best=121875, Dist=[6,0,0], Temp=93.6, Accept=15.8%, Speed=166660/s
[4350000 @ 26.1s] Best=121875, Dist=[6,0,0], Temp=92.8, Accept=15.6%, Speed=166673/s
[4400000 @ 26.4s] Best=121875, Dist=[6,0,0], Temp=91.9, Accept=15.5%, Speed=166692/s
[4450000 @ 26.7s] Best=121875, Dist=[6,0,0], Temp=91.1, Accept=15.6%, Speed=166710/s
[4500000 @ 27.0s] Best=121875, Dist=[6,0,0], Temp=90.3, Accept=15.5%, Speed=166710/s
[4550000 @ 27.3s] Best=121875, Dist=[6,0,0], Temp=89.5, Accept=15.8%, Speed=166722/s
[4600000 @ 27.6s] Best=121875, Dist=[6,0,0], Temp=88.8, Accept=15.4%, Speed=166739/s
[4650000 @ 27.9s] Best=121875, Dist=[6,0,0], Temp=88.0, Accept=15.6%, Speed=166756/s
[4700000 @ 28.2s] Best=121875, Dist=[6,0,0], Temp=87.2, Accept=15.7%, Speed=166773/s
[4750000 @ 28.5s] Best=121875, Dist=[6,0,0], Temp=86.4, Accept=15.6%, Speed=166790/s
[4800000 @ 28.8s] Best=121875, Dist=[6,0,0], Temp=85.7, Accept=15.6%, Speed=166806/s
[4850000 @ 29.1s] Best=121875, Dist=[6,0,0], Temp=84.9, Accept=15.4%, Speed=166810/s
[4900000 @ 29.4s] Best=121875, Dist=[6,0,0], Temp=84.2, Accept=15.7%, Speed=166820/s
[4950000 @ 29.7s] Best=121875, Dist=[6,0,0], Temp=83.4, Accept=15.8%, Speed=166835/s
[5000000 @ 30.0s] Best=121875, Dist=[6,0,0], Temp=82.7, Accept=15.7%, Speed=166845/s
[5050000 @ 30.3s] Best=121875, Dist=[6,0,0], Temp=82.0, Accept=15.4%, Speed=166859/s
[5100000 @ 30.6s] Best=121875, Dist=[6,0,0], Temp=81.3, Accept=15.2%, Speed=166863/s
[5150000 @ 30.9s] Best=121875, Dist=[6,0,0], Temp=80.5, Accept=15.7%, Speed=166877/s
[5200000 @ 31.2s] Best=121875, Dist=[6,0,0], Temp=79.8, Accept=15.8%, Speed=166891/s
[5250000 @ 31.5s] Best=121875, Dist=[6,0,0], Temp=79.1, Accept=15.6%, Speed=166894/s
[5300000 @ 31.8s] Best=121875, Dist=[6,0,0], Temp=78.4, Accept=15.7%, Speed=166824/s
[5350000 @ 32.1s] Best=121875, Dist=[6,0,0], Temp=77.7, Accept=15.4%, Speed=166817/s
[5400000 @ 32.4s] Best=121875, Dist=[6,0,0], Temp=77.1, Accept=15.6%, Speed=166826/s
[5450000 @ 32.7s] Best=121875, Dist=[6,0,0], Temp=76.4, Accept=15.4%, Speed=166820/s
[5500000 @ 33.0s] Best=121875, Dist=[6,0,0], Temp=75.7, Accept=15.9%, Speed=166818/s
[5550000 @ 33.3s] Best=121875, Dist=[6,0,0], Temp=75.0, Accept=15.7%, Speed=166827/s
[5600000 @ 33.6s] Best=121875, Dist=[6,0,0], Temp=74.4, Accept=15.7%, Speed=166816/s
[5650000 @ 33.9s] Best=121875, Dist=[6,0,0], Temp=73.7, Accept=15.3%, Speed=166809/s
[5700000 @ 34.2s] Best=121875, Dist=[6,0,0], Temp=73.1, Accept=15.5%, Speed=166803/s
[5750000 @ 34.5s] Best=121875, Dist=[6,0,0], Temp=72.4, Accept=15.6%, Speed=166802/s
[5800000 @ 34.8s] Best=121875, Dist=[6,0,0], Temp=71.8, Accept=15.6%, Speed=166561/s
[5850000 @ 35.1s] Best=121875, Dist=[6,0,0], Temp=71.2, Accept=15.7%, Speed=166486/s
[5900000 @ 35.5s] Best=121875, Dist=[6,0,0], Temp=70.6, Accept=15.7%, Speed=166418/s
[5950000 @ 35.8s] Best=121875, Dist=[6,0,0], Temp=69.9, Accept=15.5%, Speed=166406/s
[6000000 @ 36.1s] Best=121875, Dist=[6,0,0], Temp=69.3, Accept=15.6%, Speed=166431/s
[6050000 @ 36.5s] Best=121875, Dist=[6,0,0], Temp=68.7, Accept=15.5%, Speed=165858/s
[6100000 @ 36.8s] Best=121875, Dist=[6,0,0], Temp=68.1, Accept=15.7%, Speed=165689/s
[6150000 @ 37.2s] Best=121875, Dist=[6,0,0], Temp=67.5, Accept=15.3%, Speed=165203/s
[6200000 @ 37.6s] Best=121875, Dist=[6,0,0], Temp=66.9, Accept=15.2%, Speed=165109/s
[6250000 @ 37.9s] Best=121875, Dist=[6,0,0], Temp=66.3, Accept=15.6%, Speed=165056/s
[6300000 @ 38.2s] Best=121875, Dist=[6,0,0], Temp=65.7, Accept=15.7%, Speed=165021/s
[6350000 @ 38.5s] Best=121875, Dist=[6,0,0], Temp=65.2, Accept=15.5%, Speed=164952/s
[6400000 @ 38.9s] Best=121875, Dist=[6,0,0], Temp=64.6, Accept=15.3%, Speed=164639/s
[6450000 @ 39.2s] Best=121875, Dist=[6,0,0], Temp=64.0, Accept=15.5%, Speed=164503/s
[6500000 @ 39.5s] Best=121875, Dist=[6,0,0], Temp=63.5, Accept=15.6%, Speed=164403/s
[6550000 @ 40.0s] Best=121875, Dist=[6,0,0], Temp=62.9, Accept=15.6%, Speed=163750/s
[6600000 @ 40.4s] Best=121875, Dist=[6,0,0], Temp=62.3, Accept=15.5%, Speed=163177/s
[6650000 @ 40.8s] Best=121875, Dist=[6,0,0], Temp=61.8, Accept=15.6%, Speed=163094/s
[6700000 @ 41.1s] Best=121875, Dist=[6,0,0], Temp=61.3, Accept=15.4%, Speed=162993/s
[6750000 @ 41.4s] Best=121875, Dist=[6,0,0], Temp=60.7, Accept=15.6%, Speed=162878/s
[6800000 @ 41.8s] Best=121875, Dist=[6,0,0], Temp=60.2, Accept=15.8%, Speed=162827/s
[6850000 @ 42.1s] Best=121875, Dist=[6,0,0], Temp=59.7, Accept=15.6%, Speed=162758/s
[6900000 @ 42.4s] Best=121875, Dist=[6,0,0], Temp=59.1, Accept=15.4%, Speed=162720/s
[6950000 @ 42.7s] Best=121875, Dist=[6,0,0], Temp=58.6, Accept=15.6%, Speed=162600/s
[7000000 @ 43.1s] Best=121875, Dist=[6,0,0], Temp=58.1, Accept=15.9%, Speed=162402/s
[7050000 @ 43.4s] Best=121875, Dist=[6,0,0], Temp=57.6, Accept=15.3%, Speed=162341/s
[7100000 @ 43.7s] Best=121875, Dist=[6,0,0], Temp=57.1, Accept=15.2%, Speed=162345/s
[7150000 @ 44.0s] Best=121875, Dist=[6,0,0], Temp=56.6, Accept=15.6%, Speed=162363/s
[7200000 @ 44.3s] Best=121875, Dist=[6,0,0], Temp=56.1, Accept=15.6%, Speed=162378/s
[7250000 @ 44.7s] Best=121875, Dist=[6,0,0], Temp=55.6, Accept=15.2%, Speed=162312/s
[7300000 @ 45.0s] Best=121875, Dist=[6,0,0], Temp=55.1, Accept=15.5%, Speed=162345/s
[7350000 @ 45.3s] Best=121875, Dist=[6,0,0], Temp=54.6, Accept=15.8%, Speed=162381/s
[7400000 @ 45.6s] Best=121875, Dist=[6,0,0], Temp=54.1, Accept=15.6%, Speed=162416/s
[7450000 @ 45.9s] Best=121875, Dist=[6,0,0], Temp=53.7, Accept=15.6%, Speed=162447/s
[7500000 @ 46.2s] Best=121875, Dist=[6,0,0], Temp=53.2, Accept=15.5%, Speed=162468/s
[7550000 @ 46.5s] Best=121875, Dist=[6,0,0], Temp=52.7, Accept=15.5%, Speed=162495/s
[7600000 @ 46.8s] Best=121875, Dist=[6,0,0], Temp=52.3, Accept=15.5%, Speed=162525/s
[7650000 @ 47.1s] Best=121875, Dist=[6,0,0], Temp=51.8, Accept=15.4%, Speed=162555/s
[7700000 @ 47.4s] Best=121875, Dist=[6,0,0], Temp=51.3, Accept=15.6%, Speed=162588/s
[7750000 @ 47.7s] Best=121875, Dist=[6,0,0], Temp=50.9, Accept=15.6%, Speed=162614/s
[7800000 @ 48.0s] Best=121875, Dist=[6,0,0], Temp=50.4, Accept=15.5%, Speed=162642/s
[7850000 @ 48.3s] Best=121875, Dist=[6,0,0], Temp=50.0, Accept=15.6%, Speed=162661/s
[7900000 @ 48.6s] Best=121875, Dist=[6,0,0], Temp=49.6, Accept=15.2%, Speed=162575/s
[7950000 @ 48.9s] Best=121875, Dist=[6,0,0], Temp=49.1, Accept=15.6%, Speed=162583/s
[8000000 @ 49.3s] Best=121875, Dist=[6,0,0], Temp=48.7, Accept=15.8%, Speed=162417/s
[8050000 @ 49.6s] Best=121875, Dist=[6,0,0], Temp=48.3, Accept=15.8%, Speed=162240/s
[8100000 @ 49.9s] Best=121875, Dist=[6,0,0], Temp=47.8, Accept=15.7%, Speed=162247/s
[8150000 @ 50.2s] Best=121875, Dist=[6,0,0], Temp=47.4, Accept=15.5%, Speed=162260/s
[8200000 @ 50.6s] Best=121875, Dist=[6,0,0], Temp=47.0, Accept=15.7%, Speed=162216/s
[8250000 @ 50.9s] Best=121875, Dist=[6,0,0], Temp=46.6, Accept=15.5%, Speed=162226/s
[8300000 @ 51.2s] Best=121875, Dist=[6,0,0], Temp=46.2, Accept=15.4%, Speed=162252/s
[8350000 @ 51.5s] Best=121875, Dist=[6,0,0], Temp=45.8, Accept=15.5%, Speed=162237/s
[8400000 @ 51.8s] Best=121875, Dist=[6,0,0], Temp=45.4, Accept=15.6%, Speed=162240/s
[8450000 @ 52.1s] Best=121875, Dist=[6,0,0], Temp=45.0, Accept=16.0%, Speed=162272/s
[8500000 @ 52.4s] Best=121875, Dist=[6,0,0], Temp=44.6, Accept=15.7%, Speed=162297/s
[8550000 @ 52.7s] Best=121875, Dist=[6,0,0], Temp=44.2, Accept=15.4%, Speed=162322/s
[8600000 @ 53.0s] Best=121875, Dist=[6,0,0], Temp=43.8, Accept=15.4%, Speed=162347/s
[8650000 @ 53.3s] Best=121875, Dist=[6,0,0], Temp=43.4, Accept=15.5%, Speed=162329/s
[8700000 @ 53.6s] Best=121875, Dist=[6,0,0], Temp=43.0, Accept=15.7%, Speed=162344/s
[8750000 @ 53.9s] Best=121875, Dist=[6,0,0], Temp=42.6, Accept=15.4%, Speed=162253/s
[8800000 @ 54.3s] Best=121875, Dist=[6,0,0], Temp=42.3, Accept=15.6%, Speed=162137/s
[8850000 @ 54.6s] Best=121875, Dist=[6,0,0], Temp=41.9, Accept=15.8%, Speed=162011/s
[8900000 @ 54.9s] Best=121875, Dist=[6,0,0], Temp=41.5, Accept=15.6%, Speed=161968/s
[8950000 @ 55.3s] Best=121875, Dist=[6,0,0], Temp=41.2, Accept=15.7%, Speed=161924/s
[9000000 @ 55.8s] Best=121875, Dist=[6,0,0], Temp=40.8, Accept=15.6%, Speed=161308/s
[9050000 @ 56.1s] Best=121875, Dist=[6,0,0], Temp=40.4, Accept=15.4%, Speed=161322/s
[9100000 @ 56.4s] Best=121875, Dist=[6,0,0], Temp=40.1, Accept=15.6%, Speed=161356/s
[9150000 @ 56.7s] Best=121875, Dist=[6,0,0], Temp=39.7, Accept=15.5%, Speed=161270/s
[9200000 @ 57.1s] Best=121875, Dist=[6,0,0], Temp=39.4, Accept=15.7%, Speed=161234/s
[9250000 @ 57.4s] Best=121875, Dist=[6,0,0], Temp=39.0, Accept=15.6%, Speed=161178/s
[9300000 @ 57.7s] Best=121875, Dist=[6,0,0], Temp=38.7, Accept=15.4%, Speed=161148/s
[9350000 @ 58.0s] Best=121875, Dist=[6,0,0], Temp=38.4, Accept=15.5%, Speed=161157/s
[9400000 @ 58.3s] Best=121875, Dist=[6,0,0], Temp=38.0, Accept=15.6%, Speed=161191/s
[9450000 @ 58.6s] Best=121875, Dist=[6,0,0], Temp=37.7, Accept=15.6%, Speed=161224/s
[9500000 @ 58.9s] Best=121875, Dist=[6,0,0], Temp=37.4, Accept=15.4%, Speed=161249/s
[9550000 @ 59.2s] Best=121875, Dist=[6,0,0], Temp=37.0, Accept=15.9%, Speed=161285/s
[9600000 @ 59.5s] Best=121875, Dist=[6,0,0], Temp=36.7, Accept=15.3%, Speed=161317/s
[9650000 @ 59.8s] Best=121875, Dist=[6,0,0], Temp=36.4, Accept=15.6%, Speed=161350/s
[9700000 @ 60.1s] Best=121875, Dist=[6,0,0], Temp=36.1, Accept=15.7%, Speed=161379/s
[9750000 @ 60.4s] Best=121875, Dist=[6,0,0], Temp=35.7, Accept=15.6%, Speed=161397/s
[9800000 @ 60.7s] Best=121875, Dist=[6,0,0], Temp=35.4, Accept=15.9%, Speed=161426/s
[9850000 @ 61.0s] Best=121875, Dist=[6,0,0], Temp=35.1, Accept=15.6%, Speed=161452/s
[9900000 @ 61.3s] Best=121875, Dist=[6,0,0], Temp=34.8, Accept=15.7%, Speed=161451/s
[9950000 @ 61.6s] Best=121875, Dist=[6,0,0], Temp=34.5, Accept=15.6%, Speed=161460/s
[10000000 @ 61.9s] Best=121875, Dist=[6,0,0], Temp=34.2, Accept=15.5%, Speed=161441/s
[10050000 @ 62.2s] Best=121875, Dist=[6,0,0], Temp=33.9, Accept=15.4%, Speed=161451/s
[10100000 @ 62.5s] Best=121875, Dist=[6,0,0], Temp=33.6, Accept=15.6%, Speed=161481/s
[10150000 @ 62.9s] Best=121875, Dist=[6,0,0], Temp=33.3, Accept=15.6%, Speed=161496/s
[10200000 @ 63.2s] Best=121875, Dist=[6,0,0], Temp=33.0, Accept=15.4%, Speed=161495/s
[10250000 @ 63.5s] Best=121875, Dist=[6,0,0], Temp=32.7, Accept=15.4%, Speed=161400/s
[10300000 @ 63.8s] Best=121875, Dist=[6,0,0], Temp=32.4, Accept=15.7%, Speed=161399/s
[10350000 @ 64.1s] Best=121875, Dist=[6,0,0], Temp=32.1, Accept=15.5%, Speed=161426/s
[10400000 @ 64.4s] Best=121875, Dist=[6,0,0], Temp=31.9, Accept=15.3%, Speed=161458/s
[10450000 @ 64.7s] Best=121875, Dist=[6,0,0], Temp=31.6, Accept=15.8%, Speed=161472/s
[10500000 @ 65.0s] Best=121875, Dist=[6,0,0], Temp=31.3, Accept=15.8%, Speed=161501/s
[10550000 @ 65.3s] Best=121875, Dist=[6,0,0], Temp=31.0, Accept=15.5%, Speed=161525/s
[10600000 @ 65.6s] Best=121875, Dist=[6,0,0], Temp=30.8, Accept=15.4%, Speed=161553/s
[10650000 @ 65.9s] Best=121875, Dist=[6,0,0], Temp=30.5, Accept=15.7%, Speed=161577/s
[10700000 @ 66.2s] Best=121875, Dist=[6,0,0], Temp=30.2, Accept=15.6%, Speed=161605/s
[10750000 @ 66.5s] Best=121875, Dist=[6,0,0], Temp=30.0, Accept=15.5%, Speed=161627/s
[10800000 @ 66.8s] Best=121875, Dist=[6,0,0], Temp=29.7, Accept=15.5%, Speed=161657/s
[10850000 @ 67.1s] Best=121875, Dist=[6,0,0], Temp=29.4, Accept=15.6%, Speed=161684/s
[10900000 @ 67.4s] Best=121875, Dist=[6,0,0], Temp=29.2, Accept=15.7%, Speed=161704/s
[10950000 @ 67.7s] Best=121875, Dist=[6,0,0], Temp=28.9, Accept=15.8%, Speed=161724/s
[11000000 @ 68.0s] Best=121875, Dist=[6,0,0], Temp=28.7, Accept=15.2%, Speed=161753/s
[11050000 @ 68.3s] Best=121875, Dist=[6,0,0], Temp=28.4, Accept=15.7%, Speed=161758/s
[11100000 @ 68.6s] Best=121875, Dist=[6,0,0], Temp=28.2, Accept=15.5%, Speed=161784/s
[11150000 @ 68.9s] Best=121875, Dist=[6,0,0], Temp=27.9, Accept=15.5%, Speed=161805/s
[11200000 @ 69.2s] Best=121875, Dist=[6,0,0], Temp=27.7, Accept=15.7%, Speed=161829/s
[11250000 @ 69.5s] Best=121875, Dist=[6,0,0], Temp=27.4, Accept=15.7%, Speed=161850/s
[11300000 @ 69.8s] Best=121875, Dist=[6,0,0], Temp=27.2, Accept=15.6%, Speed=161870/s
[11350000 @ 70.1s] Best=121875, Dist=[6,0,0], Temp=26.9, Accept=15.9%, Speed=161893/s
[11400000 @ 70.4s] Best=121875, Dist=[6,0,0], Temp=26.7, Accept=15.8%, Speed=161918/s
[11450000 @ 70.7s] Best=121875, Dist=[6,0,0], Temp=26.5, Accept=15.4%, Speed=161940/s
[11500000 @ 71.0s] Best=121875, Dist=[6,0,0], Temp=26.2, Accept=15.6%, Speed=161965/s
[11550000 @ 71.3s] Best=121875, Dist=[6,0,0], Temp=26.0, Accept=15.8%, Speed=161985/s
[11600000 @ 71.6s] Best=121875, Dist=[6,0,0], Temp=25.8, Accept=15.6%, Speed=162000/s
[11650000 @ 72.1s] Best=121875, Dist=[6,0,0], Temp=25.6, Accept=15.6%, Speed=161518/s
[11700000 @ 72.4s] Best=121875, Dist=[6,0,0], Temp=25.3, Accept=15.5%, Speed=161529/s
[11750000 @ 72.9s] Best=121875, Dist=[6,0,0], Temp=25.1, Accept=15.5%, Speed=161220/s
[11800000 @ 73.2s] Best=121875, Dist=[6,0,0], Temp=24.9, Accept=15.7%, Speed=161185/s
[11850000 @ 73.5s] Best=121875, Dist=[6,0,0], Temp=24.7, Accept=15.5%, Speed=161211/s
[11900000 @ 73.8s] Best=121875, Dist=[6,0,0], Temp=24.5, Accept=15.7%, Speed=161229/s
[11950000 @ 74.1s] Best=121875, Dist=[6,0,0], Temp=24.2, Accept=15.5%, Speed=161253/s
[12000000 @ 74.4s] Best=121875, Dist=[6,0,0], Temp=24.0, Accept=15.7%, Speed=161279/s
[12050000 @ 74.7s] Best=121875, Dist=[6,0,0], Temp=23.8, Accept=15.5%, Speed=161299/s
[12100000 @ 75.0s] Best=121875, Dist=[6,0,0], Temp=23.6, Accept=15.5%, Speed=161323/s
[12150000 @ 75.3s] Best=121875, Dist=[6,0,0], Temp=23.4, Accept=15.7%, Speed=161348/s
[12200000 @ 75.6s] Best=121875, Dist=[6,0,0], Temp=23.2, Accept=15.7%, Speed=161376/s
[12250000 @ 75.9s] Best=121875, Dist=[6,0,0], Temp=23.0, Accept=15.7%, Speed=161394/s
[12300000 @ 76.2s] Best=121875, Dist=[6,0,0], Temp=22.8, Accept=15.5%, Speed=161415/s
[12350000 @ 76.5s] Best=121875, Dist=[6,0,0], Temp=22.6, Accept=15.5%, Speed=161427/s
[12400000 @ 76.8s] Best=121875, Dist=[6,0,0], Temp=22.4, Accept=15.3%, Speed=161448/s
[12450000 @ 77.1s] Best=121875, Dist=[6,0,0], Temp=22.2, Accept=15.5%, Speed=161474/s
[12500000 @ 77.4s] Best=121875, Dist=[6,0,0], Temp=22.0, Accept=15.6%, Speed=161501/s
[12550000 @ 77.7s] Best=121875, Dist=[6,0,0], Temp=21.8, Accept=15.6%, Speed=161529/s
[12600000 @ 78.0s] Best=121875, Dist=[6,0,0], Temp=21.6, Accept=15.6%, Speed=161549/s
[12650000 @ 78.3s] Best=121875, Dist=[6,0,0], Temp=21.4, Accept=16.0%, Speed=161577/s
[12700000 @ 78.6s] Best=121875, Dist=[6,0,0], Temp=21.2, Accept=15.3%, Speed=161602/s
[12750000 @ 78.9s] Best=121875, Dist=[6,0,0], Temp=21.0, Accept=15.4%, Speed=161626/s
[12800000 @ 79.2s] Best=121875, Dist=[6,0,0], Temp=20.9, Accept=15.8%, Speed=161645/s
[12850000 @ 79.5s] Best=121875, Dist=[6,0,0], Temp=20.7, Accept=15.6%, Speed=161670/s
[12900000 @ 79.8s] Best=121875, Dist=[6,0,0], Temp=20.5, Accept=15.6%, Speed=161685/s
[12950000 @ 80.1s] Best=121875, Dist=[6,0,0], Temp=20.3, Accept=15.8%, Speed=161703/s
[13000000 @ 80.4s] Best=121875, Dist=[6,0,0], Temp=20.1, Accept=15.8%, Speed=161726/s
[13050000 @ 80.7s] Best=121875, Dist=[6,0,0], Temp=20.0, Accept=15.5%, Speed=161750/s
[13100000 @ 81.0s] Best=121875, Dist=[6,0,0], Temp=19.8, Accept=15.7%, Speed=161770/s
[13150000 @ 81.3s] Best=121875, Dist=[6,0,0], Temp=19.6, Accept=15.7%, Speed=161753/s
[13200000 @ 81.6s] Best=121875, Dist=[6,0,0], Temp=19.4, Accept=15.3%, Speed=161777/s
[13250000 @ 81.9s] Best=121875, Dist=[6,0,0], Temp=19.3, Accept=15.8%, Speed=161800/s
[13300000 @ 82.2s] Best=121875, Dist=[6,0,0], Temp=19.1, Accept=15.5%, Speed=161818/s
[13350000 @ 82.5s] Best=121875, Dist=[6,0,0], Temp=18.9, Accept=15.3%, Speed=161842/s
[13400000 @ 82.8s] Best=121875, Dist=[6,0,0], Temp=18.8, Accept=15.7%, Speed=161865/s
[13450000 @ 83.3s] Best=121875, Dist=[6,0,0], Temp=18.6, Accept=15.7%, Speed=161538/s
[13500000 @ 83.6s] Best=121875, Dist=[6,0,0], Temp=18.4, Accept=15.6%, Speed=161532/s
[13550000 @ 83.9s] Best=121875, Dist=[6,0,0], Temp=18.3, Accept=15.4%, Speed=161556/s
[13600000 @ 84.2s] Best=121875, Dist=[6,0,0], Temp=18.1, Accept=15.8%, Speed=161480/s
[13650000 @ 84.5s] Best=121875, Dist=[6,0,0], Temp=18.0, Accept=15.6%, Speed=161466/s
[13700000 @ 84.8s] Best=121875, Dist=[6,0,0], Temp=17.8, Accept=15.6%, Speed=161486/s
[13750000 @ 85.2s] Best=121875, Dist=[6,0,0], Temp=17.6, Accept=15.4%, Speed=161349/s
[13800000 @ 85.5s] Best=121875, Dist=[6,0,0], Temp=17.5, Accept=15.5%, Speed=161339/s
[13850000 @ 85.8s] Best=121875, Dist=[6,0,0], Temp=17.3, Accept=15.6%, Speed=161360/s
[13900000 @ 86.1s] Best=121875, Dist=[6,0,0], Temp=17.2, Accept=15.4%, Speed=161382/s
[13950000 @ 86.6s] Best=121875, Dist=[6,0,0], Temp=17.0, Accept=15.6%, Speed=161071/s
[14000000 @ 87.3s] Best=121875, Dist=[6,0,0], Temp=16.9, Accept=15.7%, Speed=160357/s
[14050000 @ 87.6s] Best=121875, Dist=[6,0,0], Temp=16.7, Accept=15.8%, Speed=160373/s
[14100000 @ 87.9s] Best=121875, Dist=[6,0,0], Temp=16.6, Accept=15.6%, Speed=160369/s
[14150000 @ 88.2s] Best=121875, Dist=[6,0,0], Temp=16.4, Accept=15.8%, Speed=160384/s
[14200000 @ 88.5s] Best=121875, Dist=[6,0,0], Temp=16.3, Accept=15.4%, Speed=160394/s
[14250000 @ 88.8s] Best=121875, Dist=[6,0,0], Temp=16.1, Accept=15.5%, Speed=160417/s
[14300000 @ 89.1s] Best=121875, Dist=[6,0,0], Temp=16.0, Accept=15.7%, Speed=160445/s
[14350000 @ 89.4s] Best=121875, Dist=[6,0,0], Temp=15.9, Accept=16.1%, Speed=160471/s
[14400000 @ 89.7s] Best=121875, Dist=[6,0,0], Temp=15.7, Accept=15.3%, Speed=160496/s
[14450000 @ 90.0s] Best=121875, Dist=[6,0,0], Temp=15.6, Accept=15.4%, Speed=160516/s
[14500000 @ 90.3s] Best=121875, Dist=[6,0,0], Temp=15.4, Accept=15.7%, Speed=160542/s
[14550000 @ 90.6s] Best=121875, Dist=[6,0,0], Temp=15.3, Accept=15.4%, Speed=160562/s
[14600000 @ 90.9s] Best=121875, Dist=[6,0,0], Temp=15.2, Accept=15.4%, Speed=160584/s
[14650000 @ 91.2s] Best=121875, Dist=[6,0,0], Temp=15.0, Accept=15.8%, Speed=160599/s
[14700000 @ 91.5s] Best=121875, Dist=[6,0,0], Temp=14.9, Accept=15.9%, Speed=160603/s
[14750000 @ 91.8s] Best=121875, Dist=[6,0,0], Temp=14.8, Accept=15.1%, Speed=160628/s
[14800000 @ 92.1s] Best=121875, Dist=[6,0,0], Temp=14.7, Accept=15.2%, Speed=160651/s
[14850000 @ 92.4s] Best=121875, Dist=[6,0,0], Temp=14.5, Accept=15.7%, Speed=160676/s
[14900000 @ 92.7s] Best=121875, Dist=[6,0,0], Temp=14.4, Accept=15.7%, Speed=160694/s
[14950000 @ 93.0s] Best=121875, Dist=[6,0,0], Temp=14.3, Accept=15.6%, Speed=160713/s
[15000000 @ 93.3s] Best=121875, Dist=[6,0,0], Temp=14.1, Accept=15.5%, Speed=160732/s
[15050000 @ 93.6s] Best=121875, Dist=[6,0,0], Temp=14.0, Accept=15.6%, Speed=160753/s
[15100000 @ 93.9s] Best=121875, Dist=[6,0,0], Temp=13.9, Accept=15.6%, Speed=160775/s
[15150000 @ 94.2s] Best=121875, Dist=[6,0,0], Temp=13.8, Accept=15.6%, Speed=160796/s
[15200000 @ 94.5s] Best=121875, Dist=[6,0,0], Temp=13.7, Accept=15.7%, Speed=160818/s
[15250000 @ 94.8s] Best=121875, Dist=[6,0,0], Temp=13.5, Accept=15.5%, Speed=160836/s
[15300000 @ 95.1s] Best=121875, Dist=[6,0,0], Temp=13.4, Accept=15.3%, Speed=160853/s
[15350000 @ 95.4s] Best=121875, Dist=[6,0,0], Temp=13.3, Accept=15.6%, Speed=160866/s
[15400000 @ 95.7s] Best=121875, Dist=[6,0,0], Temp=13.2, Accept=15.4%, Speed=160872/s
[15450000 @ 96.0s] Best=121875, Dist=[6,0,0], Temp=13.1, Accept=15.5%, Speed=160891/s
[15500000 @ 96.3s] Best=121875, Dist=[6,0,0], Temp=12.9, Accept=15.7%, Speed=160904/s
[15550000 @ 96.6s] Best=121875, Dist=[6,0,0], Temp=12.8, Accept=15.3%, Speed=160910/s
[15600000 @ 96.9s] Best=121875, Dist=[6,0,0], Temp=12.7, Accept=15.4%, Speed=160921/s
[15650000 @ 97.2s] Best=121875, Dist=[6,0,0], Temp=12.6, Accept=15.6%, Speed=160939/s
[15700000 @ 97.5s] Best=121875, Dist=[6,0,0], Temp=12.5, Accept=15.6%, Speed=160946/s
[15750000 @ 97.8s] Best=121875, Dist=[6,0,0], Temp=12.4, Accept=15.5%, Speed=160964/s
[15800000 @ 98.2s] Best=121875, Dist=[6,0,0], Temp=12.3, Accept=15.6%, Speed=160916/s
[15850000 @ 98.5s] Best=121875, Dist=[6,0,0], Temp=12.2, Accept=15.4%, Speed=160878/s
[15900000 @ 98.9s] Best=121875, Dist=[6,0,0], Temp=12.1, Accept=15.6%, Speed=160837/s
[15950000 @ 99.2s] Best=121875, Dist=[6,0,0], Temp=12.0, Accept=15.6%, Speed=160824/s
[16000000 @ 99.5s] Best=121875, Dist=[6,0,0], Temp=11.9, Accept=15.8%, Speed=160840/s
[16050000 @ 99.8s] Best=121875, Dist=[6,0,0], Temp=11.7, Accept=15.2%, Speed=160859/s
[16100000 @ 100.1s] Best=121875, Dist=[6,0,0], Temp=11.6, Accept=15.7%, Speed=160810/s
[16150000 @ 100.4s] Best=121875, Dist=[6,0,0], Temp=11.5, Accept=15.8%, Speed=160813/s
[16200000 @ 100.7s] Best=121875, Dist=[6,0,0], Temp=11.4, Accept=15.9%, Speed=160836/s
[16250000 @ 101.0s] Best=121875, Dist=[6,0,0], Temp=11.3, Accept=15.2%, Speed=160856/s
[16300000 @ 101.3s] Best=121875, Dist=[6,0,0], Temp=11.2, Accept=15.5%, Speed=160870/s
[16350000 @ 101.8s] Best=121875, Dist=[6,0,0], Temp=11.1, Accept=15.4%, Speed=160544/s
[16400000 @ 102.2s] Best=121875, Dist=[6,0,0], Temp=11.0, Accept=15.7%, Speed=160521/s
[16450000 @ 102.5s] Best=121875, Dist=[6,0,0], Temp=10.9, Accept=15.6%, Speed=160541/s
[16500000 @ 102.8s] Best=121875, Dist=[6,0,0], Temp=10.9, Accept=15.5%, Speed=160564/s
[16550000 @ 103.1s] Best=121875, Dist=[6,0,0], Temp=10.8, Accept=15.8%, Speed=160586/s
[16600000 @ 103.4s] Best=121875, Dist=[6,0,0], Temp=10.7, Accept=15.3%, Speed=160590/s
[16650000 @ 103.7s] Best=121875, Dist=[6,0,0], Temp=10.6, Accept=15.5%, Speed=160593/s
[16700000 @ 104.0s] Best=121875, Dist=[6,0,0], Temp=10.5, Accept=15.8%, Speed=160592/s
[16750000 @ 104.3s] Best=121875, Dist=[6,0,0], Temp=10.4, Accept=15.4%, Speed=160613/s
[16800000 @ 104.6s] Best=121875, Dist=[6,0,0], Temp=10.3, Accept=15.5%, Speed=160627/s
[16850000 @ 104.9s] Best=121875, Dist=[6,0,0], Temp=10.2, Accept=15.5%, Speed=160643/s
[16900000 @ 105.2s] Best=121875, Dist=[6,0,0], Temp=10.1, Accept=15.4%, Speed=160656/s
[16950000 @ 105.5s] Best=121875, Dist=[6,0,0], Temp=10.0, Accept=15.6%, Speed=160674/s
[17000000 @ 105.8s] Best=121875, Dist=[6,0,0], Temp=9.9, Accept=15.6%, Speed=160688/s
[17050000 @ 106.1s] Best=121875, Dist=[6,0,0], Temp=9.8, Accept=15.5%, Speed=160710/s
[17100000 @ 106.4s] Best=121875, Dist=[6,0,0], Temp=9.8, Accept=15.6%, Speed=160729/s
[17150000 @ 106.7s] Best=121875, Dist=[6,0,0], Temp=9.7, Accept=15.4%, Speed=160746/s
[17200000 @ 107.0s] Best=121875, Dist=[6,0,0], Temp=9.6, Accept=15.9%, Speed=160766/s
[17250000 @ 107.3s] Best=121875, Dist=[6,0,0], Temp=9.5, Accept=15.4%, Speed=160770/s
[17300000 @ 107.6s] Best=121875, Dist=[6,0,0], Temp=9.4, Accept=15.5%, Speed=160767/s
[17350000 @ 107.9s] Best=121875, Dist=[6,0,0], Temp=9.3, Accept=15.6%, Speed=160758/s
[17400000 @ 108.4s] Best=121875, Dist=[6,0,0], Temp=9.3, Accept=15.4%, Speed=160589/s
[17450000 @ 108.7s] Best=121875, Dist=[6,0,0], Temp=9.2, Accept=15.5%, Speed=160579/s
[17500000 @ 109.0s] Best=121875, Dist=[6,0,0], Temp=9.1, Accept=15.5%, Speed=160536/s
[17550000 @ 109.3s] Best=121875, Dist=[6,0,0], Temp=9.0, Accept=15.5%, Speed=160544/s
[17600000 @ 109.6s] Best=121875, Dist=[6,0,0], Temp=8.9, Accept=15.7%, Speed=160549/s
[17650000 @ 109.9s] Best=121875, Dist=[6,0,0], Temp=8.9, Accept=15.6%, Speed=160563/s
[17700000 @ 110.2s] Best=121875, Dist=[6,0,0], Temp=8.8, Accept=15.8%, Speed=160578/s
[17750000 @ 110.5s] Best=121875, Dist=[6,0,0], Temp=8.7, Accept=15.4%, Speed=160590/s
[17800000 @ 110.8s] Best=121875, Dist=[6,0,0], Temp=8.6, Accept=15.6%, Speed=160599/s
[17850000 @ 111.2s] Best=121875, Dist=[6,0,0], Temp=8.5, Accept=15.5%, Speed=160587/s
[17900000 @ 111.5s] Best=121875, Dist=[6,0,0], Temp=8.5, Accept=15.4%, Speed=160603/s
[17950000 @ 111.8s] Best=121875, Dist=[6,0,0], Temp=8.4, Accept=15.8%, Speed=160615/s
[18000000 @ 112.1s] Best=121875, Dist=[6,0,0], Temp=8.3, Accept=15.7%, Speed=160628/s
[18050000 @ 112.4s] Best=121875, Dist=[6,0,0], Temp=8.3, Accept=15.7%, Speed=160633/s
[18100000 @ 112.7s] Best=121875, Dist=[6,0,0], Temp=8.2, Accept=15.3%, Speed=160571/s
[18150000 @ 113.1s] Best=121875, Dist=[6,0,0], Temp=8.1, Accept=15.6%, Speed=160546/s
[18200000 @ 113.4s] Best=121875, Dist=[6,0,0], Temp=8.0, Accept=15.6%, Speed=160558/s
[18250000 @ 113.7s] Best=121875, Dist=[6,0,0], Temp=8.0, Accept=15.4%, Speed=160575/s
[18300000 @ 114.2s] Best=121875, Dist=[6,0,0], Temp=7.9, Accept=15.2%, Speed=160202/s
[18350000 @ 114.6s] Best=121875, Dist=[6,0,0], Temp=7.8, Accept=15.6%, Speed=160153/s
[18400000 @ 114.9s] Best=121875, Dist=[6,0,0], Temp=7.8, Accept=15.3%, Speed=160150/s
[18450000 @ 115.2s] Best=121875, Dist=[6,0,0], Temp=7.7, Accept=15.5%, Speed=160169/s
[18500000 @ 115.5s] Best=121875, Dist=[6,0,0], Temp=7.6, Accept=15.7%, Speed=160133/s
[18550000 @ 115.8s] Best=121875, Dist=[6,0,0], Temp=7.6, Accept=15.3%, Speed=160148/s
[18600000 @ 116.1s] Best=121875, Dist=[6,0,0], Temp=7.5, Accept=15.6%, Speed=160163/s
[18650000 @ 116.4s] Best=121875, Dist=[6,0,0], Temp=7.4, Accept=15.5%, Speed=160181/s
[18700000 @ 116.7s] Best=121875, Dist=[6,0,0], Temp=7.4, Accept=15.7%, Speed=160193/s
[18750000 @ 117.0s] Best=121875, Dist=[6,0,0], Temp=7.3, Accept=15.4%, Speed=160210/s
[18800000 @ 117.3s] Best=121875, Dist=[6,0,0], Temp=7.2, Accept=15.5%, Speed=160226/s
[18850000 @ 117.6s] Best=121875, Dist=[6,0,0], Temp=7.2, Accept=15.6%, Speed=160247/s
[18900000 @ 117.9s] Best=121875, Dist=[6,0,0], Temp=7.1, Accept=15.6%, Speed=160254/s
[18950000 @ 118.2s] Best=121875, Dist=[6,0,0], Temp=7.0, Accept=15.4%, Speed=160270/s
[19000000 @ 118.5s] Best=121875, Dist=[6,0,0], Temp=7.0, Accept=15.4%, Speed=160288/s
[19050000 @ 118.8s] Best=121875, Dist=[6,0,0], Temp=6.9, Accept=15.5%, Speed=160308/s
[19100000 @ 119.1s] Best=121875, Dist=[6,0,0], Temp=6.9, Accept=15.4%, Speed=160324/s
[19150000 @ 119.4s] Best=121875, Dist=[6,0,0], Temp=6.8, Accept=15.6%, Speed=160342/s
[19200000 @ 119.7s] Best=121875, Dist=[6,0,0], Temp=6.7, Accept=15.7%, Speed=160362/s
[19250000 @ 120.0s] Best=121875, Dist=[6,0,0], Temp=6.7, Accept=15.5%, Speed=160381/s
[19300000 @ 120.3s] Best=121875, Dist=[6,0,0], Temp=6.6, Accept=15.4%, Speed=160383/s
[19350000 @ 120.7s] Best=121875, Dist=[6,0,0], Temp=6.6, Accept=15.7%, Speed=160381/s
[19400000 @ 121.0s] Best=121875, Dist=[6,0,0], Temp=6.5, Accept=15.5%, Speed=160368/s
[19450000 @ 121.3s] Best=121875, Dist=[6,0,0], Temp=6.4, Accept=15.6%, Speed=160340/s
[19500000 @ 121.6s] Best=121875, Dist=[6,0,0], Temp=6.4, Accept=15.5%, Speed=160304/s
[19550000 @ 122.0s] Best=121875, Dist=[6,0,0], Temp=6.3, Accept=15.5%, Speed=160289/s
[19600000 @ 122.3s] Best=121875, Dist=[6,0,0], Temp=6.3, Accept=15.8%, Speed=160296/s
[19650000 @ 122.8s] Best=121875, Dist=[6,0,0], Temp=6.2, Accept=15.6%, Speed=160028/s
[19700000 @ 123.1s] Best=121875, Dist=[6,0,0], Temp=6.2, Accept=15.4%, Speed=159981/s
[19750000 @ 123.5s] Best=121875, Dist=[6,0,0], Temp=6.1, Accept=15.4%, Speed=159957/s
[19800000 @ 123.8s] Best=121875, Dist=[6,0,0], Temp=6.1, Accept=15.7%, Speed=159953/s
[19850000 @ 124.1s] Best=121875, Dist=[6,0,0], Temp=6.0, Accept=15.7%, Speed=159972/s
[19900000 @ 124.4s] Best=121875, Dist=[6,0,0], Temp=6.0, Accept=15.6%, Speed=159977/s
[19950000 @ 124.7s] Best=121875, Dist=[6,0,0], Temp=5.9, Accept=15.4%, Speed=159987/s
[20000000 @ 125.0s] Best=121875, Dist=[6,0,0], Temp=5.8, Accept=15.5%, Speed=159994/s
[20050000 @ 125.3s] Best=121875, Dist=[6,0,0], Temp=5.8, Accept=15.7%, Speed=159998/s
[20100000 @ 125.6s] Best=121875, Dist=[6,0,0], Temp=5.7, Accept=15.8%, Speed=159994/s
[20150000 @ 125.9s] Best=121875, Dist=[6,0,0], Temp=5.7, Accept=15.5%, Speed=160008/s
[20200000 @ 126.2s] Best=121875, Dist=[6,0,0], Temp=5.6, Accept=15.7%, Speed=160014/s
[20250000 @ 126.5s] Best=121875, Dist=[6,0,0], Temp=5.6, Accept=15.7%, Speed=160030/s
[20300000 @ 126.9s] Best=121875, Dist=[6,0,0], Temp=5.5, Accept=15.6%, Speed=159982/s
[20350000 @ 127.2s] Best=121875, Dist=[6,0,0], Temp=5.5, Accept=15.7%, Speed=159957/s
[20400000 @ 127.5s] Best=121875, Dist=[6,0,0], Temp=5.4, Accept=15.6%, Speed=159952/s
[20450000 @ 127.8s] Best=121875, Dist=[6,0,0], Temp=5.4, Accept=15.8%, Speed=159971/s
[20500000 @ 128.1s] Best=121875, Dist=[6,0,0], Temp=5.4, Accept=15.6%, Speed=159985/s
[20550000 @ 128.4s] Best=121875, Dist=[6,0,0], Temp=5.3, Accept=15.8%, Speed=159994/s
[20600000 @ 128.7s] Best=121875, Dist=[6,0,0], Temp=5.3, Accept=15.8%, Speed=160012/s
[20650000 @ 129.0s] Best=121875, Dist=[6,0,0], Temp=5.2, Accept=15.5%, Speed=160027/s
[20700000 @ 129.3s] Best=121875, Dist=[6,0,0], Temp=5.2, Accept=15.7%, Speed=160046/s
[20750000 @ 129.6s] Best=121875, Dist=[6,0,0], Temp=5.1, Accept=15.6%, Speed=160057/s
[20800000 @ 129.9s] Best=121875, Dist=[6,0,0], Temp=5.1, Accept=15.7%, Speed=160076/s
[20850000 @ 130.2s] Best=121875, Dist=[6,0,0], Temp=5.0, Accept=15.7%, Speed=160095/s
[20900000 @ 130.5s] Best=121875, Dist=[6,0,0], Temp=5.0, Accept=15.7%, Speed=160114/s
[20950000 @ 130.8s] Best=121875, Dist=[6,0,0], Temp=4.9, Accept=15.7%, Speed=160130/s
[21000000 @ 131.4s] Best=121875, Dist=[6,0,0], Temp=4.9, Accept=15.4%, Speed=159849/s
[21050000 @ 131.7s] Best=121875, Dist=[6,0,0], Temp=4.9, Accept=15.5%, Speed=159867/s
[21100000 @ 132.2s] Best=121875, Dist=[6,0,0], Temp=4.8, Accept=15.4%, Speed=159649/s
[21150000 @ 132.5s] Best=121875, Dist=[6,0,0], Temp=4.8, Accept=15.6%, Speed=159667/s
[21200000 @ 132.8s] Best=121875, Dist=[6,0,0], Temp=4.7, Accept=15.4%, Speed=159687/s
[21250000 @ 133.1s] Best=121875, Dist=[6,0,0], Temp=4.7, Accept=15.7%, Speed=159705/s
[21300000 @ 133.4s] Best=121875, Dist=[6,0,0], Temp=4.6, Accept=15.7%, Speed=159720/s
[21350000 @ 133.7s] Best=121875, Dist=[6,0,0], Temp=4.6, Accept=15.5%, Speed=159740/s
[21400000 @ 134.0s] Best=121875, Dist=[6,0,0], Temp=4.6, Accept=15.4%, Speed=159755/s
[21450000 @ 134.3s] Best=121875, Dist=[6,0,0], Temp=4.5, Accept=15.5%, Speed=159774/s
[21500000 @ 134.5s] Best=121875, Dist=[6,0,0], Temp=4.5, Accept=15.5%, Speed=159794/s
[21550000 @ 134.8s] Best=121875, Dist=[6,0,0], Temp=4.4, Accept=15.4%, Speed=159812/s
[21600000 @ 135.1s] Best=121875, Dist=[6,0,0], Temp=4.4, Accept=15.3%, Speed=159831/s
[21650000 @ 135.4s] Best=121875, Dist=[6,0,0], Temp=4.4, Accept=15.6%, Speed=159847/s
[21700000 @ 135.7s] Best=121875, Dist=[6,0,0], Temp=4.3, Accept=15.5%, Speed=159864/s
[21750000 @ 136.0s] Best=121875, Dist=[6,0,0], Temp=4.3, Accept=15.7%, Speed=159881/s
[21800000 @ 136.3s] Best=121875, Dist=[6,0,0], Temp=4.3, Accept=15.7%, Speed=159897/s
[21850000 @ 136.6s] Best=121875, Dist=[6,0,0], Temp=4.2, Accept=15.8%, Speed=159915/s
[21900000 @ 136.9s] Best=121875, Dist=[6,0,0], Temp=4.2, Accept=15.6%, Speed=159933/s
[21950000 @ 137.2s] Best=121875, Dist=[6,0,0], Temp=4.1, Accept=15.7%, Speed=159952/s
[22000000 @ 137.5s] Best=121875, Dist=[6,0,0], Temp=4.1, Accept=15.6%, Speed=159969/s
[22050000 @ 137.8s] Best=121875, Dist=[6,0,0], Temp=4.1, Accept=15.6%, Speed=159985/s
[22100000 @ 138.1s] Best=121875, Dist=[6,0,0], Temp=4.0, Accept=15.4%, Speed=160002/s
[22150000 @ 138.4s] Best=121875, Dist=[6,0,0], Temp=4.0, Accept=15.5%, Speed=160020/s
[22200000 @ 138.7s] Best=121875, Dist=[6,0,0], Temp=4.0, Accept=15.5%, Speed=160039/s
[22250000 @ 139.0s] Best=121875, Dist=[6,0,0], Temp=3.9, Accept=15.7%, Speed=160056/s
[22300000 @ 139.3s] Best=121875, Dist=[6,0,0], Temp=3.9, Accept=15.6%, Speed=160072/s
[22350000 @ 139.6s] Best=121875, Dist=[6,0,0], Temp=3.9, Accept=15.4%, Speed=160087/s
[22400000 @ 139.9s] Best=121875, Dist=[6,0,0], Temp=3.8, Accept=15.6%, Speed=160103/s
[22450000 @ 140.2s] Best=121875, Dist=[6,0,0], Temp=3.8, Accept=15.6%, Speed=160120/s
[22500000 @ 140.5s] Best=121875, Dist=[6,0,0], Temp=3.8, Accept=15.7%, Speed=160138/s
[22550000 @ 140.8s] Best=121875, Dist=[6,0,0], Temp=3.7, Accept=15.6%, Speed=160154/s
[22600000 @ 141.1s] Best=121875, Dist=[6,0,0], Temp=3.7, Accept=15.5%, Speed=160170/s
[22650000 @ 141.4s] Best=121875, Dist=[6,0,0], Temp=3.7, Accept=15.8%, Speed=160184/s
[22700000 @ 141.7s] Best=121875, Dist=[6,0,0], Temp=3.6, Accept=15.6%, Speed=160201/s
[22750000 @ 142.0s] Best=121875, Dist=[6,0,0], Temp=3.6, Accept=15.5%, Speed=160215/s
[22800000 @ 142.3s] Best=121875, Dist=[6,0,0], Temp=3.6, Accept=15.4%, Speed=160232/s
[22850000 @ 142.6s] Best=121875, Dist=[6,0,0], Temp=3.5, Accept=15.5%, Speed=160247/s
[22900000 @ 142.9s] Best=121875, Dist=[6,0,0], Temp=3.5, Accept=15.5%, Speed=160263/s
[22950000 @ 143.2s] Best=121875, Dist=[6,0,0], Temp=3.5, Accept=15.5%, Speed=160280/s
[23000000 @ 143.5s] Best=121875, Dist=[6,0,0], Temp=3.4, Accept=15.6%, Speed=160296/s
[23050000 @ 143.8s] Best=121875, Dist=[6,0,0], Temp=3.4, Accept=15.6%, Speed=160311/s
[23100000 @ 144.1s] Best=121875, Dist=[6,0,0], Temp=3.4, Accept=15.7%, Speed=160324/s
[23150000 @ 144.4s] Best=121875, Dist=[6,0,0], Temp=3.4, Accept=15.3%, Speed=160340/s
[23200000 @ 144.7s] Best=121875, Dist=[6,0,0], Temp=3.3, Accept=15.5%, Speed=160354/s
[23250000 @ 145.0s] Best=121875, Dist=[6,0,0], Temp=3.3, Accept=15.4%, Speed=160371/s
[23300000 @ 145.3s] Best=121875, Dist=[6,0,0], Temp=3.3, Accept=15.6%, Speed=160389/s
[23350000 @ 145.6s] Best=121875, Dist=[6,0,0], Temp=3.2, Accept=15.5%, Speed=160404/s
[23400000 @ 145.9s] Best=121875, Dist=[6,0,0], Temp=3.2, Accept=15.8%, Speed=160419/s
[23450000 @ 146.2s] Best=121875, Dist=[6,0,0], Temp=3.2, Accept=15.5%, Speed=160432/s
[23500000 @ 146.5s] Best=121875, Dist=[6,0,0], Temp=3.2, Accept=15.6%, Speed=160440/s
[23550000 @ 146.8s] Best=121875, Dist=[6,0,0], Temp=3.1, Accept=15.6%, Speed=160456/s
[23600000 @ 147.1s] Best=121875, Dist=[6,0,0], Temp=3.1, Accept=15.8%, Speed=160472/s
[23650000 @ 147.4s] Best=121875, Dist=[6,0,0], Temp=3.1, Accept=15.4%, Speed=160488/s
[23700000 @ 147.7s] Best=121875, Dist=[6,0,0], Temp=3.0, Accept=15.7%, Speed=160504/s
[23750000 @ 148.0s] Best=121875, Dist=[6,0,0], Temp=3.0, Accept=15.4%, Speed=160519/s
[23800000 @ 148.3s] Best=121875, Dist=[6,0,0], Temp=3.0, Accept=15.5%, Speed=160533/s
[23850000 @ 148.6s] Best=121875, Dist=[6,0,0], Temp=3.0, Accept=15.4%, Speed=160549/s
[23900000 @ 148.9s] Best=121875, Dist=[6,0,0], Temp=2.9, Accept=15.5%, Speed=160563/s
[23950000 @ 149.1s] Best=121875, Dist=[6,0,0], Temp=2.9, Accept=15.5%, Speed=160579/s
[24000000 @ 149.4s] Best=121875, Dist=[6,0,0], Temp=2.9, Accept=15.7%, Speed=160593/s
[24050000 @ 149.7s] Best=121875, Dist=[6,0,0], Temp=2.9, Accept=15.5%, Speed=160610/s
[24100000 @ 150.0s] Best=121875, Dist=[6,0,0], Temp=2.8, Accept=15.5%, Speed=160625/s
[24150000 @ 150.3s] Best=121875, Dist=[6,0,0], Temp=2.8, Accept=15.9%, Speed=160637/s
[24200000 @ 150.6s] Best=121875, Dist=[6,0,0], Temp=2.8, Accept=15.2%, Speed=160653/s
[24250000 @ 150.9s] Best=121875, Dist=[6,0,0], Temp=2.8, Accept=15.6%, Speed=160666/s
[24300000 @ 151.2s] Best=121875, Dist=[6,0,0], Temp=2.7, Accept=15.7%, Speed=160680/s
[24350000 @ 151.5s] Best=121875, Dist=[6,0,0], Temp=2.7, Accept=15.5%, Speed=160695/s
[24400000 @ 151.8s] Best=121875, Dist=[6,0,0], Temp=2.7, Accept=15.7%, Speed=160709/s
[24450000 @ 152.1s] Best=121875, Dist=[6,0,0], Temp=2.7, Accept=15.3%, Speed=160723/s
[24500000 @ 152.4s] Best=121875, Dist=[6,0,0], Temp=2.6, Accept=15.6%, Speed=160737/s
[24550000 @ 152.7s] Best=121875, Dist=[6,0,0], Temp=2.6, Accept=15.4%, Speed=160751/s
[24600000 @ 153.0s] Best=121875, Dist=[6,0,0], Temp=2.6, Accept=15.5%, Speed=160764/s
[24650000 @ 153.3s] Best=121875, Dist=[6,0,0], Temp=2.6, Accept=15.3%, Speed=160779/s
[24700000 @ 153.6s] Best=121875, Dist=[6,0,0], Temp=2.5, Accept=15.8%, Speed=160796/s
[24750000 @ 153.9s] Best=121875, Dist=[6,0,0], Temp=2.5, Accept=15.8%, Speed=160811/s
[24800000 @ 154.2s] Best=121875, Dist=[6,0,0], Temp=2.5, Accept=15.7%, Speed=160826/s
[24850000 @ 154.5s] Best=121875, Dist=[6,0,0], Temp=2.5, Accept=15.4%, Speed=160839/s
[24900000 @ 154.8s] Best=121875, Dist=[6,0,0], Temp=2.5, Accept=15.7%, Speed=160854/s
[24950000 @ 155.1s] Best=121875, Dist=[6,0,0], Temp=2.4, Accept=15.5%, Speed=160867/s
[25000000 @ 155.4s] Best=121875, Dist=[6,0,0], Temp=2.4, Accept=15.3%, Speed=160882/s
[25050000 @ 155.7s] Best=121875, Dist=[6,0,0], Temp=2.4, Accept=15.6%, Speed=160896/s
[25100000 @ 156.0s] Best=121875, Dist=[6,0,0], Temp=2.4, Accept=15.7%, Speed=160910/s
[25150000 @ 156.3s] Best=121875, Dist=[6,0,0], Temp=2.4, Accept=15.3%, Speed=160923/s
[25200000 @ 156.6s] Best=121875, Dist=[6,0,0], Temp=2.3, Accept=15.7%, Speed=160934/s
[25250000 @ 156.9s] Best=121875, Dist=[6,0,0], Temp=2.3, Accept=15.2%, Speed=160947/s
[25300000 @ 157.2s] Best=121875, Dist=[6,0,0], Temp=2.3, Accept=15.5%, Speed=160961/s
[25350000 @ 157.5s] Best=121875, Dist=[6,0,0], Temp=2.3, Accept=15.4%, Speed=160974/s
[25400000 @ 157.8s] Best=121875, Dist=[6,0,0], Temp=2.3, Accept=15.5%, Speed=160987/s
[25450000 @ 158.1s] Best=121875, Dist=[6,0,0], Temp=2.2, Accept=15.6%, Speed=161001/s
[25500000 @ 158.4s] Best=121875, Dist=[6,0,0], Temp=2.2, Accept=15.4%, Speed=161014/s
[25550000 @ 158.7s] Best=121875, Dist=[6,0,0], Temp=2.2, Accept=15.6%, Speed=161027/s
[25600000 @ 159.0s] Best=121875, Dist=[6,0,0], Temp=2.2, Accept=15.5%, Speed=161041/s
[25650000 @ 159.3s] Best=121875, Dist=[6,0,0], Temp=2.2, Accept=15.3%, Speed=161054/s
[25700000 @ 159.6s] Best=121875, Dist=[6,0,0], Temp=2.1, Accept=15.7%, Speed=161069/s
[25750000 @ 159.9s] Best=121875, Dist=[6,0,0], Temp=2.1, Accept=15.5%, Speed=161082/s
[25800000 @ 160.2s] Best=121875, Dist=[6,0,0], Temp=2.1, Accept=16.0%, Speed=161096/s
[25850000 @ 160.5s] Best=121875, Dist=[6,0,0], Temp=2.1, Accept=15.6%, Speed=161109/s
[25900000 @ 160.7s] Best=121875, Dist=[6,0,0], Temp=2.1, Accept=15.7%, Speed=161122/s
[25950000 @ 161.0s] Best=121875, Dist=[6,0,0], Temp=2.0, Accept=15.7%, Speed=161133/s
[26000000 @ 161.3s] Best=121875, Dist=[6,0,0], Temp=2.0, Accept=15.4%, Speed=161143/s
[26050000 @ 161.6s] Best=121875, Dist=[6,0,0], Temp=2.0, Accept=15.6%, Speed=161156/s
[26100000 @ 161.9s] Best=121875, Dist=[6,0,0], Temp=2.0, Accept=15.6%, Speed=161171/s
[26150000 @ 162.2s] Best=121875, Dist=[6,0,0], Temp=2.0, Accept=15.5%, Speed=161185/s
[26200000 @ 162.5s] Best=121875, Dist=[6,0,0], Temp=2.0, Accept=15.5%, Speed=161197/s
[26250000 @ 162.8s] Best=121875, Dist=[6,0,0], Temp=1.9, Accept=15.6%, Speed=161210/s
[26300000 @ 163.1s] Best=121875, Dist=[6,0,0], Temp=1.9, Accept=15.7%, Speed=161221/s
[26350000 @ 163.4s] Best=121875, Dist=[6,0,0], Temp=1.9, Accept=15.9%, Speed=161235/s
[26400000 @ 163.7s] Best=121875, Dist=[6,0,0], Temp=1.9, Accept=15.5%, Speed=161247/s
[26450000 @ 164.0s] Best=121875, Dist=[6,0,0], Temp=1.9, Accept=15.8%, Speed=161261/s
[26500000 @ 164.3s] Best=121875, Dist=[6,0,0], Temp=1.9, Accept=15.7%, Speed=161272/s
[26550000 @ 164.6s] Best=121875, Dist=[6,0,0], Temp=1.8, Accept=15.5%, Speed=161278/s
[26600000 @ 164.9s] Best=121875, Dist=[6,0,0], Temp=1.8, Accept=15.6%, Speed=161289/s
[26650000 @ 165.2s] Best=121875, Dist=[6,0,0], Temp=1.8, Accept=15.6%, Speed=161300/s
[26700000 @ 165.5s] Best=121875, Dist=[6,0,0], Temp=1.8, Accept=15.7%, Speed=161314/s
[26750000 @ 165.8s] Best=121875, Dist=[6,0,0], Temp=1.8, Accept=15.5%, Speed=161325/s
[26800000 @ 166.1s] Best=121875, Dist=[6,0,0], Temp=1.8, Accept=15.5%, Speed=161338/s
[26850000 @ 166.4s] Best=121875, Dist=[6,0,0], Temp=1.7, Accept=15.8%, Speed=161349/s
[26900000 @ 166.7s] Best=121875, Dist=[6,0,0], Temp=1.7, Accept=15.5%, Speed=161359/s
[26950000 @ 167.0s] Best=121875, Dist=[6,0,0], Temp=1.7, Accept=15.5%, Speed=161363/s
[27000000 @ 167.3s] Best=121875, Dist=[6,0,0], Temp=1.7, Accept=15.4%, Speed=161370/s
[27050000 @ 167.6s] Best=121875, Dist=[6,0,0], Temp=1.7, Accept=15.8%, Speed=161382/s
[27100000 @ 167.9s] Best=121875, Dist=[6,0,0], Temp=1.7, Accept=16.0%, Speed=161395/s
[27150000 @ 168.2s] Best=121875, Dist=[6,0,0], Temp=1.7, Accept=15.2%, Speed=161408/s
[27200000 @ 168.5s] Best=121875, Dist=[6,0,0], Temp=1.6, Accept=15.7%, Speed=161414/s
[27250000 @ 168.8s] Best=121875, Dist=[6,0,0], Temp=1.6, Accept=15.6%, Speed=161417/s
[27300000 @ 169.1s] Best=121875, Dist=[6,0,0], Temp=1.6, Accept=15.6%, Speed=161421/s
[27350000 @ 169.4s] Best=121875, Dist=[6,0,0], Temp=1.6, Accept=15.5%, Speed=161425/s
[27400000 @ 169.7s] Best=121875, Dist=[6,0,0], Temp=1.6, Accept=15.5%, Speed=161433/s
[27450000 @ 170.0s] Best=121875, Dist=[6,0,0], Temp=1.6, Accept=15.5%, Speed=161439/s
[27500000 @ 170.3s] Best=121875, Dist=[6,0,0], Temp=1.6, Accept=15.5%, Speed=161447/s
[27550000 @ 170.6s] Best=121875, Dist=[6,0,0], Temp=1.5, Accept=15.5%, Speed=161456/s
[27600000 @ 170.9s] Best=121875, Dist=[6,0,0], Temp=1.5, Accept=15.8%, Speed=161458/s
[27650000 @ 171.2s] Best=121875, Dist=[6,0,0], Temp=1.5, Accept=15.8%, Speed=161461/s
[27700000 @ 171.6s] Best=121875, Dist=[6,0,0], Temp=1.5, Accept=15.8%, Speed=161463/s
[27750000 @ 171.9s] Best=121875, Dist=[6,0,0], Temp=1.5, Accept=15.6%, Speed=161463/s
[27800000 @ 172.2s] Best=121875, Dist=[6,0,0], Temp=1.5, Accept=15.4%, Speed=161468/s
[27850000 @ 172.5s] Best=121875, Dist=[6,0,0], Temp=1.5, Accept=15.8%, Speed=161475/s
[27900000 @ 172.8s] Best=121875, Dist=[6,0,0], Temp=1.4, Accept=15.8%, Speed=161484/s
[27950000 @ 173.1s] Best=121875, Dist=[6,0,0], Temp=1.4, Accept=15.5%, Speed=161490/s
[28000000 @ 173.4s] Best=121875, Dist=[6,0,0], Temp=1.4, Accept=15.4%, Speed=161496/s
[28050000 @ 173.7s] Best=121875, Dist=[6,0,0], Temp=1.4, Accept=15.5%, Speed=161501/s
[28100000 @ 174.0s] Best=121875, Dist=[6,0,0], Temp=1.4, Accept=15.7%, Speed=161511/s
[28150000 @ 174.3s] Best=121875, Dist=[6,0,0], Temp=1.4, Accept=15.7%, Speed=161518/s
[28200000 @ 174.6s] Best=121875, Dist=[6,0,0], Temp=1.4, Accept=15.7%, Speed=161529/s
[28250000 @ 174.9s] Best=121875, Dist=[6,0,0], Temp=1.4, Accept=15.3%, Speed=161541/s
[28300000 @ 175.2s] Best=121875, Dist=[6,0,0], Temp=1.4, Accept=15.7%, Speed=161555/s
[28350000 @ 175.5s] Best=121875, Dist=[6,0,0], Temp=1.3, Accept=15.9%, Speed=161565/s
[28400000 @ 175.8s] Best=121875, Dist=[6,0,0], Temp=1.3, Accept=15.6%, Speed=161575/s
[28450000 @ 176.1s] Best=121875, Dist=[6,0,0], Temp=1.3, Accept=15.7%, Speed=161585/s
[28500000 @ 176.4s] Best=121875, Dist=[6,0,0], Temp=1.3, Accept=15.7%, Speed=161596/s
[28550000 @ 176.7s] Best=121875, Dist=[6,0,0], Temp=1.3, Accept=15.6%, Speed=161605/s
[28600000 @ 177.0s] Best=121875, Dist=[6,0,0], Temp=1.3, Accept=15.8%, Speed=161617/s
[28650000 @ 177.3s] Best=121875, Dist=[6,0,0], Temp=1.3, Accept=15.4%, Speed=161626/s
[28700000 @ 177.6s] Best=121875, Dist=[6,0,0], Temp=1.3, Accept=15.5%, Speed=161634/s
[28750000 @ 177.9s] Best=121875, Dist=[6,0,0], Temp=1.2, Accept=15.6%, Speed=161644/s
[28800000 @ 178.2s] Best=121875, Dist=[6,0,0], Temp=1.2, Accept=15.3%, Speed=161655/s
[28850000 @ 178.5s] Best=121875, Dist=[6,0,0], Temp=1.2, Accept=15.2%, Speed=161665/s
[28900000 @ 178.8s] Best=121875, Dist=[6,0,0], Temp=1.2, Accept=15.8%, Speed=161677/s
[28950000 @ 179.0s] Best=121875, Dist=[6,0,0], Temp=1.2, Accept=15.6%, Speed=161688/s
[29000000 @ 179.3s] Best=121875, Dist=[6,0,0], Temp=1.2, Accept=15.7%, Speed=161700/s
[29050000 @ 179.6s] Best=121875, Dist=[6,0,0], Temp=1.2, Accept=15.5%, Speed=161709/s
[29100000 @ 179.9s] Best=121875, Dist=[6,0,0], Temp=1.2, Accept=15.7%, Speed=161716/s
[29150000 @ 180.2s] Best=121875, Dist=[6,0,0], Temp=1.2, Accept=15.4%, Speed=161725/s
[29200000 @ 180.6s] Best=121875, Dist=[6,0,0], Temp=1.2, Accept=15.5%, Speed=161725/s
[29250000 @ 180.9s] Best=121875, Dist=[6,0,0], Temp=1.1, Accept=15.5%, Speed=161734/s
[29300000 @ 181.2s] Best=121875, Dist=[6,0,0], Temp=1.1, Accept=15.7%, Speed=161744/s
[29350000 @ 181.5s] Best=121875, Dist=[6,0,0], Temp=1.1, Accept=15.3%, Speed=161751/s
[29400000 @ 181.8s] Best=121875, Dist=[6,0,0], Temp=1.1, Accept=15.6%, Speed=161730/s
[29450000 @ 182.1s] Best=121875, Dist=[6,0,0], Temp=1.1, Accept=15.6%, Speed=161734/s
[29500000 @ 182.4s] Best=121875, Dist=[6,0,0], Temp=1.1, Accept=15.3%, Speed=161745/s
[29550000 @ 182.7s] Best=121875, Dist=[6,0,0], Temp=1.1, Accept=15.6%, Speed=161750/s
[29600000 @ 183.0s] Best=121875, Dist=[6,0,0], Temp=1.1, Accept=15.7%, Speed=161757/s
[29650000 @ 183.3s] Best=121875, Dist=[6,0,0], Temp=1.1, Accept=15.9%, Speed=161756/s
[29700000 @ 183.6s] Best=121875, Dist=[6,0,0], Temp=1.1, Accept=15.4%, Speed=161767/s
[29750000 @ 183.9s] Best=121875, Dist=[6,0,0], Temp=1.0, Accept=15.5%, Speed=161777/s
[29800000 @ 184.2s] Best=121875, Dist=[6,0,0], Temp=1.0, Accept=15.6%, Speed=161788/s
[29850000 @ 184.5s] Best=121875, Dist=[6,0,0], Temp=1.0, Accept=15.4%, Speed=161797/s
[29900000 @ 184.8s] Best=121875, Dist=[6,0,0], Temp=1.0, Accept=15.4%, Speed=161786/s
[29950000 @ 185.2s] Best=121875, Dist=[6,0,0], Temp=1.0, Accept=15.5%, Speed=161680/s
[30000000 @ 185.6s] Best=121875, Dist=[6,0,0], Temp=1.0, Accept=15.5%, Speed=161663/s

╔══════════════════════════════════════════════╗
║              OPTIMIZATION COMPLETE!          ║
╚══════════════════════════════════════════════╝

Time: 185.57s (30000000 iterations @ 161663 it/s)
BEST SCORE: 121875
Distances: [6,0,0] Total=6
Budget: $200 / $200
✓ Saved to movements_v3_long.txt

✅ Verify: java TestSolution starting_simple.txt movements_v3_long.txt
